        -:    0:Source:/Applications/Xcode.app/Contents/Developer/Toolchains/XcodeDefault.xctoolchain/usr/bin/../include/c++/v1/memory
        -:    0:Graph:LogMgr.gcno
        -:    0:Data:LogMgr.gcda
        -:    0:Runs:6
        -:    0:Programs:1
        -:    1:// -*- C++ -*-
        -:    2://===-------------------------- memory ------------------------------------===//
        -:    3://
        -:    4://                     The LLVM Compiler Infrastructure
        -:    5://
        -:    6:// This file is dual licensed under the MIT and the University of Illinois Open
        -:    7:// Source Licenses. See LICENSE.TXT for details.
        -:    8://
        -:    9://===----------------------------------------------------------------------===//
        -:   10:
        -:   11:#ifndef _LIBCPP_MEMORY
        -:   12:#define _LIBCPP_MEMORY
        -:   13:
        -:   14:/*
        -:   15:    memory synopsis
        -:   16:
        -:   17:namespace std
        -:   18:{
        -:   19:
        -:   20:struct allocator_arg_t { };
        -:   21:constexpr allocator_arg_t allocator_arg = allocator_arg_t();
        -:   22:
        -:   23:template <class T, class Alloc> struct uses_allocator;
        -:   24:
        -:   25:template <class Ptr>
        -:   26:struct pointer_traits
        -:   27:{
        -:   28:    typedef Ptr pointer;
        -:   29:    typedef <details> element_type;
        -:   30:    typedef <details> difference_type;
        -:   31:
        -:   32:    template <class U> using rebind = <details>;
        -:   33:
        -:   34:    static pointer pointer_to(<details>);
        -:   35:};
        -:   36:
        -:   37:template <class T>
        -:   38:struct pointer_traits<T*>
        -:   39:{
        -:   40:    typedef T* pointer;
        -:   41:    typedef T element_type;
        -:   42:    typedef ptrdiff_t difference_type;
        -:   43:
        -:   44:    template <class U> using rebind = U*;
        -:   45:
        -:   46:    static pointer pointer_to(<details>) noexcept;
        -:   47:};
        -:   48:
        -:   49:template <class Alloc>
        -:   50:struct allocator_traits
        -:   51:{
        -:   52:    typedef Alloc                        allocator_type;
        -:   53:    typedef typename allocator_type::value_type
        -:   54:                                         value_type;
        -:   55:
        -:   56:    typedef Alloc::pointer | value_type* pointer;
        -:   57:    typedef Alloc::const_pointer
        -:   58:          | pointer_traits<pointer>::rebind<const value_type>
        -:   59:                                         const_pointer;
        -:   60:    typedef Alloc::void_pointer
        -:   61:          | pointer_traits<pointer>::rebind<void>
        -:   62:                                         void_pointer;
        -:   63:    typedef Alloc::const_void_pointer
        -:   64:          | pointer_traits<pointer>::rebind<const void>
        -:   65:                                         const_void_pointer;
        -:   66:    typedef Alloc::difference_type
        -:   67:          | pointer_traits<pointer>::difference_type
        -:   68:                                         difference_type;
        -:   69:    typedef Alloc::size_type
        -:   70:          | make_unsigned<difference_type>::type
        -:   71:                                         size_type;
        -:   72:    typedef Alloc::propagate_on_container_copy_assignment
        -:   73:          | false_type                   propagate_on_container_copy_assignment;
        -:   74:    typedef Alloc::propagate_on_container_move_assignment
        -:   75:          | false_type                   propagate_on_container_move_assignment;
        -:   76:    typedef Alloc::propagate_on_container_swap
        -:   77:          | false_type                   propagate_on_container_swap;
        -:   78:    typedef Alloc::is_always_equal
        -:   79:          | is_empty                     is_always_equal;
        -:   80:
        -:   81:    template <class T> using rebind_alloc  = Alloc::rebind<U>::other | Alloc<T, Args...>;
        -:   82:    template <class T> using rebind_traits = allocator_traits<rebind_alloc<T>>;
        -:   83:
        -:   84:    static pointer allocate(allocator_type& a, size_type n);
        -:   85:    static pointer allocate(allocator_type& a, size_type n, const_void_pointer hint);
        -:   86:
        -:   87:    static void deallocate(allocator_type& a, pointer p, size_type n) noexcept;
        -:   88:
        -:   89:    template <class T, class... Args>
        -:   90:        static void construct(allocator_type& a, T* p, Args&&... args);
        -:   91:
        -:   92:    template <class T>
        -:   93:        static void destroy(allocator_type& a, T* p);
        -:   94:
        -:   95:    static size_type max_size(const allocator_type& a); // noexcept in C++14
        -:   96:
        -:   97:    static allocator_type
        -:   98:        select_on_container_copy_construction(const allocator_type& a);
        -:   99:};
        -:  100:
        -:  101:template <>
        -:  102:class allocator<void>
        -:  103:{
        -:  104:public:
        -:  105:    typedef void*                                 pointer;
        -:  106:    typedef const void*                           const_pointer;
        -:  107:    typedef void                                  value_type;
        -:  108:
        -:  109:    template <class _Up> struct rebind {typedef allocator<_Up> other;};
        -:  110:};
        -:  111:
        -:  112:template <class T>
        -:  113:class allocator
        -:  114:{
        -:  115:public:
        -:  116:    typedef size_t                                size_type;
        -:  117:    typedef ptrdiff_t                             difference_type;
        -:  118:    typedef T*                                    pointer;
        -:  119:    typedef const T*                              const_pointer;
        -:  120:    typedef typename add_lvalue_reference<T>::type       reference;
        -:  121:    typedef typename add_lvalue_reference<const T>::type const_reference;
        -:  122:    typedef T                                     value_type;
        -:  123:
        -:  124:    template <class U> struct rebind {typedef allocator<U> other;};
        -:  125:
        -:  126:    allocator() noexcept;
        -:  127:    allocator(const allocator&) noexcept;
        -:  128:    template <class U> allocator(const allocator<U>&) noexcept;
        -:  129:    ~allocator();
        -:  130:    pointer address(reference x) const noexcept;
        -:  131:    const_pointer address(const_reference x) const noexcept;
        -:  132:    pointer allocate(size_type, allocator<void>::const_pointer hint = 0);
        -:  133:    void deallocate(pointer p, size_type n) noexcept;
        -:  134:    size_type max_size() const noexcept;
        -:  135:    template<class U, class... Args>
        -:  136:        void construct(U* p, Args&&... args);
        -:  137:    template <class U>
        -:  138:        void destroy(U* p);
        -:  139:};
        -:  140:
        -:  141:template <class T, class U>
        -:  142:bool operator==(const allocator<T>&, const allocator<U>&) noexcept;
        -:  143:
        -:  144:template <class T, class U>
        -:  145:bool operator!=(const allocator<T>&, const allocator<U>&) noexcept;
        -:  146:
        -:  147:template <class OutputIterator, class T>
        -:  148:class raw_storage_iterator
        -:  149:    : public iterator<output_iterator_tag,
        -:  150:                      T,                               // purposefully not C++03
        -:  151:                      ptrdiff_t,                       // purposefully not C++03
        -:  152:                      T*,                              // purposefully not C++03
        -:  153:                      raw_storage_iterator&>           // purposefully not C++03
        -:  154:{
        -:  155:public:
        -:  156:    explicit raw_storage_iterator(OutputIterator x);
        -:  157:    raw_storage_iterator& operator*();
        -:  158:    raw_storage_iterator& operator=(const T& element);
        -:  159:    raw_storage_iterator& operator++();
        -:  160:    raw_storage_iterator  operator++(int);
        -:  161:};
        -:  162:
        -:  163:template <class T> pair<T*,ptrdiff_t> get_temporary_buffer(ptrdiff_t n) noexcept;
        -:  164:template <class T> void               return_temporary_buffer(T* p) noexcept;
        -:  165:
        -:  166:template <class T> T* addressof(T& r) noexcept;
        -:  167:
        -:  168:template <class InputIterator, class ForwardIterator>
        -:  169:ForwardIterator
        -:  170:uninitialized_copy(InputIterator first, InputIterator last, ForwardIterator result);
        -:  171:
        -:  172:template <class InputIterator, class Size, class ForwardIterator>
        -:  173:ForwardIterator
        -:  174:uninitialized_copy_n(InputIterator first, Size n, ForwardIterator result);
        -:  175:
        -:  176:template <class ForwardIterator, class T>
        -:  177:void uninitialized_fill(ForwardIterator first, ForwardIterator last, const T& x);
        -:  178:
        -:  179:template <class ForwardIterator, class Size, class T>
        -:  180:ForwardIterator
        -:  181:uninitialized_fill_n(ForwardIterator first, Size n, const T& x);
        -:  182:
        -:  183:template <class Y> struct auto_ptr_ref {};
        -:  184:
        -:  185:template<class X>
        -:  186:class auto_ptr
        -:  187:{
        -:  188:public:
        -:  189:    typedef X element_type;
        -:  190:
        -:  191:    explicit auto_ptr(X* p =0) throw();
        -:  192:    auto_ptr(auto_ptr&) throw();
        -:  193:    template<class Y> auto_ptr(auto_ptr<Y>&) throw();
        -:  194:    auto_ptr& operator=(auto_ptr&) throw();
        -:  195:    template<class Y> auto_ptr& operator=(auto_ptr<Y>&) throw();
        -:  196:    auto_ptr& operator=(auto_ptr_ref<X> r) throw();
        -:  197:    ~auto_ptr() throw();
        -:  198:
        -:  199:    typename add_lvalue_reference<X>::type operator*() const throw();
        -:  200:    X* operator->() const throw();
        -:  201:    X* get() const throw();
        -:  202:    X* release() throw();
        -:  203:    void reset(X* p =0) throw();
        -:  204:
        -:  205:    auto_ptr(auto_ptr_ref<X>) throw();
        -:  206:    template<class Y> operator auto_ptr_ref<Y>() throw();
        -:  207:    template<class Y> operator auto_ptr<Y>() throw();
        -:  208:};
        -:  209:
        -:  210:template <class T>
        -:  211:struct default_delete
        -:  212:{
        -:  213:    constexpr default_delete() noexcept = default;
        -:  214:    template <class U> default_delete(const default_delete<U>&) noexcept;
        -:  215:
        -:  216:    void operator()(T*) const noexcept;
        -:  217:};
        -:  218:
        -:  219:template <class T>
        -:  220:struct default_delete<T[]>
        -:  221:{
        -:  222:    constexpr default_delete() noexcept = default;
        -:  223:    void operator()(T*) const noexcept;
        -:  224:    template <class U> void operator()(U*) const = delete;
        -:  225:};
        -:  226:
        -:  227:template <class T, class D = default_delete<T>>
        -:  228:class unique_ptr
        -:  229:{
        -:  230:public:
        -:  231:    typedef see below pointer;
        -:  232:    typedef T element_type;
        -:  233:    typedef D deleter_type;
        -:  234:
        -:  235:    // constructors
        -:  236:    constexpr unique_ptr() noexcept;
        -:  237:    explicit unique_ptr(pointer p) noexcept;
        -:  238:    unique_ptr(pointer p, see below d1) noexcept;
        -:  239:    unique_ptr(pointer p, see below d2) noexcept;
        -:  240:    unique_ptr(unique_ptr&& u) noexcept;
        -:  241:    unique_ptr(nullptr_t) noexcept : unique_ptr() { }
        -:  242:    template <class U, class E>
        -:  243:        unique_ptr(unique_ptr<U, E>&& u) noexcept;
        -:  244:    template <class U>
        -:  245:        unique_ptr(auto_ptr<U>&& u) noexcept;
        -:  246:
        -:  247:    // destructor
        -:  248:    ~unique_ptr();
        -:  249:
        -:  250:    // assignment
        -:  251:    unique_ptr& operator=(unique_ptr&& u) noexcept;
        -:  252:    template <class U, class E> unique_ptr& operator=(unique_ptr<U, E>&& u) noexcept;
        -:  253:    unique_ptr& operator=(nullptr_t) noexcept;
        -:  254:
        -:  255:    // observers
        -:  256:    typename add_lvalue_reference<T>::type operator*() const;
        -:  257:    pointer operator->() const noexcept;
        -:  258:    pointer get() const noexcept;
        -:  259:    deleter_type& get_deleter() noexcept;
        -:  260:    const deleter_type& get_deleter() const noexcept;
        -:  261:    explicit operator bool() const noexcept;
        -:  262:
        -:  263:    // modifiers
        -:  264:    pointer release() noexcept;
        -:  265:    void reset(pointer p = pointer()) noexcept;
        -:  266:    void swap(unique_ptr& u) noexcept;
        -:  267:};
        -:  268:
        -:  269:template <class T, class D>
        -:  270:class unique_ptr<T[], D>
        -:  271:{
        -:  272:public:
        -:  273:    typedef implementation-defined pointer;
        -:  274:    typedef T element_type;
        -:  275:    typedef D deleter_type;
        -:  276:
        -:  277:    // constructors
        -:  278:    constexpr unique_ptr() noexcept;
        -:  279:    explicit unique_ptr(pointer p) noexcept;
        -:  280:    unique_ptr(pointer p, see below d) noexcept;
        -:  281:    unique_ptr(pointer p, see below d) noexcept;
        -:  282:    unique_ptr(unique_ptr&& u) noexcept;
        -:  283:    unique_ptr(nullptr_t) noexcept : unique_ptr() { }
        -:  284:
        -:  285:    // destructor
        -:  286:    ~unique_ptr();
        -:  287:
        -:  288:    // assignment
        -:  289:    unique_ptr& operator=(unique_ptr&& u) noexcept;
        -:  290:    unique_ptr& operator=(nullptr_t) noexcept;
        -:  291:
        -:  292:    // observers
        -:  293:    T& operator[](size_t i) const;
        -:  294:    pointer get() const noexcept;
        -:  295:    deleter_type& get_deleter() noexcept;
        -:  296:    const deleter_type& get_deleter() const noexcept;
        -:  297:    explicit operator bool() const noexcept;
        -:  298:
        -:  299:    // modifiers
        -:  300:    pointer release() noexcept;
        -:  301:    void reset(pointer p = pointer()) noexcept;
        -:  302:    void reset(nullptr_t) noexcept;
        -:  303:    template <class U> void reset(U) = delete;
        -:  304:    void swap(unique_ptr& u) noexcept;
        -:  305:};
        -:  306:
        -:  307:template <class T, class D>
        -:  308:    void swap(unique_ptr<T, D>& x, unique_ptr<T, D>& y) noexcept;
        -:  309:
        -:  310:template <class T1, class D1, class T2, class D2>
        -:  311:    bool operator==(const unique_ptr<T1, D1>& x, const unique_ptr<T2, D2>& y);
        -:  312:template <class T1, class D1, class T2, class D2>
        -:  313:    bool operator!=(const unique_ptr<T1, D1>& x, const unique_ptr<T2, D2>& y);
        -:  314:template <class T1, class D1, class T2, class D2>
        -:  315:    bool operator<(const unique_ptr<T1, D1>& x, const unique_ptr<T2, D2>& y);
        -:  316:template <class T1, class D1, class T2, class D2>
        -:  317:    bool operator<=(const unique_ptr<T1, D1>& x, const unique_ptr<T2, D2>& y);
        -:  318:template <class T1, class D1, class T2, class D2>
        -:  319:    bool operator>(const unique_ptr<T1, D1>& x, const unique_ptr<T2, D2>& y);
        -:  320:template <class T1, class D1, class T2, class D2>
        -:  321:    bool operator>=(const unique_ptr<T1, D1>& x, const unique_ptr<T2, D2>& y);
        -:  322:
        -:  323:template <class T, class D>
        -:  324:    bool operator==(const unique_ptr<T, D>& x, nullptr_t) noexcept;
        -:  325:template <class T, class D>
        -:  326:    bool operator==(nullptr_t, const unique_ptr<T, D>& y) noexcept;
        -:  327:template <class T, class D>
        -:  328:    bool operator!=(const unique_ptr<T, D>& x, nullptr_t) noexcept;
        -:  329:template <class T, class D>
        -:  330:    bool operator!=(nullptr_t, const unique_ptr<T, D>& y) noexcept;
        -:  331:
        -:  332:template <class T, class D>
        -:  333:    bool operator<(const unique_ptr<T, D>& x, nullptr_t);
        -:  334:template <class T, class D>
        -:  335:    bool operator<(nullptr_t, const unique_ptr<T, D>& y);
        -:  336:template <class T, class D>
        -:  337:    bool operator<=(const unique_ptr<T, D>& x, nullptr_t);
        -:  338:template <class T, class D>
        -:  339:    bool operator<=(nullptr_t, const unique_ptr<T, D>& y);
        -:  340:template <class T, class D>
        -:  341:    bool operator>(const unique_ptr<T, D>& x, nullptr_t);
        -:  342:template <class T, class D>
        -:  343:    bool operator>(nullptr_t, const unique_ptr<T, D>& y);
        -:  344:template <class T, class D>
        -:  345:    bool operator>=(const unique_ptr<T, D>& x, nullptr_t);
        -:  346:template <class T, class D>
        -:  347:    bool operator>=(nullptr_t, const unique_ptr<T, D>& y);
        -:  348:
        -:  349:class bad_weak_ptr
        -:  350:    : public std::exception
        -:  351:{
        -:  352:    bad_weak_ptr() noexcept;
        -:  353:};
        -:  354:
        -:  355:template<class T, class... Args> unique_ptr<T> make_unique(Args&&... args);     // C++14
        -:  356:template<class T>                unique_ptr<T> make_unique(size_t n);           // C++14
        -:  357:template<class T, class... Args> unspecified   make_unique(Args&&...) = delete; // C++14, T == U[N]
        -:  358:
        -:  359:template<class T>
        -:  360:class shared_ptr
        -:  361:{
        -:  362:public:
        -:  363:    typedef T element_type;
        -:  364:
        -:  365:    // constructors:
        -:  366:    constexpr shared_ptr() noexcept;
        -:  367:    template<class Y> explicit shared_ptr(Y* p);
        -:  368:    template<class Y, class D> shared_ptr(Y* p, D d);
        -:  369:    template<class Y, class D, class A> shared_ptr(Y* p, D d, A a);
        -:  370:    template <class D> shared_ptr(nullptr_t p, D d);
        -:  371:    template <class D, class A> shared_ptr(nullptr_t p, D d, A a);
        -:  372:    template<class Y> shared_ptr(const shared_ptr<Y>& r, T *p) noexcept;
        -:  373:    shared_ptr(const shared_ptr& r) noexcept;
        -:  374:    template<class Y> shared_ptr(const shared_ptr<Y>& r) noexcept;
        -:  375:    shared_ptr(shared_ptr&& r) noexcept;
        -:  376:    template<class Y> shared_ptr(shared_ptr<Y>&& r) noexcept;
        -:  377:    template<class Y> explicit shared_ptr(const weak_ptr<Y>& r);
        -:  378:    template<class Y> shared_ptr(auto_ptr<Y>&& r);
        -:  379:    template <class Y, class D> shared_ptr(unique_ptr<Y, D>&& r);
        -:  380:    shared_ptr(nullptr_t) : shared_ptr() { }
        -:  381:
        -:  382:    // destructor:
        -:  383:    ~shared_ptr();
        -:  384:
        -:  385:    // assignment:
        -:  386:    shared_ptr& operator=(const shared_ptr& r) noexcept;
        -:  387:    template<class Y> shared_ptr& operator=(const shared_ptr<Y>& r) noexcept;
        -:  388:    shared_ptr& operator=(shared_ptr&& r) noexcept;
        -:  389:    template<class Y> shared_ptr& operator=(shared_ptr<Y>&& r);
        -:  390:    template<class Y> shared_ptr& operator=(auto_ptr<Y>&& r);
        -:  391:    template <class Y, class D> shared_ptr& operator=(unique_ptr<Y, D>&& r);
        -:  392:
        -:  393:    // modifiers:
        -:  394:    void swap(shared_ptr& r) noexcept;
        -:  395:    void reset() noexcept;
        -:  396:    template<class Y> void reset(Y* p);
        -:  397:    template<class Y, class D> void reset(Y* p, D d);
        -:  398:    template<class Y, class D, class A> void reset(Y* p, D d, A a);
        -:  399:
        -:  400:    // observers:
        -:  401:    T* get() const noexcept;
        -:  402:    T& operator*() const noexcept;
        -:  403:    T* operator->() const noexcept;
        -:  404:    long use_count() const noexcept;
        -:  405:    bool unique() const noexcept;
        -:  406:    explicit operator bool() const noexcept;
        -:  407:    template<class U> bool owner_before(shared_ptr<U> const& b) const;
        -:  408:    template<class U> bool owner_before(weak_ptr<U> const& b) const;
        -:  409:};
        -:  410:
        -:  411:// shared_ptr comparisons:
        -:  412:template<class T, class U>
        -:  413:    bool operator==(shared_ptr<T> const& a, shared_ptr<U> const& b) noexcept;
        -:  414:template<class T, class U>
        -:  415:    bool operator!=(shared_ptr<T> const& a, shared_ptr<U> const& b) noexcept;
        -:  416:template<class T, class U>
        -:  417:    bool operator<(shared_ptr<T> const& a, shared_ptr<U> const& b) noexcept;
        -:  418:template<class T, class U>
        -:  419:    bool operator>(shared_ptr<T> const& a, shared_ptr<U> const& b) noexcept;
        -:  420:template<class T, class U>
        -:  421:    bool operator<=(shared_ptr<T> const& a, shared_ptr<U> const& b) noexcept;
        -:  422:template<class T, class U>
        -:  423:    bool operator>=(shared_ptr<T> const& a, shared_ptr<U> const& b) noexcept;
        -:  424:
        -:  425:template <class T>
        -:  426:    bool operator==(const shared_ptr<T>& x, nullptr_t) noexcept;
        -:  427:template <class T>
        -:  428:    bool operator==(nullptr_t, const shared_ptr<T>& y) noexcept;
        -:  429:template <class T>
        -:  430:    bool operator!=(const shared_ptr<T>& x, nullptr_t) noexcept;
        -:  431:template <class T>
        -:  432:    bool operator!=(nullptr_t, const shared_ptr<T>& y) noexcept;
        -:  433:template <class T>
        -:  434:    bool operator<(const shared_ptr<T>& x, nullptr_t) noexcept;
        -:  435:template <class T>
        -:  436:bool operator<(nullptr_t, const shared_ptr<T>& y) noexcept;
        -:  437:template <class T>
        -:  438:    bool operator<=(const shared_ptr<T>& x, nullptr_t) noexcept;
        -:  439:template <class T>
        -:  440:    bool operator<=(nullptr_t, const shared_ptr<T>& y) noexcept;
        -:  441:template <class T>
        -:  442:    bool operator>(const shared_ptr<T>& x, nullptr_t) noexcept;
        -:  443:template <class T>
        -:  444:    bool operator>(nullptr_t, const shared_ptr<T>& y) noexcept;
        -:  445:template <class T>
        -:  446:    bool operator>=(const shared_ptr<T>& x, nullptr_t) noexcept;
        -:  447:template <class T>
        -:  448:    bool operator>=(nullptr_t, const shared_ptr<T>& y) noexcept;
        -:  449:
        -:  450:// shared_ptr specialized algorithms:
        -:  451:template<class T> void swap(shared_ptr<T>& a, shared_ptr<T>& b) noexcept;
        -:  452:
        -:  453:// shared_ptr casts:
        -:  454:template<class T, class U>
        -:  455:    shared_ptr<T> static_pointer_cast(shared_ptr<U> const& r) noexcept;
        -:  456:template<class T, class U>
        -:  457:    shared_ptr<T> dynamic_pointer_cast(shared_ptr<U> const& r) noexcept;
        -:  458:template<class T, class U>
        -:  459:    shared_ptr<T> const_pointer_cast(shared_ptr<U> const& r) noexcept;
        -:  460:
        -:  461:// shared_ptr I/O:
        -:  462:template<class E, class T, class Y>
        -:  463:    basic_ostream<E, T>& operator<< (basic_ostream<E, T>& os, shared_ptr<Y> const& p);
        -:  464:
        -:  465:// shared_ptr get_deleter:
        -:  466:template<class D, class T> D* get_deleter(shared_ptr<T> const& p) noexcept;
        -:  467:
        -:  468:template<class T, class... Args>
        -:  469:    shared_ptr<T> make_shared(Args&&... args);
        -:  470:template<class T, class A, class... Args>
        -:  471:    shared_ptr<T> allocate_shared(const A& a, Args&&... args);
        -:  472:
        -:  473:template<class T>
        -:  474:class weak_ptr
        -:  475:{
        -:  476:public:
        -:  477:    typedef T element_type;
        -:  478:
        -:  479:    // constructors
        -:  480:    constexpr weak_ptr() noexcept;
        -:  481:    template<class Y> weak_ptr(shared_ptr<Y> const& r) noexcept;
        -:  482:    weak_ptr(weak_ptr const& r) noexcept;
        -:  483:    template<class Y> weak_ptr(weak_ptr<Y> const& r) noexcept;
        -:  484:    weak_ptr(weak_ptr&& r) noexcept;                      // C++14
        -:  485:    template<class Y> weak_ptr(weak_ptr<Y>&& r) noexcept; // C++14
        -:  486:
        -:  487:    // destructor
        -:  488:    ~weak_ptr();
        -:  489:
        -:  490:    // assignment
        -:  491:    weak_ptr& operator=(weak_ptr const& r) noexcept;
        -:  492:    template<class Y> weak_ptr& operator=(weak_ptr<Y> const& r) noexcept;
        -:  493:    template<class Y> weak_ptr& operator=(shared_ptr<Y> const& r) noexcept;
        -:  494:    weak_ptr& operator=(weak_ptr&& r) noexcept;                      // C++14
        -:  495:    template<class Y> weak_ptr& operator=(weak_ptr<Y>&& r) noexcept; // C++14
        -:  496:
        -:  497:    // modifiers
        -:  498:    void swap(weak_ptr& r) noexcept;
        -:  499:    void reset() noexcept;
        -:  500:
        -:  501:    // observers
        -:  502:    long use_count() const noexcept;
        -:  503:    bool expired() const noexcept;
        -:  504:    shared_ptr<T> lock() const noexcept;
        -:  505:    template<class U> bool owner_before(shared_ptr<U> const& b) const;
        -:  506:    template<class U> bool owner_before(weak_ptr<U> const& b) const;
        -:  507:};
        -:  508:
        -:  509:// weak_ptr specialized algorithms:
        -:  510:template<class T> void swap(weak_ptr<T>& a, weak_ptr<T>& b) noexcept;
        -:  511:
        -:  512:// class owner_less:
        -:  513:template<class T> struct owner_less;
        -:  514:
        -:  515:template<class T>
        -:  516:struct owner_less<shared_ptr<T>>
        -:  517:    : binary_function<shared_ptr<T>, shared_ptr<T>, bool>
        -:  518:{
        -:  519:    typedef bool result_type;
        -:  520:    bool operator()(shared_ptr<T> const&, shared_ptr<T> const&) const;
        -:  521:    bool operator()(shared_ptr<T> const&, weak_ptr<T> const&) const;
        -:  522:    bool operator()(weak_ptr<T> const&, shared_ptr<T> const&) const;
        -:  523:};
        -:  524:
        -:  525:template<class T>
        -:  526:struct owner_less<weak_ptr<T>>
        -:  527:    : binary_function<weak_ptr<T>, weak_ptr<T>, bool>
        -:  528:{
        -:  529:    typedef bool result_type;
        -:  530:    bool operator()(weak_ptr<T> const&, weak_ptr<T> const&) const;
        -:  531:    bool operator()(shared_ptr<T> const&, weak_ptr<T> const&) const;
        -:  532:    bool operator()(weak_ptr<T> const&, shared_ptr<T> const&) const;
        -:  533:};
        -:  534:
        -:  535:template<class T>
        -:  536:class enable_shared_from_this
        -:  537:{
        -:  538:protected:
        -:  539:    constexpr enable_shared_from_this() noexcept;
        -:  540:    enable_shared_from_this(enable_shared_from_this const&) noexcept;
        -:  541:    enable_shared_from_this& operator=(enable_shared_from_this const&) noexcept;
        -:  542:    ~enable_shared_from_this();
        -:  543:public:
        -:  544:    shared_ptr<T> shared_from_this();
        -:  545:    shared_ptr<T const> shared_from_this() const;
        -:  546:};
        -:  547:
        -:  548:template<class T>
        -:  549:    bool atomic_is_lock_free(const shared_ptr<T>* p);
        -:  550:template<class T>
        -:  551:    shared_ptr<T> atomic_load(const shared_ptr<T>* p);
        -:  552:template<class T>
        -:  553:    shared_ptr<T> atomic_load_explicit(const shared_ptr<T>* p, memory_order mo);
        -:  554:template<class T>
        -:  555:    void atomic_store(shared_ptr<T>* p, shared_ptr<T> r);
        -:  556:template<class T>
        -:  557:    void atomic_store_explicit(shared_ptr<T>* p, shared_ptr<T> r, memory_order mo);
        -:  558:template<class T>
        -:  559:    shared_ptr<T> atomic_exchange(shared_ptr<T>* p, shared_ptr<T> r);
        -:  560:template<class T>
        -:  561:    shared_ptr<T>
        -:  562:    atomic_exchange_explicit(shared_ptr<T>* p, shared_ptr<T> r, memory_order mo);
        -:  563:template<class T>
        -:  564:    bool
        -:  565:    atomic_compare_exchange_weak(shared_ptr<T>* p, shared_ptr<T>* v, shared_ptr<T> w);
        -:  566:template<class T>
        -:  567:    bool
        -:  568:    atomic_compare_exchange_strong( shared_ptr<T>* p, shared_ptr<T>* v, shared_ptr<T> w);
        -:  569:template<class T>
        -:  570:    bool
        -:  571:    atomic_compare_exchange_weak_explicit(shared_ptr<T>* p, shared_ptr<T>* v,
        -:  572:                                          shared_ptr<T> w, memory_order success,
        -:  573:                                          memory_order failure);
        -:  574:template<class T>
        -:  575:    bool
        -:  576:    atomic_compare_exchange_strong_explicit(shared_ptr<T>* p, shared_ptr<T>* v,
        -:  577:                                            shared_ptr<T> w, memory_order success,
        -:  578:                                            memory_order failure);
        -:  579:// Hash support
        -:  580:template <class T> struct hash;
        -:  581:template <class T, class D> struct hash<unique_ptr<T, D> >;
        -:  582:template <class T> struct hash<shared_ptr<T> >;
        -:  583:
        -:  584:// Pointer safety
        -:  585:enum class pointer_safety { relaxed, preferred, strict };
        -:  586:void declare_reachable(void *p);
        -:  587:template <class T> T *undeclare_reachable(T *p);
        -:  588:void declare_no_pointers(char *p, size_t n);
        -:  589:void undeclare_no_pointers(char *p, size_t n);
        -:  590:pointer_safety get_pointer_safety() noexcept;
        -:  591:
        -:  592:void* align(size_t alignment, size_t size, void*& ptr, size_t& space);
        -:  593:
        -:  594:}  // std
        -:  595:
        -:  596:*/
        -:  597:
        -:  598:#include <__config>
        -:  599:#include <type_traits>
        -:  600:#include <typeinfo>
        -:  601:#include <cstddef>
        -:  602:#include <cstdint>
        -:  603:#include <new>
        -:  604:#include <utility>
        -:  605:#include <limits>
        -:  606:#include <iterator>
        -:  607:#include <__functional_base>
        -:  608:#include <iosfwd>
        -:  609:#include <tuple>
        -:  610:#include <cstring>
        -:  611:#if defined(_LIBCPP_NO_EXCEPTIONS)
        -:  612:    #include <cassert>
        -:  613:#endif
        -:  614:
        -:  615:#if __has_feature(cxx_atomic) && !defined(_LIBCPP_HAS_NO_THREADS)
        -:  616:#  include <atomic>
        -:  617:#endif
        -:  618:
        -:  619:#include <__undef_min_max>
        -:  620:#include <__undef___deallocate>
        -:  621:
        -:  622:#if !defined(_LIBCPP_HAS_NO_PRAGMA_SYSTEM_HEADER)
        -:  623:#pragma GCC system_header
        -:  624:#endif
        -:  625:
        -:  626:_LIBCPP_BEGIN_NAMESPACE_STD
        -:  627:
        -:  628:template <class _ValueType>
        -:  629:inline _LIBCPP_ALWAYS_INLINE
        -:  630:_ValueType __libcpp_relaxed_load(_ValueType const* __value) {
        -:  631:#if !defined(_LIBCPP_HAS_NO_THREADS) && \
        -:  632:    defined(__ATOMIC_RELAXED) &&        \
        -:  633:    (__has_builtin(__atomic_load_n) || _GNUC_VER >= 407)
        -:  634:    return __atomic_load_n(__value, __ATOMIC_RELAXED);
        -:  635:#else
        -:  636:    return *__value;
        -:  637:#endif
        -:  638:}
        -:  639:
        -:  640:// addressof moved to <__functional_base>
        -:  641:
        -:  642:template <class _Tp> class allocator;
        -:  643:
        -:  644:template <>
        -:  645:class _LIBCPP_TYPE_VIS_ONLY allocator<void>
        -:  646:{
        -:  647:public:
        -:  648:    typedef void*             pointer;
        -:  649:    typedef const void*       const_pointer;
        -:  650:    typedef void              value_type;
        -:  651:
        -:  652:    template <class _Up> struct rebind {typedef allocator<_Up> other;};
        -:  653:};
        -:  654:
        -:  655:template <>
        -:  656:class _LIBCPP_TYPE_VIS_ONLY allocator<const void>
        -:  657:{
        -:  658:public:
        -:  659:    typedef const void*       pointer;
        -:  660:    typedef const void*       const_pointer;
        -:  661:    typedef const void        value_type;
        -:  662:
        -:  663:    template <class _Up> struct rebind {typedef allocator<_Up> other;};
        -:  664:};
        -:  665:
        -:  666:// pointer_traits
        -:  667:
        -:  668:template <class _Tp>
        -:  669:struct __has_element_type
        -:  670:{
        -:  671:private:
        -:  672:    struct __two {char __lx; char __lxx;};
        -:  673:    template <class _Up> static __two __test(...);
        -:  674:    template <class _Up> static char __test(typename _Up::element_type* = 0);
        -:  675:public:
        -:  676:    static const bool value = sizeof(__test<_Tp>(0)) == 1;
        -:  677:};
        -:  678:
        -:  679:template <class _Ptr, bool = __has_element_type<_Ptr>::value>
        -:  680:struct __pointer_traits_element_type;
        -:  681:
        -:  682:template <class _Ptr>
        -:  683:struct __pointer_traits_element_type<_Ptr, true>
        -:  684:{
        -:  685:    typedef typename _Ptr::element_type type;
        -:  686:};
        -:  687:
        -:  688:#ifndef _LIBCPP_HAS_NO_VARIADICS
        -:  689:
        -:  690:template <template <class, class...> class _Sp, class _Tp, class ..._Args>
        -:  691:struct __pointer_traits_element_type<_Sp<_Tp, _Args...>, true>
        -:  692:{
        -:  693:    typedef typename _Sp<_Tp, _Args...>::element_type type;
        -:  694:};
        -:  695:
        -:  696:template <template <class, class...> class _Sp, class _Tp, class ..._Args>
        -:  697:struct __pointer_traits_element_type<_Sp<_Tp, _Args...>, false>
        -:  698:{
        -:  699:    typedef _Tp type;
        -:  700:};
        -:  701:
        -:  702:#else  // _LIBCPP_HAS_NO_VARIADICS
        -:  703:
        -:  704:template <template <class> class _Sp, class _Tp>
        -:  705:struct __pointer_traits_element_type<_Sp<_Tp>, true>
        -:  706:{
        -:  707:    typedef typename _Sp<_Tp>::element_type type;
        -:  708:};
        -:  709:
        -:  710:template <template <class> class _Sp, class _Tp>
        -:  711:struct __pointer_traits_element_type<_Sp<_Tp>, false>
        -:  712:{
        -:  713:    typedef _Tp type;
        -:  714:};
        -:  715:
        -:  716:template <template <class, class> class _Sp, class _Tp, class _A0>
        -:  717:struct __pointer_traits_element_type<_Sp<_Tp, _A0>, true>
        -:  718:{
        -:  719:    typedef typename _Sp<_Tp, _A0>::element_type type;
        -:  720:};
        -:  721:
        -:  722:template <template <class, class> class _Sp, class _Tp, class _A0>
        -:  723:struct __pointer_traits_element_type<_Sp<_Tp, _A0>, false>
        -:  724:{
        -:  725:    typedef _Tp type;
        -:  726:};
        -:  727:
        -:  728:template <template <class, class, class> class _Sp, class _Tp, class _A0, class _A1>
        -:  729:struct __pointer_traits_element_type<_Sp<_Tp, _A0, _A1>, true>
        -:  730:{
        -:  731:    typedef typename _Sp<_Tp, _A0, _A1>::element_type type;
        -:  732:};
        -:  733:
        -:  734:template <template <class, class, class> class _Sp, class _Tp, class _A0, class _A1>
        -:  735:struct __pointer_traits_element_type<_Sp<_Tp, _A0, _A1>, false>
        -:  736:{
        -:  737:    typedef _Tp type;
        -:  738:};
        -:  739:
        -:  740:template <template <class, class, class, class> class _Sp, class _Tp, class _A0,
        -:  741:                                                           class _A1, class _A2>
        -:  742:struct __pointer_traits_element_type<_Sp<_Tp, _A0, _A1, _A2>, true>
        -:  743:{
        -:  744:    typedef typename _Sp<_Tp, _A0, _A1, _A2>::element_type type;
        -:  745:};
        -:  746:
        -:  747:template <template <class, class, class, class> class _Sp, class _Tp, class _A0,
        -:  748:                                                           class _A1, class _A2>
        -:  749:struct __pointer_traits_element_type<_Sp<_Tp, _A0, _A1, _A2>, false>
        -:  750:{
        -:  751:    typedef _Tp type;
        -:  752:};
        -:  753:
        -:  754:#endif  // _LIBCPP_HAS_NO_VARIADICS
        -:  755:
        -:  756:template <class _Tp>
        -:  757:struct __has_difference_type
        -:  758:{
        -:  759:private:
        -:  760:    struct __two {char __lx; char __lxx;};
        -:  761:    template <class _Up> static __two __test(...);
        -:  762:    template <class _Up> static char __test(typename _Up::difference_type* = 0);
        -:  763:public:
        -:  764:    static const bool value = sizeof(__test<_Tp>(0)) == 1;
        -:  765:};
        -:  766:
        -:  767:template <class _Ptr, bool = __has_difference_type<_Ptr>::value>
        -:  768:struct __pointer_traits_difference_type
        -:  769:{
        -:  770:    typedef ptrdiff_t type;
        -:  771:};
        -:  772:
        -:  773:template <class _Ptr>
        -:  774:struct __pointer_traits_difference_type<_Ptr, true>
        -:  775:{
        -:  776:    typedef typename _Ptr::difference_type type;
        -:  777:};
        -:  778:
        -:  779:template <class _Tp, class _Up>
        -:  780:struct __has_rebind
        -:  781:{
        -:  782:private:
        -:  783:    struct __two {char __lx; char __lxx;};
        -:  784:    template <class _Xp> static __two __test(...);
        -:  785:    template <class _Xp> static char __test(typename _Xp::template rebind<_Up>* = 0);
        -:  786:public:
        -:  787:    static const bool value = sizeof(__test<_Tp>(0)) == 1;
        -:  788:};
        -:  789:
        -:  790:template <class _Tp, class _Up, bool = __has_rebind<_Tp, _Up>::value>
        -:  791:struct __pointer_traits_rebind
        -:  792:{
        -:  793:#ifndef _LIBCPP_HAS_NO_TEMPLATE_ALIASES
        -:  794:    typedef typename _Tp::template rebind<_Up> type;
        -:  795:#else
        -:  796:    typedef typename _Tp::template rebind<_Up>::other type;
        -:  797:#endif
        -:  798:};
        -:  799:
        -:  800:#ifndef _LIBCPP_HAS_NO_VARIADICS
        -:  801:
        -:  802:template <template <class, class...> class _Sp, class _Tp, class ..._Args, class _Up>
        -:  803:struct __pointer_traits_rebind<_Sp<_Tp, _Args...>, _Up, true>
        -:  804:{
        -:  805:#ifndef _LIBCPP_HAS_NO_TEMPLATE_ALIASES
        -:  806:    typedef typename _Sp<_Tp, _Args...>::template rebind<_Up> type;
        -:  807:#else
        -:  808:    typedef typename _Sp<_Tp, _Args...>::template rebind<_Up>::other type;
        -:  809:#endif
        -:  810:};
        -:  811:
        -:  812:template <template <class, class...> class _Sp, class _Tp, class ..._Args, class _Up>
        -:  813:struct __pointer_traits_rebind<_Sp<_Tp, _Args...>, _Up, false>
        -:  814:{
        -:  815:    typedef _Sp<_Up, _Args...> type;
        -:  816:};
        -:  817:
        -:  818:#else  // _LIBCPP_HAS_NO_VARIADICS
        -:  819:
        -:  820:template <template <class> class _Sp, class _Tp, class _Up>
        -:  821:struct __pointer_traits_rebind<_Sp<_Tp>, _Up, true>
        -:  822:{
        -:  823:#ifndef _LIBCPP_HAS_NO_TEMPLATE_ALIASES
        -:  824:    typedef typename _Sp<_Tp>::template rebind<_Up> type;
        -:  825:#else
        -:  826:    typedef typename _Sp<_Tp>::template rebind<_Up>::other type;
        -:  827:#endif
        -:  828:};
        -:  829:
        -:  830:template <template <class> class _Sp, class _Tp, class _Up>
        -:  831:struct __pointer_traits_rebind<_Sp<_Tp>, _Up, false>
        -:  832:{
        -:  833:    typedef _Sp<_Up> type;
        -:  834:};
        -:  835:
        -:  836:template <template <class, class> class _Sp, class _Tp, class _A0, class _Up>
        -:  837:struct __pointer_traits_rebind<_Sp<_Tp, _A0>, _Up, true>
        -:  838:{
        -:  839:#ifndef _LIBCPP_HAS_NO_TEMPLATE_ALIASES
        -:  840:    typedef typename _Sp<_Tp, _A0>::template rebind<_Up> type;
        -:  841:#else
        -:  842:    typedef typename _Sp<_Tp, _A0>::template rebind<_Up>::other type;
        -:  843:#endif
        -:  844:};
        -:  845:
        -:  846:template <template <class, class> class _Sp, class _Tp, class _A0, class _Up>
        -:  847:struct __pointer_traits_rebind<_Sp<_Tp, _A0>, _Up, false>
        -:  848:{
        -:  849:    typedef _Sp<_Up, _A0> type;
        -:  850:};
        -:  851:
        -:  852:template <template <class, class, class> class _Sp, class _Tp, class _A0,
        -:  853:                                         class _A1, class _Up>
        -:  854:struct __pointer_traits_rebind<_Sp<_Tp, _A0, _A1>, _Up, true>
        -:  855:{
        -:  856:#ifndef _LIBCPP_HAS_NO_TEMPLATE_ALIASES
        -:  857:    typedef typename _Sp<_Tp, _A0, _A1>::template rebind<_Up> type;
        -:  858:#else
        -:  859:    typedef typename _Sp<_Tp, _A0, _A1>::template rebind<_Up>::other type;
        -:  860:#endif
        -:  861:};
        -:  862:
        -:  863:template <template <class, class, class> class _Sp, class _Tp, class _A0,
        -:  864:                                         class _A1, class _Up>
        -:  865:struct __pointer_traits_rebind<_Sp<_Tp, _A0, _A1>, _Up, false>
        -:  866:{
        -:  867:    typedef _Sp<_Up, _A0, _A1> type;
        -:  868:};
        -:  869:
        -:  870:template <template <class, class, class, class> class _Sp, class _Tp, class _A0,
        -:  871:                                                class _A1, class _A2, class _Up>
        -:  872:struct __pointer_traits_rebind<_Sp<_Tp, _A0, _A1, _A2>, _Up, true>
        -:  873:{
        -:  874:#ifndef _LIBCPP_HAS_NO_TEMPLATE_ALIASES
        -:  875:    typedef typename _Sp<_Tp, _A0, _A1, _A2>::template rebind<_Up> type;
        -:  876:#else
        -:  877:    typedef typename _Sp<_Tp, _A0, _A1, _A2>::template rebind<_Up>::other type;
        -:  878:#endif
        -:  879:};
        -:  880:
        -:  881:template <template <class, class, class, class> class _Sp, class _Tp, class _A0,
        -:  882:                                                class _A1, class _A2, class _Up>
        -:  883:struct __pointer_traits_rebind<_Sp<_Tp, _A0, _A1, _A2>, _Up, false>
        -:  884:{
        -:  885:    typedef _Sp<_Up, _A0, _A1, _A2> type;
        -:  886:};
        -:  887:
        -:  888:#endif  // _LIBCPP_HAS_NO_VARIADICS
        -:  889:
        -:  890:template <class _Ptr>
        -:  891:struct _LIBCPP_TYPE_VIS_ONLY pointer_traits
        -:  892:{
        -:  893:    typedef _Ptr                                                     pointer;
        -:  894:    typedef typename __pointer_traits_element_type<pointer>::type    element_type;
        -:  895:    typedef typename __pointer_traits_difference_type<pointer>::type difference_type;
        -:  896:
        -:  897:#ifndef _LIBCPP_HAS_NO_TEMPLATE_ALIASES
        -:  898:    template <class _Up> using rebind = typename __pointer_traits_rebind<pointer, _Up>::type;
        -:  899:#else
        -:  900:    template <class _Up> struct rebind
        -:  901:        {typedef typename __pointer_traits_rebind<pointer, _Up>::type other;};
        -:  902:#endif  // _LIBCPP_HAS_NO_TEMPLATE_ALIASES
        -:  903:
        -:  904:private:
        -:  905:    struct __nat {};
        -:  906:public:
        -:  907:    _LIBCPP_INLINE_VISIBILITY
        -:  908:    static pointer pointer_to(typename conditional<is_void<element_type>::value,
        -:  909:                                           __nat, element_type>::type& __r)
        -:  910:        {return pointer::pointer_to(__r);}
        -:  911:};
        -:  912:
        -:  913:template <class _Tp>
        -:  914:struct _LIBCPP_TYPE_VIS_ONLY pointer_traits<_Tp*>
        -:  915:{
        -:  916:    typedef _Tp*      pointer;
        -:  917:    typedef _Tp       element_type;
        -:  918:    typedef ptrdiff_t difference_type;
        -:  919:
        -:  920:#ifndef _LIBCPP_HAS_NO_TEMPLATE_ALIASES
        -:  921:    template <class _Up> using rebind = _Up*;
        -:  922:#else
        -:  923:    template <class _Up> struct rebind {typedef _Up* other;};
        -:  924:#endif
        -:  925:
        -:  926:private:
        -:  927:    struct __nat {};
        -:  928:public:
        -:  929:    _LIBCPP_INLINE_VISIBILITY
        -:  930:    static pointer pointer_to(typename conditional<is_void<element_type>::value,
        -:  931:                                      __nat, element_type>::type& __r) _NOEXCEPT
      852:  932:        {return _VSTD::addressof(__r);}
        -:  933:};
        -:  934:
        -:  935:// allocator_traits
        -:  936:
        -:  937:namespace __has_pointer_type_imp
        -:  938:{
        -:  939:    template <class _Up> static __two __test(...);
        -:  940:    template <class _Up> static char __test(typename _Up::pointer* = 0);
        -:  941:}
        -:  942:
        -:  943:template <class _Tp>
        -:  944:struct __has_pointer_type
        -:  945:    : public integral_constant<bool, sizeof(__has_pointer_type_imp::__test<_Tp>(0)) == 1>
        -:  946:{
        -:  947:};
        -:  948:
        -:  949:namespace __pointer_type_imp
        -:  950:{
        -:  951:
        -:  952:template <class _Tp, class _Dp, bool = __has_pointer_type<_Dp>::value>
        -:  953:struct __pointer_type
        -:  954:{
        -:  955:    typedef typename _Dp::pointer type;
        -:  956:};
        -:  957:
        -:  958:template <class _Tp, class _Dp>
        -:  959:struct __pointer_type<_Tp, _Dp, false>
        -:  960:{
        -:  961:    typedef _Tp* type;
        -:  962:};
        -:  963:
        -:  964:}  // __pointer_type_imp
        -:  965:
        -:  966:template <class _Tp, class _Dp>
        -:  967:struct __pointer_type
        -:  968:{
        -:  969:    typedef typename __pointer_type_imp::__pointer_type<_Tp, typename remove_reference<_Dp>::type>::type type;
        -:  970:};
        -:  971:
        -:  972:template <class _Tp>
        -:  973:struct __has_const_pointer
        -:  974:{
        -:  975:private:
        -:  976:    struct __two {char __lx; char __lxx;};
        -:  977:    template <class _Up> static __two __test(...);
        -:  978:    template <class _Up> static char __test(typename _Up::const_pointer* = 0);
        -:  979:public:
        -:  980:    static const bool value = sizeof(__test<_Tp>(0)) == 1;
        -:  981:};
        -:  982:
        -:  983:template <class _Tp, class _Ptr, class _Alloc, bool = __has_const_pointer<_Alloc>::value>
        -:  984:struct __const_pointer
        -:  985:{
        -:  986:    typedef typename _Alloc::const_pointer type;
        -:  987:};
        -:  988:
        -:  989:template <class _Tp, class _Ptr, class _Alloc>
        -:  990:struct __const_pointer<_Tp, _Ptr, _Alloc, false>
        -:  991:{
        -:  992:#ifndef _LIBCPP_HAS_NO_TEMPLATE_ALIASES
        -:  993:    typedef typename pointer_traits<_Ptr>::template rebind<const _Tp> type;
        -:  994:#else
        -:  995:    typedef typename pointer_traits<_Ptr>::template rebind<const _Tp>::other type;
        -:  996:#endif
        -:  997:};
        -:  998:
        -:  999:template <class _Tp>
        -: 1000:struct __has_void_pointer
        -: 1001:{
        -: 1002:private:
        -: 1003:    struct __two {char __lx; char __lxx;};
        -: 1004:    template <class _Up> static __two __test(...);
        -: 1005:    template <class _Up> static char __test(typename _Up::void_pointer* = 0);
        -: 1006:public:
        -: 1007:    static const bool value = sizeof(__test<_Tp>(0)) == 1;
        -: 1008:};
        -: 1009:
        -: 1010:template <class _Ptr, class _Alloc, bool = __has_void_pointer<_Alloc>::value>
        -: 1011:struct __void_pointer
        -: 1012:{
        -: 1013:    typedef typename _Alloc::void_pointer type;
        -: 1014:};
        -: 1015:
        -: 1016:template <class _Ptr, class _Alloc>
        -: 1017:struct __void_pointer<_Ptr, _Alloc, false>
        -: 1018:{
        -: 1019:#ifndef _LIBCPP_HAS_NO_TEMPLATE_ALIASES
        -: 1020:    typedef typename pointer_traits<_Ptr>::template rebind<void> type;
        -: 1021:#else
        -: 1022:    typedef typename pointer_traits<_Ptr>::template rebind<void>::other type;
        -: 1023:#endif
        -: 1024:};
        -: 1025:
        -: 1026:template <class _Tp>
        -: 1027:struct __has_const_void_pointer
        -: 1028:{
        -: 1029:private:
        -: 1030:    struct __two {char __lx; char __lxx;};
        -: 1031:    template <class _Up> static __two __test(...);
        -: 1032:    template <class _Up> static char __test(typename _Up::const_void_pointer* = 0);
        -: 1033:public:
        -: 1034:    static const bool value = sizeof(__test<_Tp>(0)) == 1;
        -: 1035:};
        -: 1036:
        -: 1037:template <class _Ptr, class _Alloc, bool = __has_const_void_pointer<_Alloc>::value>
        -: 1038:struct __const_void_pointer
        -: 1039:{
        -: 1040:    typedef typename _Alloc::const_void_pointer type;
        -: 1041:};
        -: 1042:
        -: 1043:template <class _Ptr, class _Alloc>
        -: 1044:struct __const_void_pointer<_Ptr, _Alloc, false>
        -: 1045:{
        -: 1046:#ifndef _LIBCPP_HAS_NO_TEMPLATE_ALIASES
        -: 1047:    typedef typename pointer_traits<_Ptr>::template rebind<const void> type;
        -: 1048:#else
        -: 1049:    typedef typename pointer_traits<_Ptr>::template rebind<const void>::other type;
        -: 1050:#endif
        -: 1051:};
        -: 1052:
        -: 1053:template <class _Tp>
        -: 1054:inline _LIBCPP_INLINE_VISIBILITY
        -: 1055:_Tp*
        -: 1056:__to_raw_pointer(_Tp* __p) _NOEXCEPT
        -: 1057:{
      725: 1058:    return __p;
        -: 1059:}
        -: 1060:
        -: 1061:template <class _Pointer>
        -: 1062:inline _LIBCPP_INLINE_VISIBILITY
        -: 1063:typename pointer_traits<_Pointer>::element_type*
        -: 1064:__to_raw_pointer(_Pointer __p) _NOEXCEPT
        -: 1065:{
        -: 1066:    return _VSTD::__to_raw_pointer(__p.operator->());
        -: 1067:}
        -: 1068:
        -: 1069:template <class _Tp>
        -: 1070:struct __has_size_type
        -: 1071:{
        -: 1072:private:
        -: 1073:    struct __two {char __lx; char __lxx;};
        -: 1074:    template <class _Up> static __two __test(...);
        -: 1075:    template <class _Up> static char __test(typename _Up::size_type* = 0);
        -: 1076:public:
        -: 1077:    static const bool value = sizeof(__test<_Tp>(0)) == 1;
        -: 1078:};
        -: 1079:
        -: 1080:template <class _Alloc, class _DiffType, bool = __has_size_type<_Alloc>::value>
        -: 1081:struct __size_type
        -: 1082:{
        -: 1083:    typedef typename make_unsigned<_DiffType>::type type;
        -: 1084:};
        -: 1085:
        -: 1086:template <class _Alloc, class _DiffType>
        -: 1087:struct __size_type<_Alloc, _DiffType, true>
        -: 1088:{
        -: 1089:    typedef typename _Alloc::size_type type;
        -: 1090:};
        -: 1091:
        -: 1092:template <class _Tp>
        -: 1093:struct __has_propagate_on_container_copy_assignment
        -: 1094:{
        -: 1095:private:
        -: 1096:    struct __two {char __lx; char __lxx;};
        -: 1097:    template <class _Up> static __two __test(...);
        -: 1098:    template <class _Up> static char __test(typename _Up::propagate_on_container_copy_assignment* = 0);
        -: 1099:public:
        -: 1100:    static const bool value = sizeof(__test<_Tp>(0)) == 1;
        -: 1101:};
        -: 1102:
        -: 1103:template <class _Alloc, bool = __has_propagate_on_container_copy_assignment<_Alloc>::value>
        -: 1104:struct __propagate_on_container_copy_assignment
        -: 1105:{
        -: 1106:    typedef false_type type;
        -: 1107:};
        -: 1108:
        -: 1109:template <class _Alloc>
        -: 1110:struct __propagate_on_container_copy_assignment<_Alloc, true>
        -: 1111:{
        -: 1112:    typedef typename _Alloc::propagate_on_container_copy_assignment type;
        -: 1113:};
        -: 1114:
        -: 1115:template <class _Tp>
        -: 1116:struct __has_propagate_on_container_move_assignment
        -: 1117:{
        -: 1118:private:
        -: 1119:    struct __two {char __lx; char __lxx;};
        -: 1120:    template <class _Up> static __two __test(...);
        -: 1121:    template <class _Up> static char __test(typename _Up::propagate_on_container_move_assignment* = 0);
        -: 1122:public:
        -: 1123:    static const bool value = sizeof(__test<_Tp>(0)) == 1;
        -: 1124:};
        -: 1125:
        -: 1126:template <class _Alloc, bool = __has_propagate_on_container_move_assignment<_Alloc>::value>
        -: 1127:struct __propagate_on_container_move_assignment
        -: 1128:{
        -: 1129:    typedef false_type type;
        -: 1130:};
        -: 1131:
        -: 1132:template <class _Alloc>
        -: 1133:struct __propagate_on_container_move_assignment<_Alloc, true>
        -: 1134:{
        -: 1135:    typedef typename _Alloc::propagate_on_container_move_assignment type;
        -: 1136:};
        -: 1137:
        -: 1138:template <class _Tp>
        -: 1139:struct __has_propagate_on_container_swap
        -: 1140:{
        -: 1141:private:
        -: 1142:    struct __two {char __lx; char __lxx;};
        -: 1143:    template <class _Up> static __two __test(...);
        -: 1144:    template <class _Up> static char __test(typename _Up::propagate_on_container_swap* = 0);
        -: 1145:public:
        -: 1146:    static const bool value = sizeof(__test<_Tp>(0)) == 1;
        -: 1147:};
        -: 1148:
        -: 1149:template <class _Alloc, bool = __has_propagate_on_container_swap<_Alloc>::value>
        -: 1150:struct __propagate_on_container_swap
        -: 1151:{
        -: 1152:    typedef false_type type;
        -: 1153:};
        -: 1154:
        -: 1155:template <class _Alloc>
        -: 1156:struct __propagate_on_container_swap<_Alloc, true>
        -: 1157:{
        -: 1158:    typedef typename _Alloc::propagate_on_container_swap type;
        -: 1159:};
        -: 1160:
        -: 1161:template <class _Tp>
        -: 1162:struct __has_is_always_equal
        -: 1163:{
        -: 1164:private:
        -: 1165:    struct __two {char __lx; char __lxx;};
        -: 1166:    template <class _Up> static __two __test(...);
        -: 1167:    template <class _Up> static char __test(typename _Up::is_always_equal* = 0);
        -: 1168:public:
        -: 1169:    static const bool value = sizeof(__test<_Tp>(0)) == 1;
        -: 1170:};
        -: 1171:
        -: 1172:template <class _Alloc, bool = __has_is_always_equal<_Alloc>::value>
        -: 1173:struct __is_always_equal
        -: 1174:{
        -: 1175:    typedef typename _VSTD::is_empty<_Alloc>::type type;
        -: 1176:};
        -: 1177:
        -: 1178:template <class _Alloc>
        -: 1179:struct __is_always_equal<_Alloc, true>
        -: 1180:{
        -: 1181:    typedef typename _Alloc::is_always_equal type;
        -: 1182:};
        -: 1183:
        -: 1184:template <class _Tp, class _Up, bool = __has_rebind<_Tp, _Up>::value>
        -: 1185:struct __has_rebind_other
        -: 1186:{
        -: 1187:private:
        -: 1188:    struct __two {char __lx; char __lxx;};
        -: 1189:    template <class _Xp> static __two __test(...);
        -: 1190:    template <class _Xp> static char __test(typename _Xp::template rebind<_Up>::other* = 0);
        -: 1191:public:
        -: 1192:    static const bool value = sizeof(__test<_Tp>(0)) == 1;
        -: 1193:};
        -: 1194:
        -: 1195:template <class _Tp, class _Up>
        -: 1196:struct __has_rebind_other<_Tp, _Up, false>
        -: 1197:{
        -: 1198:    static const bool value = false;
        -: 1199:};
        -: 1200:
        -: 1201:template <class _Tp, class _Up, bool = __has_rebind_other<_Tp, _Up>::value>
        -: 1202:struct __allocator_traits_rebind
        -: 1203:{
        -: 1204:    typedef typename _Tp::template rebind<_Up>::other type;
        -: 1205:};
        -: 1206:
        -: 1207:#ifndef _LIBCPP_HAS_NO_VARIADICS
        -: 1208:
        -: 1209:template <template <class, class...> class _Alloc, class _Tp, class ..._Args, class _Up>
        -: 1210:struct __allocator_traits_rebind<_Alloc<_Tp, _Args...>, _Up, true>
        -: 1211:{
        -: 1212:    typedef typename _Alloc<_Tp, _Args...>::template rebind<_Up>::other type;
        -: 1213:};
        -: 1214:
        -: 1215:template <template <class, class...> class _Alloc, class _Tp, class ..._Args, class _Up>
        -: 1216:struct __allocator_traits_rebind<_Alloc<_Tp, _Args...>, _Up, false>
        -: 1217:{
        -: 1218:    typedef _Alloc<_Up, _Args...> type;
        -: 1219:};
        -: 1220:
        -: 1221:#else  // _LIBCPP_HAS_NO_VARIADICS
        -: 1222:
        -: 1223:template <template <class> class _Alloc, class _Tp, class _Up>
        -: 1224:struct __allocator_traits_rebind<_Alloc<_Tp>, _Up, true>
        -: 1225:{
        -: 1226:    typedef typename _Alloc<_Tp>::template rebind<_Up>::other type;
        -: 1227:};
        -: 1228:
        -: 1229:template <template <class> class _Alloc, class _Tp, class _Up>
        -: 1230:struct __allocator_traits_rebind<_Alloc<_Tp>, _Up, false>
        -: 1231:{
        -: 1232:    typedef _Alloc<_Up> type;
        -: 1233:};
        -: 1234:
        -: 1235:template <template <class, class> class _Alloc, class _Tp, class _A0, class _Up>
        -: 1236:struct __allocator_traits_rebind<_Alloc<_Tp, _A0>, _Up, true>
        -: 1237:{
        -: 1238:    typedef typename _Alloc<_Tp, _A0>::template rebind<_Up>::other type;
        -: 1239:};
        -: 1240:
        -: 1241:template <template <class, class> class _Alloc, class _Tp, class _A0, class _Up>
        -: 1242:struct __allocator_traits_rebind<_Alloc<_Tp, _A0>, _Up, false>
        -: 1243:{
        -: 1244:    typedef _Alloc<_Up, _A0> type;
        -: 1245:};
        -: 1246:
        -: 1247:template <template <class, class, class> class _Alloc, class _Tp, class _A0,
        -: 1248:                                         class _A1, class _Up>
        -: 1249:struct __allocator_traits_rebind<_Alloc<_Tp, _A0, _A1>, _Up, true>
        -: 1250:{
        -: 1251:    typedef typename _Alloc<_Tp, _A0, _A1>::template rebind<_Up>::other type;
        -: 1252:};
        -: 1253:
        -: 1254:template <template <class, class, class> class _Alloc, class _Tp, class _A0,
        -: 1255:                                         class _A1, class _Up>
        -: 1256:struct __allocator_traits_rebind<_Alloc<_Tp, _A0, _A1>, _Up, false>
        -: 1257:{
        -: 1258:    typedef _Alloc<_Up, _A0, _A1> type;
        -: 1259:};
        -: 1260:
        -: 1261:template <template <class, class, class, class> class _Alloc, class _Tp, class _A0,
        -: 1262:                                                class _A1, class _A2, class _Up>
        -: 1263:struct __allocator_traits_rebind<_Alloc<_Tp, _A0, _A1, _A2>, _Up, true>
        -: 1264:{
        -: 1265:    typedef typename _Alloc<_Tp, _A0, _A1, _A2>::template rebind<_Up>::other type;
        -: 1266:};
        -: 1267:
        -: 1268:template <template <class, class, class, class> class _Alloc, class _Tp, class _A0,
        -: 1269:                                                class _A1, class _A2, class _Up>
        -: 1270:struct __allocator_traits_rebind<_Alloc<_Tp, _A0, _A1, _A2>, _Up, false>
        -: 1271:{
        -: 1272:    typedef _Alloc<_Up, _A0, _A1, _A2> type;
        -: 1273:};
        -: 1274:
        -: 1275:#endif  // _LIBCPP_HAS_NO_VARIADICS
        -: 1276:
        -: 1277:#ifndef _LIBCPP_HAS_NO_ADVANCED_SFINAE
        -: 1278:
        -: 1279:template <class _Alloc, class _SizeType, class _ConstVoidPtr>
        -: 1280:auto
        -: 1281:__has_allocate_hint_test(_Alloc&& __a, _SizeType&& __sz, _ConstVoidPtr&& __p)
        -: 1282:    -> decltype(__a.allocate(__sz, __p), true_type());
        -: 1283:
        -: 1284:template <class _Alloc, class _SizeType, class _ConstVoidPtr>
        -: 1285:auto
        -: 1286:__has_allocate_hint_test(const _Alloc& __a, _SizeType&& __sz, _ConstVoidPtr&& __p)
        -: 1287:    -> false_type;
        -: 1288:
        -: 1289:template <class _Alloc, class _SizeType, class _ConstVoidPtr>
        -: 1290:struct __has_allocate_hint
        -: 1291:    : integral_constant<bool,
        -: 1292:        is_same<
        -: 1293:            decltype(__has_allocate_hint_test(declval<_Alloc>(),
        -: 1294:                                          declval<_SizeType>(),
        -: 1295:                                          declval<_ConstVoidPtr>())),
        -: 1296:            true_type>::value>
        -: 1297:{
        -: 1298:};
        -: 1299:
        -: 1300:#else  // _LIBCPP_HAS_NO_ADVANCED_SFINAE
        -: 1301:
        -: 1302:template <class _Alloc, class _SizeType, class _ConstVoidPtr>
        -: 1303:struct __has_allocate_hint
        -: 1304:    : true_type
        -: 1305:{
        -: 1306:};
        -: 1307:
        -: 1308:#endif  // _LIBCPP_HAS_NO_ADVANCED_SFINAE
        -: 1309:
        -: 1310:#if !defined(_LIBCPP_HAS_NO_ADVANCED_SFINAE) && !defined(_LIBCPP_HAS_NO_VARIADICS)
        -: 1311:
        -: 1312:template <class _Alloc, class _Tp, class ..._Args>
        -: 1313:decltype(_VSTD::declval<_Alloc>().construct(_VSTD::declval<_Tp*>(),
        -: 1314:                                           _VSTD::declval<_Args>()...),
        -: 1315:                                           true_type())
        -: 1316:__has_construct_test(_Alloc&& __a, _Tp* __p, _Args&& ...__args);
        -: 1317:
        -: 1318:template <class _Alloc, class _Pointer, class ..._Args>
        -: 1319:false_type
        -: 1320:__has_construct_test(const _Alloc& __a, _Pointer&& __p, _Args&& ...__args);
        -: 1321:
        -: 1322:template <class _Alloc, class _Pointer, class ..._Args>
        -: 1323:struct __has_construct
        -: 1324:    : integral_constant<bool,
        -: 1325:        is_same<
        -: 1326:            decltype(__has_construct_test(declval<_Alloc>(),
        -: 1327:                                          declval<_Pointer>(),
        -: 1328:                                          declval<_Args>()...)),
        -: 1329:            true_type>::value>
        -: 1330:{
        -: 1331:};
        -: 1332:
        -: 1333:template <class _Alloc, class _Pointer>
        -: 1334:auto
        -: 1335:__has_destroy_test(_Alloc&& __a, _Pointer&& __p)
        -: 1336:    -> decltype(__a.destroy(__p), true_type());
        -: 1337:
        -: 1338:template <class _Alloc, class _Pointer>
        -: 1339:auto
        -: 1340:__has_destroy_test(const _Alloc& __a, _Pointer&& __p)
        -: 1341:    -> false_type;
        -: 1342:
        -: 1343:template <class _Alloc, class _Pointer>
        -: 1344:struct __has_destroy
        -: 1345:    : integral_constant<bool,
        -: 1346:        is_same<
        -: 1347:            decltype(__has_destroy_test(declval<_Alloc>(),
        -: 1348:                                        declval<_Pointer>())),
        -: 1349:            true_type>::value>
        -: 1350:{
        -: 1351:};
        -: 1352:
        -: 1353:template <class _Alloc>
        -: 1354:auto
        -: 1355:__has_max_size_test(_Alloc&& __a)
        -: 1356:    -> decltype(__a.max_size(), true_type());
        -: 1357:
        -: 1358:template <class _Alloc>
        -: 1359:auto
        -: 1360:__has_max_size_test(const volatile _Alloc& __a)
        -: 1361:    -> false_type;
        -: 1362:
        -: 1363:template <class _Alloc>
        -: 1364:struct __has_max_size
        -: 1365:    : integral_constant<bool,
        -: 1366:        is_same<
        -: 1367:            decltype(__has_max_size_test(declval<_Alloc&>())),
        -: 1368:            true_type>::value>
        -: 1369:{
        -: 1370:};
        -: 1371:
        -: 1372:template <class _Alloc>
        -: 1373:auto
        -: 1374:__has_select_on_container_copy_construction_test(_Alloc&& __a)
        -: 1375:    -> decltype(__a.select_on_container_copy_construction(), true_type());
        -: 1376:
        -: 1377:template <class _Alloc>
        -: 1378:auto
        -: 1379:__has_select_on_container_copy_construction_test(const volatile _Alloc& __a)
        -: 1380:    -> false_type;
        -: 1381:
        -: 1382:template <class _Alloc>
        -: 1383:struct __has_select_on_container_copy_construction
        -: 1384:    : integral_constant<bool,
        -: 1385:        is_same<
        -: 1386:            decltype(__has_select_on_container_copy_construction_test(declval<_Alloc&>())),
        -: 1387:            true_type>::value>
        -: 1388:{
        -: 1389:};
        -: 1390:
        -: 1391:#else  // _LIBCPP_HAS_NO_ADVANCED_SFINAE
        -: 1392:
        -: 1393:#ifndef _LIBCPP_HAS_NO_VARIADICS
        -: 1394:
        -: 1395:template <class _Alloc, class _Pointer, class ..._Args>
        -: 1396:struct __has_construct
        -: 1397:    : false_type
        -: 1398:{
        -: 1399:};
        -: 1400:
        -: 1401:#else  // _LIBCPP_HAS_NO_VARIADICS
        -: 1402:
        -: 1403:template <class _Alloc, class _Pointer, class _Args>
        -: 1404:struct __has_construct
        -: 1405:    : false_type
        -: 1406:{
        -: 1407:};
        -: 1408:
        -: 1409:#endif  // _LIBCPP_HAS_NO_VARIADICS
        -: 1410:
        -: 1411:template <class _Alloc, class _Pointer>
        -: 1412:struct __has_destroy
        -: 1413:    : false_type
        -: 1414:{
        -: 1415:};
        -: 1416:
        -: 1417:template <class _Alloc>
        -: 1418:struct __has_max_size
        -: 1419:    : true_type
        -: 1420:{
        -: 1421:};
        -: 1422:
        -: 1423:template <class _Alloc>
        -: 1424:struct __has_select_on_container_copy_construction
        -: 1425:    : false_type
        -: 1426:{
        -: 1427:};
        -: 1428:
        -: 1429:#endif  // _LIBCPP_HAS_NO_ADVANCED_SFINAE
        -: 1430:
        -: 1431:template <class _Alloc, class _Ptr, bool = __has_difference_type<_Alloc>::value>
        -: 1432:struct __alloc_traits_difference_type
        -: 1433:{
        -: 1434:    typedef typename pointer_traits<_Ptr>::difference_type type;
        -: 1435:};
        -: 1436:
        -: 1437:template <class _Alloc, class _Ptr>
        -: 1438:struct __alloc_traits_difference_type<_Alloc, _Ptr, true>
        -: 1439:{
        -: 1440:    typedef typename _Alloc::difference_type type;
        -: 1441:};
        -: 1442:
        -: 1443:template <class _Alloc>
        -: 1444:struct _LIBCPP_TYPE_VIS_ONLY allocator_traits
        -: 1445:{
        -: 1446:    typedef _Alloc                              allocator_type;
        -: 1447:    typedef typename allocator_type::value_type value_type;
        -: 1448:
        -: 1449:    typedef typename __pointer_type<value_type, allocator_type>::type pointer;
        -: 1450:    typedef typename __const_pointer<value_type, pointer, allocator_type>::type const_pointer;
        -: 1451:    typedef typename __void_pointer<pointer, allocator_type>::type void_pointer;
        -: 1452:    typedef typename __const_void_pointer<pointer, allocator_type>::type const_void_pointer;
        -: 1453:
        -: 1454:    typedef typename __alloc_traits_difference_type<allocator_type, pointer>::type difference_type;
        -: 1455:    typedef typename __size_type<allocator_type, difference_type>::type size_type;
        -: 1456:
        -: 1457:    typedef typename __propagate_on_container_copy_assignment<allocator_type>::type
        -: 1458:                     propagate_on_container_copy_assignment;
        -: 1459:    typedef typename __propagate_on_container_move_assignment<allocator_type>::type
        -: 1460:                     propagate_on_container_move_assignment;
        -: 1461:    typedef typename __propagate_on_container_swap<allocator_type>::type
        -: 1462:                     propagate_on_container_swap;
        -: 1463:    typedef typename __is_always_equal<allocator_type>::type
        -: 1464:                     is_always_equal;
        -: 1465:
        -: 1466:#ifndef _LIBCPP_HAS_NO_TEMPLATE_ALIASES
        -: 1467:    template <class _Tp> using rebind_alloc =
        -: 1468:                  typename __allocator_traits_rebind<allocator_type, _Tp>::type;
        -: 1469:    template <class _Tp> using rebind_traits = allocator_traits<rebind_alloc<_Tp>>;
        -: 1470:#else  // _LIBCPP_HAS_NO_TEMPLATE_ALIASES
        -: 1471:    template <class _Tp> struct rebind_alloc
        -: 1472:        {typedef typename __allocator_traits_rebind<allocator_type, _Tp>::type other;};
        -: 1473:    template <class _Tp> struct rebind_traits
        -: 1474:        {typedef allocator_traits<typename rebind_alloc<_Tp>::other> other;};
        -: 1475:#endif  // _LIBCPP_HAS_NO_TEMPLATE_ALIASES
        -: 1476:
        -: 1477:    _LIBCPP_INLINE_VISIBILITY
        -: 1478:    static pointer allocate(allocator_type& __a, size_type __n)
      150: 1479:        {return __a.allocate(__n);}
        -: 1480:    _LIBCPP_INLINE_VISIBILITY
        -: 1481:    static pointer allocate(allocator_type& __a, size_type __n, const_void_pointer __hint)
        -: 1482:        {return allocate(__a, __n, __hint,
        -: 1483:            __has_allocate_hint<allocator_type, size_type, const_void_pointer>());}
        -: 1484:
        -: 1485:    _LIBCPP_INLINE_VISIBILITY
        -: 1486:    static void deallocate(allocator_type& __a, pointer __p, size_type __n) _NOEXCEPT
       61: 1487:        {__a.deallocate(__p, __n);}
        -: 1488:
        -: 1489:#ifndef _LIBCPP_HAS_NO_VARIADICS
        -: 1490:    template <class _Tp, class... _Args>
        -: 1491:        _LIBCPP_INLINE_VISIBILITY
        -: 1492:        static void construct(allocator_type& __a, _Tp* __p, _Args&&... __args)
      504: 1493:            {__construct(__has_construct<allocator_type, _Tp*, _Args...>(),
      504: 1494:                         __a, __p, _VSTD::forward<_Args>(__args)...);}
        -: 1495:#else  // _LIBCPP_HAS_NO_VARIADICS
        -: 1496:    template <class _Tp>
        -: 1497:        _LIBCPP_INLINE_VISIBILITY
        -: 1498:        static void construct(allocator_type& __a, _Tp* __p)
        -: 1499:            {
        -: 1500:                ::new ((void*)__p) _Tp();
        -: 1501:            }
        -: 1502:    template <class _Tp, class _A0>
        -: 1503:        _LIBCPP_INLINE_VISIBILITY
        -: 1504:        static void construct(allocator_type& __a, _Tp* __p, const _A0& __a0)
        -: 1505:            {
        -: 1506:                ::new ((void*)__p) _Tp(__a0);
        -: 1507:            }
        -: 1508:    template <class _Tp, class _A0, class _A1>
        -: 1509:        _LIBCPP_INLINE_VISIBILITY
        -: 1510:        static void construct(allocator_type& __a, _Tp* __p, const _A0& __a0,
        -: 1511:                              const _A1& __a1)
        -: 1512:            {
        -: 1513:                ::new ((void*)__p) _Tp(__a0, __a1);
        -: 1514:            }
        -: 1515:    template <class _Tp, class _A0, class _A1, class _A2>
        -: 1516:        _LIBCPP_INLINE_VISIBILITY
        -: 1517:        static void construct(allocator_type& __a, _Tp* __p, const _A0& __a0,
        -: 1518:                              const _A1& __a1, const _A2& __a2)
        -: 1519:            {
        -: 1520:                ::new ((void*)__p) _Tp(__a0, __a1, __a2);
        -: 1521:            }
        -: 1522:#endif  // _LIBCPP_HAS_NO_VARIADICS
        -: 1523:
        -: 1524:    template <class _Tp>
        -: 1525:        _LIBCPP_INLINE_VISIBILITY
        -: 1526:        static void destroy(allocator_type& __a, _Tp* __p)
      189: 1527:            {__destroy(__has_destroy<allocator_type, _Tp*>(), __a, __p);}
        -: 1528:
        -: 1529:    _LIBCPP_INLINE_VISIBILITY
        -: 1530:    static size_type max_size(const allocator_type& __a) _NOEXCEPT
      116: 1531:        {return __max_size(__has_max_size<const allocator_type>(), __a);}
        -: 1532:
        -: 1533:    _LIBCPP_INLINE_VISIBILITY
        -: 1534:    static allocator_type
        -: 1535:        select_on_container_copy_construction(const allocator_type& __a)
       10: 1536:            {return select_on_container_copy_construction(
       10: 1537:                __has_select_on_container_copy_construction<const allocator_type>(),
       10: 1538:                __a);}
        -: 1539:
        -: 1540:    template <class _Ptr>
        -: 1541:        _LIBCPP_INLINE_VISIBILITY
        -: 1542:        static
        -: 1543:        void
        -: 1544:        __construct_forward(allocator_type& __a, _Ptr __begin1, _Ptr __end1, _Ptr& __begin2)
        -: 1545:        {
        -: 1546:            for (; __begin1 != __end1; ++__begin1, ++__begin2)
        -: 1547:                construct(__a, _VSTD::__to_raw_pointer(__begin2), _VSTD::move_if_noexcept(*__begin1));
        -: 1548:        }
        -: 1549:
        -: 1550:    template <class _Tp>
        -: 1551:        _LIBCPP_INLINE_VISIBILITY
        -: 1552:        static
        -: 1553:        typename enable_if
        -: 1554:        <
        -: 1555:            (is_same<allocator_type, allocator<_Tp> >::value
        -: 1556:                || !__has_construct<allocator_type, _Tp*, _Tp>::value) &&
        -: 1557:             is_trivially_move_constructible<_Tp>::value,
        -: 1558:            void
        -: 1559:        >::type
        -: 1560:        __construct_forward(allocator_type& __a, _Tp* __begin1, _Tp* __end1, _Tp*& __begin2)
        -: 1561:        {
        -: 1562:            ptrdiff_t _Np = __end1 - __begin1;
        -: 1563:            if (_Np > 0)
        -: 1564:            {
        -: 1565:                _VSTD::memcpy(__begin2, __begin1, _Np * sizeof(_Tp));
        -: 1566:                __begin2 += _Np;
        -: 1567:            }
        -: 1568:        }
        -: 1569:
        -: 1570:    template <class _Iter, class _Ptr>
        -: 1571:        _LIBCPP_INLINE_VISIBILITY
        -: 1572:        static
        -: 1573:        void
        -: 1574:        __construct_range_forward(allocator_type& __a, _Iter __begin1, _Iter __end1, _Ptr& __begin2)
        -: 1575:        {
        -: 1576:            for (; __begin1 != __end1; ++__begin1, (void) ++__begin2)
        -: 1577:                construct(__a, _VSTD::__to_raw_pointer(__begin2), *__begin1);
        -: 1578:        }
        -: 1579:
        -: 1580:    template <class _Tp>
        -: 1581:        _LIBCPP_INLINE_VISIBILITY
        -: 1582:        static
        -: 1583:        typename enable_if
        -: 1584:        <
        -: 1585:            (is_same<allocator_type, allocator<_Tp> >::value
        -: 1586:                || !__has_construct<allocator_type, _Tp*, _Tp>::value) &&
        -: 1587:             is_trivially_move_constructible<_Tp>::value,
        -: 1588:            void
        -: 1589:        >::type
        -: 1590:        __construct_range_forward(allocator_type& __a, _Tp* __begin1, _Tp* __end1, _Tp*& __begin2)
        -: 1591:        {
        -: 1592:            typedef typename remove_const<_Tp>::type _Vp;
       10: 1593:            ptrdiff_t _Np = __end1 - __begin1;
       10: 1594:            if (_Np > 0)
        -: 1595:            {
       10: 1596:                _VSTD::memcpy(const_cast<_Vp*>(__begin2), __begin1, _Np * sizeof(_Tp));
       10: 1597:                __begin2 += _Np;
       10: 1598:            }
       10: 1599:        }
        -: 1600:
        -: 1601:    template <class _Ptr>
        -: 1602:        _LIBCPP_INLINE_VISIBILITY
        -: 1603:        static
        -: 1604:        void
        -: 1605:        __construct_backward(allocator_type& __a, _Ptr __begin1, _Ptr __end1, _Ptr& __end2)
        -: 1606:        {
        -: 1607:            while (__end1 != __begin1)
        -: 1608:            {
        -: 1609:                construct(__a, _VSTD::__to_raw_pointer(__end2-1), _VSTD::move_if_noexcept(*--__end1));
        -: 1610:                --__end2;
        -: 1611:            }
        -: 1612:        }
        -: 1613:
        -: 1614:    template <class _Tp>
        -: 1615:        _LIBCPP_INLINE_VISIBILITY
        -: 1616:        static
        -: 1617:        typename enable_if
        -: 1618:        <
        -: 1619:            (is_same<allocator_type, allocator<_Tp> >::value
        -: 1620:                || !__has_construct<allocator_type, _Tp*, _Tp>::value) &&
        -: 1621:             is_trivially_move_constructible<_Tp>::value,
        -: 1622:            void
        -: 1623:        >::type
        -: 1624:        __construct_backward(allocator_type& __a, _Tp* __begin1, _Tp* __end1, _Tp*& __end2)
        -: 1625:        {
       48: 1626:            ptrdiff_t _Np = __end1 - __begin1;
       48: 1627:            __end2 -= _Np;
       48: 1628:            if (_Np > 0)
       35: 1629:                _VSTD::memcpy(__end2, __begin1, _Np * sizeof(_Tp));
       48: 1630:        }
        -: 1631:
        -: 1632:private:
        -: 1633:
        -: 1634:    _LIBCPP_INLINE_VISIBILITY
        -: 1635:    static pointer allocate(allocator_type& __a, size_type __n,
        -: 1636:        const_void_pointer __hint, true_type)
        -: 1637:        {return __a.allocate(__n, __hint);}
        -: 1638:    _LIBCPP_INLINE_VISIBILITY
        -: 1639:    static pointer allocate(allocator_type& __a, size_type __n,
        -: 1640:        const_void_pointer, false_type)
        -: 1641:        {return __a.allocate(__n);}
        -: 1642:
        -: 1643:#ifndef _LIBCPP_HAS_NO_VARIADICS
        -: 1644:    template <class _Tp, class... _Args>
        -: 1645:        _LIBCPP_INLINE_VISIBILITY
        -: 1646:        static void __construct(true_type, allocator_type& __a, _Tp* __p, _Args&&... __args)
      252: 1647:            {__a.construct(__p, _VSTD::forward<_Args>(__args)...);}
        -: 1648:    template <class _Tp, class... _Args>
[...]
        -: 5094:    _LIBCPP_INLINE_VISIBILITY
        -: 5095:    long use_count() const _NOEXCEPT
        -: 5096:        {return __cntrl_ ? __cntrl_->use_count() : 0;}
        -: 5097:    _LIBCPP_INLINE_VISIBILITY
        -: 5098:    bool expired() const _NOEXCEPT
        -: 5099:        {return __cntrl_ == 0 || __cntrl_->use_count() == 0;}
        -: 5100:    shared_ptr<_Tp> lock() const _NOEXCEPT;
        -: 5101:    template<class _Up>
        -: 5102:        _LIBCPP_INLINE_VISIBILITY
        -: 5103:        bool owner_before(const shared_ptr<_Up>& __r) const
        -: 5104:        {return __cntrl_ < __r.__cntrl_;}
        -: 5105:    template<class _Up>
        -: 5106:        _LIBCPP_INLINE_VISIBILITY
        -: 5107:        bool owner_before(const weak_ptr<_Up>& __r) const
        -: 5108:        {return __cntrl_ < __r.__cntrl_;}
        -: 5109:
        -: 5110:    template <class _Up> friend class _LIBCPP_TYPE_VIS_ONLY weak_ptr;
        -: 5111:    template <class _Up> friend class _LIBCPP_TYPE_VIS_ONLY shared_ptr;
        -: 5112:};
        -: 5113:
        -: 5114:template<class _Tp>
        -: 5115:inline _LIBCPP_INLINE_VISIBILITY
        -: 5116:_LIBCPP_CONSTEXPR
        -: 5117:weak_ptr<_Tp>::weak_ptr() _NOEXCEPT
        -: 5118:    : __ptr_(0),
        -: 5119:      __cntrl_(0)
        -: 5120:{
        -: 5121:}
        -: 5122:
        -: 5123:template<class _Tp>
        -: 5124:inline _LIBCPP_INLINE_VISIBILITY
        -: 5125:weak_ptr<_Tp>::weak_ptr(weak_ptr const& __r) _NOEXCEPT
        -: 5126:    : __ptr_(__r.__ptr_),
        -: 5127:      __cntrl_(__r.__cntrl_)
        -: 5128:{
        -: 5129:    if (__cntrl_)
        -: 5130:        __cntrl_->__add_weak();
        -: 5131:}
        -: 5132:
        -: 5133:template<class _Tp>
        -: 5134:template<class _Yp>
        -: 5135:inline _LIBCPP_INLINE_VISIBILITY
        -: 5136:weak_ptr<_Tp>::weak_ptr(shared_ptr<_Yp> const& __r,
        -: 5137:                        typename enable_if<is_convertible<_Yp*, _Tp*>::value, __nat*>::type)
        -: 5138:                         _NOEXCEPT
        -: 5139:    : __ptr_(__r.__ptr_),
        -: 5140:      __cntrl_(__r.__cntrl_)
        -: 5141:{
        -: 5142:    if (__cntrl_)
        -: 5143:        __cntrl_->__add_weak();
        -: 5144:}
        -: 5145:
        -: 5146:template<class _Tp>
        -: 5147:template<class _Yp>
        -: 5148:inline _LIBCPP_INLINE_VISIBILITY
        -: 5149:weak_ptr<_Tp>::weak_ptr(weak_ptr<_Yp> const& __r,
        -: 5150:                        typename enable_if<is_convertible<_Yp*, _Tp*>::value, __nat*>::type)
        -: 5151:         _NOEXCEPT
        -: 5152:    : __ptr_(__r.__ptr_),
        -: 5153:      __cntrl_(__r.__cntrl_)
        -: 5154:{
        -: 5155:    if (__cntrl_)
        -: 5156:        __cntrl_->__add_weak();
        -: 5157:}
        -: 5158:
        -: 5159:#ifndef _LIBCPP_HAS_NO_RVALUE_REFERENCES
        -: 5160:
        -: 5161:template<class _Tp>
        -: 5162:inline _LIBCPP_INLINE_VISIBILITY
        -: 5163:weak_ptr<_Tp>::weak_ptr(weak_ptr&& __r) _NOEXCEPT
        -: 5164:    : __ptr_(__r.__ptr_),
        -: 5165:      __cntrl_(__r.__cntrl_)
        -: 5166:{
        -: 5167:    __r.__ptr_ = 0;
        -: 5168:    __r.__cntrl_ = 0;
        -: 5169:}
        -: 5170:
        -: 5171:template<class _Tp>
        -: 5172:template<class _Yp>
        -: 5173:inline _LIBCPP_INLINE_VISIBILITY
        -: 5174:weak_ptr<_Tp>::weak_ptr(weak_ptr<_Yp>&& __r,
        -: 5175:                        typename enable_if<is_convertible<_Yp*, _Tp*>::value, __nat*>::type)
        -: 5176:         _NOEXCEPT
        -: 5177:    : __ptr_(__r.__ptr_),
        -: 5178:      __cntrl_(__r.__cntrl_)
        -: 5179:{
        -: 5180:    __r.__ptr_ = 0;
        -: 5181:    __r.__cntrl_ = 0;
        -: 5182:}
        -: 5183:
        -: 5184:#endif  // _LIBCPP_HAS_NO_RVALUE_REFERENCES
        -: 5185:
        -: 5186:template<class _Tp>
        -: 5187:weak_ptr<_Tp>::~weak_ptr()
        -: 5188:{
        -: 5189:    if (__cntrl_)
        -: 5190:        __cntrl_->__release_weak();
        -: 5191:}
        -: 5192:
        -: 5193:template<class _Tp>
        -: 5194:inline _LIBCPP_INLINE_VISIBILITY
        -: 5195:weak_ptr<_Tp>&
        -: 5196:weak_ptr<_Tp>::operator=(weak_ptr const& __r) _NOEXCEPT
        -: 5197:{
        -: 5198:    weak_ptr(__r).swap(*this);
        -: 5199:    return *this;
        -: 5200:}
        -: 5201:
        -: 5202:template<class _Tp>
        -: 5203:template<class _Yp>
        -: 5204:inline _LIBCPP_INLINE_VISIBILITY
        -: 5205:typename enable_if
        -: 5206:<
        -: 5207:    is_convertible<_Yp*, _Tp*>::value,
        -: 5208:    weak_ptr<_Tp>&
        -: 5209:>::type
        -: 5210:weak_ptr<_Tp>::operator=(weak_ptr<_Yp> const& __r) _NOEXCEPT
        -: 5211:{
        -: 5212:    weak_ptr(__r).swap(*this);
        -: 5213:    return *this;
        -: 5214:}
        -: 5215:
        -: 5216:#ifndef _LIBCPP_HAS_NO_RVALUE_REFERENCES
        -: 5217:
        -: 5218:template<class _Tp>
        -: 5219:inline _LIBCPP_INLINE_VISIBILITY
        -: 5220:weak_ptr<_Tp>&
        -: 5221:weak_ptr<_Tp>::operator=(weak_ptr&& __r) _NOEXCEPT
        -: 5222:{
        -: 5223:    weak_ptr(_VSTD::move(__r)).swap(*this);
        -: 5224:    return *this;
        -: 5225:}
        -: 5226:
        -: 5227:template<class _Tp>
        -: 5228:template<class _Yp>
        -: 5229:inline _LIBCPP_INLINE_VISIBILITY
        -: 5230:typename enable_if
        -: 5231:<
        -: 5232:    is_convertible<_Yp*, _Tp*>::value,
        -: 5233:    weak_ptr<_Tp>&
        -: 5234:>::type
        -: 5235:weak_ptr<_Tp>::operator=(weak_ptr<_Yp>&& __r) _NOEXCEPT
        -: 5236:{
        -: 5237:    weak_ptr(_VSTD::move(__r)).swap(*this);
        -: 5238:    return *this;
        -: 5239:}
        -: 5240:
        -: 5241:#endif  // _LIBCPP_HAS_NO_RVALUE_REFERENCES
        -: 5242:
        -: 5243:template<class _Tp>
        -: 5244:template<class _Yp>
        -: 5245:inline _LIBCPP_INLINE_VISIBILITY
        -: 5246:typename enable_if
        -: 5247:<
        -: 5248:    is_convertible<_Yp*, _Tp*>::value,
        -: 5249:    weak_ptr<_Tp>&
        -: 5250:>::type
        -: 5251:weak_ptr<_Tp>::operator=(shared_ptr<_Yp> const& __r) _NOEXCEPT
        -: 5252:{
        -: 5253:    weak_ptr(__r).swap(*this);
        -: 5254:    return *this;
        -: 5255:}
        -: 5256:
        -: 5257:template<class _Tp>
        -: 5258:inline _LIBCPP_INLINE_VISIBILITY
        -: 5259:void
        -: 5260:weak_ptr<_Tp>::swap(weak_ptr& __r) _NOEXCEPT
        -: 5261:{
        -: 5262:    _VSTD::swap(__ptr_, __r.__ptr_);
        -: 5263:    _VSTD::swap(__cntrl_, __r.__cntrl_);
        -: 5264:}
        -: 5265:
        -: 5266:template<class _Tp>
        -: 5267:inline _LIBCPP_INLINE_VISIBILITY
        -: 5268:void
        -: 5269:swap(weak_ptr<_Tp>& __x, weak_ptr<_Tp>& __y) _NOEXCEPT
        -: 5270:{
        -: 5271:    __x.swap(__y);
        -: 5272:}
        -: 5273:
        -: 5274:template<class _Tp>
        -: 5275:inline _LIBCPP_INLINE_VISIBILITY
        -: 5276:void
        -: 5277:weak_ptr<_Tp>::reset() _NOEXCEPT
        -: 5278:{
        -: 5279:    weak_ptr().swap(*this);
        -: 5280:}
        -: 5281:
        -: 5282:template<class _Tp>
        -: 5283:template<class _Yp>
        -: 5284:shared_ptr<_Tp>::shared_ptr(const weak_ptr<_Yp>& __r,
        -: 5285:                            typename enable_if<is_convertible<_Yp*, _Tp*>::value, __nat>::type)
        -: 5286:    : __ptr_(__r.__ptr_),
        -: 5287:      __cntrl_(__r.__cntrl_ ? __r.__cntrl_->lock() : __r.__cntrl_)
        -: 5288:{
        -: 5289:    if (__cntrl_ == 0)
        -: 5290:#ifndef _LIBCPP_NO_EXCEPTIONS
        -: 5291:        throw bad_weak_ptr();
        -: 5292:#else
        -: 5293:        assert(!"bad_weak_ptr");
        -: 5294:#endif
        -: 5295:}
        -: 5296:
        -: 5297:template<class _Tp>
        -: 5298:shared_ptr<_Tp>
        -: 5299:weak_ptr<_Tp>::lock() const _NOEXCEPT
        -: 5300:{
        -: 5301:    shared_ptr<_Tp> __r;
        -: 5302:    __r.__cntrl_ = __cntrl_ ? __cntrl_->lock() : __cntrl_;
        -: 5303:    if (__r.__cntrl_)
        -: 5304:        __r.__ptr_ = __ptr_;
        -: 5305:    return __r;
        -: 5306:}
        -: 5307:
        -: 5308:template <class _Tp> struct owner_less;
        -: 5309:
        -: 5310:template <class _Tp>
        -: 5311:struct _LIBCPP_TYPE_VIS_ONLY owner_less<shared_ptr<_Tp> >
        -: 5312:    : binary_function<shared_ptr<_Tp>, shared_ptr<_Tp>, bool>
        -: 5313:{
        -: 5314:    typedef bool result_type;
        -: 5315:    _LIBCPP_INLINE_VISIBILITY
        -: 5316:    bool operator()(shared_ptr<_Tp> const& __x, shared_ptr<_Tp> const& __y) const
        -: 5317:        {return __x.owner_before(__y);}
        -: 5318:    _LIBCPP_INLINE_VISIBILITY
        -: 5319:    bool operator()(shared_ptr<_Tp> const& __x,   weak_ptr<_Tp> const& __y) const
        -: 5320:        {return __x.owner_before(__y);}
        -: 5321:    _LIBCPP_INLINE_VISIBILITY
        -: 5322:    bool operator()(  weak_ptr<_Tp> const& __x, shared_ptr<_Tp> const& __y) const
        -: 5323:        {return __x.owner_before(__y);}
        -: 5324:};
        -: 5325:
        -: 5326:template <class _Tp>
        -: 5327:struct _LIBCPP_TYPE_VIS_ONLY owner_less<weak_ptr<_Tp> >
        -: 5328:    : binary_function<weak_ptr<_Tp>, weak_ptr<_Tp>, bool>
        -: 5329:{
        -: 5330:    typedef bool result_type;
        -: 5331:    _LIBCPP_INLINE_VISIBILITY
        -: 5332:    bool operator()(  weak_ptr<_Tp> const& __x,   weak_ptr<_Tp> const& __y) const
        -: 5333:        {return __x.owner_before(__y);}
        -: 5334:    _LIBCPP_INLINE_VISIBILITY
        -: 5335:    bool operator()(shared_ptr<_Tp> const& __x,   weak_ptr<_Tp> const& __y) const
        -: 5336:        {return __x.owner_before(__y);}
        -: 5337:    _LIBCPP_INLINE_VISIBILITY
        -: 5338:    bool operator()(  weak_ptr<_Tp> const& __x, shared_ptr<_Tp> const& __y) const
        -: 5339:        {return __x.owner_before(__y);}
        -: 5340:};
        -: 5341:
        -: 5342:template<class _Tp>
        -: 5343:class _LIBCPP_TYPE_VIS_ONLY enable_shared_from_this
        -: 5344:{
        -: 5345:    mutable weak_ptr<_Tp> __weak_this_;
        -: 5346:protected:
        -: 5347:    _LIBCPP_INLINE_VISIBILITY _LIBCPP_CONSTEXPR
        -: 5348:    enable_shared_from_this() _NOEXCEPT {}
        -: 5349:    _LIBCPP_INLINE_VISIBILITY
        -: 5350:    enable_shared_from_this(enable_shared_from_this const&) _NOEXCEPT {}
        -: 5351:    _LIBCPP_INLINE_VISIBILITY
        -: 5352:    enable_shared_from_this& operator=(enable_shared_from_this const&) _NOEXCEPT
        -: 5353:        {return *this;}
        -: 5354:    _LIBCPP_INLINE_VISIBILITY
        -: 5355:    ~enable_shared_from_this() {}
        -: 5356:public:
        -: 5357:    _LIBCPP_INLINE_VISIBILITY
        -: 5358:    shared_ptr<_Tp> shared_from_this()
        -: 5359:        {return shared_ptr<_Tp>(__weak_this_);}
        -: 5360:    _LIBCPP_INLINE_VISIBILITY
        -: 5361:    shared_ptr<_Tp const> shared_from_this() const
        -: 5362:        {return shared_ptr<const _Tp>(__weak_this_);}
        -: 5363:
        -: 5364:    template <class _Up> friend class shared_ptr;
        -: 5365:};
        -: 5366:
        -: 5367:template <class _Tp>
        -: 5368:struct _LIBCPP_TYPE_VIS_ONLY hash<shared_ptr<_Tp> >
        -: 5369:{
        -: 5370:    typedef shared_ptr<_Tp>      argument_type;
        -: 5371:    typedef size_t               result_type;
        -: 5372:    _LIBCPP_INLINE_VISIBILITY
        -: 5373:    result_type operator()(const argument_type& __ptr) const _NOEXCEPT
        -: 5374:    {
        -: 5375:        return hash<_Tp*>()(__ptr.get());
        -: 5376:    }
        -: 5377:};
        -: 5378:
        -: 5379:template<class _CharT, class _Traits, class _Yp>
        -: 5380:inline _LIBCPP_INLINE_VISIBILITY
        -: 5381:basic_ostream<_CharT, _Traits>&
        -: 5382:operator<<(basic_ostream<_CharT, _Traits>& __os, shared_ptr<_Yp> const& __p);
        -: 5383:
        -: 5384:#if __has_feature(cxx_atomic) && !defined(_LIBCPP_HAS_NO_THREADS)
        -: 5385:
        -: 5386:class _LIBCPP_TYPE_VIS __sp_mut
        -: 5387:{
        -: 5388:    void* __lx;
        -: 5389:public:
        -: 5390:    void lock() _NOEXCEPT;
        -: 5391:    void unlock() _NOEXCEPT;
        -: 5392:
        -: 5393:private:
        -: 5394:    _LIBCPP_CONSTEXPR __sp_mut(void*) _NOEXCEPT;
        -: 5395:    __sp_mut(const __sp_mut&);
        -: 5396:    __sp_mut& operator=(const __sp_mut&);
        -: 5397:
        -: 5398:    friend _LIBCPP_FUNC_VIS __sp_mut& __get_sp_mut(const void*);
        -: 5399:};
        -: 5400:
        -: 5401:_LIBCPP_FUNC_VIS __sp_mut& __get_sp_mut(const void*);
        -: 5402:
        -: 5403:template <class _Tp>
        -: 5404:inline _LIBCPP_INLINE_VISIBILITY
        -: 5405:bool
        -: 5406:atomic_is_lock_free(const shared_ptr<_Tp>*)
        -: 5407:{
        -: 5408:    return false;
        -: 5409:}
        -: 5410:
        -: 5411:template <class _Tp>
        -: 5412:shared_ptr<_Tp>
        -: 5413:atomic_load(const shared_ptr<_Tp>* __p)
        -: 5414:{
        -: 5415:    __sp_mut& __m = __get_sp_mut(__p);
        -: 5416:    __m.lock();
        -: 5417:    shared_ptr<_Tp> __q = *__p;
        -: 5418:    __m.unlock();
        -: 5419:    return __q;
        -: 5420:}
        -: 5421:  
        -: 5422:template <class _Tp>
        -: 5423:inline _LIBCPP_INLINE_VISIBILITY
        -: 5424:shared_ptr<_Tp>
        -: 5425:atomic_load_explicit(const shared_ptr<_Tp>* __p, memory_order)
        -: 5426:{
        -: 5427:    return atomic_load(__p);
        -: 5428:}
        -: 5429:
        -: 5430:template <class _Tp>
        -: 5431:void
        -: 5432:atomic_store(shared_ptr<_Tp>* __p, shared_ptr<_Tp> __r)
        -: 5433:{
        -: 5434:    __sp_mut& __m = __get_sp_mut(__p);
        -: 5435:    __m.lock();
        -: 5436:    __p->swap(__r);
        -: 5437:    __m.unlock();
        -: 5438:}
        -: 5439:
        -: 5440:template <class _Tp>
        -: 5441:inline _LIBCPP_INLINE_VISIBILITY
        -: 5442:void
        -: 5443:atomic_store_explicit(shared_ptr<_Tp>* __p, shared_ptr<_Tp> __r, memory_order)
        -: 5444:{
        -: 5445:    atomic_store(__p, __r);
        -: 5446:}
        -: 5447:
        -: 5448:template <class _Tp>
        -: 5449:shared_ptr<_Tp>
        -: 5450:atomic_exchange(shared_ptr<_Tp>* __p, shared_ptr<_Tp> __r)
        -: 5451:{
        -: 5452:    __sp_mut& __m = __get_sp_mut(__p);
        -: 5453:    __m.lock();
        -: 5454:    __p->swap(__r);
        -: 5455:    __m.unlock();
        -: 5456:    return __r;
        -: 5457:}
        -: 5458:  
        -: 5459:template <class _Tp>
        -: 5460:inline _LIBCPP_INLINE_VISIBILITY
        -: 5461:shared_ptr<_Tp>
        -: 5462:atomic_exchange_explicit(shared_ptr<_Tp>* __p, shared_ptr<_Tp> __r, memory_order)
        -: 5463:{
        -: 5464:    return atomic_exchange(__p, __r);
        -: 5465:}
        -: 5466:
        -: 5467:template <class _Tp>
        -: 5468:bool
        -: 5469:atomic_compare_exchange_strong(shared_ptr<_Tp>* __p, shared_ptr<_Tp>* __v, shared_ptr<_Tp> __w)
        -: 5470:{
        -: 5471:    __sp_mut& __m = __get_sp_mut(__p);
        -: 5472:    __m.lock();
        -: 5473:    if (__p->__owner_equivalent(*__v))
        -: 5474:    {
        -: 5475:        *__p = __w;
        -: 5476:        __m.unlock();
        -: 5477:        return true;
        -: 5478:    }
        -: 5479:    *__v = *__p;
        -: 5480:    __m.unlock();
        -: 5481:    return false;
        -: 5482:}
        -: 5483:
        -: 5484:template <class _Tp>
        -: 5485:inline _LIBCPP_INLINE_VISIBILITY
        -: 5486:bool
        -: 5487:atomic_compare_exchange_weak(shared_ptr<_Tp>* __p, shared_ptr<_Tp>* __v, shared_ptr<_Tp> __w)
        -: 5488:{
        -: 5489:    return atomic_compare_exchange_strong(__p, __v, __w);
        -: 5490:}
        -: 5491:
        -: 5492:template <class _Tp>
        -: 5493:inline _LIBCPP_INLINE_VISIBILITY
        -: 5494:bool
        -: 5495:atomic_compare_exchange_strong_explicit(shared_ptr<_Tp>* __p, shared_ptr<_Tp>* __v,
        -: 5496:                                        shared_ptr<_Tp> __w, memory_order, memory_order)
        -: 5497:{
        -: 5498:    return atomic_compare_exchange_strong(__p, __v, __w);
        -: 5499:}
        -: 5500:
        -: 5501:template <class _Tp>
        -: 5502:inline _LIBCPP_INLINE_VISIBILITY
        -: 5503:bool
        -: 5504:atomic_compare_exchange_weak_explicit(shared_ptr<_Tp>* __p, shared_ptr<_Tp>* __v,
        -: 5505:                                      shared_ptr<_Tp> __w, memory_order, memory_order)
        -: 5506:{
        -: 5507:    return atomic_compare_exchange_weak(__p, __v, __w);
        -: 5508:}
        -: 5509:
        -: 5510:#endif  // __has_feature(cxx_atomic) && !defined(_LIBCPP_HAS_NO_THREADS)
        -: 5511:
        -: 5512://enum class
        -: 5513:struct _LIBCPP_TYPE_VIS pointer_safety
        -: 5514:{
        -: 5515:    enum __lx
        -: 5516:    {
        -: 5517:        relaxed,
        -: 5518:        preferred,
        -: 5519:        strict
        -: 5520:    };
        -: 5521:
        -: 5522:    __lx __v_;
        -: 5523:
        -: 5524:    _LIBCPP_INLINE_VISIBILITY
        -: 5525:    pointer_safety(__lx __v) : __v_(__v) {}
        -: 5526:    _LIBCPP_INLINE_VISIBILITY
        -: 5527:    operator int() const {return __v_;}
        -: 5528:};
        -: 5529:
        -: 5530:_LIBCPP_FUNC_VIS void declare_reachable(void* __p);
        -: 5531:_LIBCPP_FUNC_VIS void declare_no_pointers(char* __p, size_t __n);
        -: 5532:_LIBCPP_FUNC_VIS void undeclare_no_pointers(char* __p, size_t __n);
        -: 5533:_LIBCPP_FUNC_VIS pointer_safety get_pointer_safety() _NOEXCEPT;
        -: 5534:_LIBCPP_FUNC_VIS void* __undeclare_reachable(void* __p);
        -: 5535:
        -: 5536:template <class _Tp>
        -: 5537:inline _LIBCPP_INLINE_VISIBILITY
        -: 5538:_Tp*
        -: 5539:undeclare_reachable(_Tp* __p)
        -: 5540:{
        -: 5541:    return static_cast<_Tp*>(__undeclare_reachable(__p));
        -: 5542:}
        -: 5543:
        -: 5544:_LIBCPP_FUNC_VIS void* align(size_t __align, size_t __sz, void*& __ptr, size_t& __space);
        -: 5545:
        -: 5546:// --- Helper for container swap --
        -: 5547:template <typename _Alloc>
        -: 5548:_LIBCPP_INLINE_VISIBILITY
        -: 5549:void __swap_allocator(_Alloc & __a1, _Alloc & __a2)
        -: 5550:#if _LIBCPP_STD_VER >= 14
        -: 5551:    _NOEXCEPT
        -: 5552:#else
        -: 5553:    _NOEXCEPT_(__is_nothrow_swappable<_Alloc>::value)
        -: 5554:#endif
        -: 5555:{
        -: 5556:    __swap_allocator(__a1, __a2, 
        -: 5557:      integral_constant<bool, _VSTD::allocator_traits<_Alloc>::propagate_on_container_swap::value>());
        -: 5558:}
        -: 5559:
        -: 5560:template <typename _Alloc>
        -: 5561:_LIBCPP_INLINE_VISIBILITY
        -: 5562:void __swap_allocator(_Alloc & __a1, _Alloc & __a2, true_type)
        -: 5563:#if _LIBCPP_STD_VER >= 14
        -: 5564:    _NOEXCEPT
        -: 5565:#else
        -: 5566:    _NOEXCEPT_(__is_nothrow_swappable<_Alloc>::value)
        -: 5567:#endif
        -: 5568:{
        -: 5569:    using _VSTD::swap;
        -: 5570:    swap(__a1, __a2);
        -: 5571:}
        -: 5572:
        -: 5573:template <typename _Alloc>
        -: 5574:_LIBCPP_INLINE_VISIBILITY
        -: 5575:void __swap_allocator(_Alloc &, _Alloc &, false_type) _NOEXCEPT {}
        -: 5576:
        -: 5577:
        -: 5578:_LIBCPP_END_NAMESPACE_STD
        -: 5579:
        -: 5580:#endif  // _LIBCPP_MEMORY
