        -:    0:Source:/Applications/Xcode.app/Contents/Developer/Toolchains/XcodeDefault.xctoolchain/usr/bin/../include/c++/v1/string
        -:    0:Graph:LogMgr.gcno
        -:    0:Data:LogMgr.gcda
        -:    0:Runs:6
        -:    0:Programs:1
        -:    1:// -*- C++ -*-
        -:    2://===--------------------------- string -----------------------------------===//
        -:    3://
        -:    4://                     The LLVM Compiler Infrastructure
        -:    5://
        -:    6:// This file is distributed under the University of Illinois Open Source
        -:    7:// License. See LICENSE.TXT for details.
        -:    8://
        -:    9://===----------------------------------------------------------------------===//
        -:   10:
        -:   11:#ifndef _LIBCPP_STRING
        -:   12:#define _LIBCPP_STRING
        -:   13:
        -:   14:/*
        -:   15:    string synopsis
        -:   16:
        -:   17:namespace std
        -:   18:{
        -:   19:
        -:   20:template <class stateT>
        -:   21:class fpos
        -:   22:{
        -:   23:private:
        -:   24:    stateT st;
        -:   25:public:
        -:   26:    fpos(streamoff = streamoff());
        -:   27:
        -:   28:    operator streamoff() const;
        -:   29:
        -:   30:    stateT state() const;
        -:   31:    void state(stateT);
        -:   32:
        -:   33:    fpos& operator+=(streamoff);
        -:   34:    fpos  operator+ (streamoff) const;
        -:   35:    fpos& operator-=(streamoff);
        -:   36:    fpos  operator- (streamoff) const;
        -:   37:};
        -:   38:
        -:   39:template <class stateT> streamoff operator-(const fpos<stateT>& x, const fpos<stateT>& y);
        -:   40:
        -:   41:template <class stateT> bool operator==(const fpos<stateT>& x, const fpos<stateT>& y);
        -:   42:template <class stateT> bool operator!=(const fpos<stateT>& x, const fpos<stateT>& y);
        -:   43:
        -:   44:template <class charT>
        -:   45:struct char_traits
        -:   46:{
        -:   47:    typedef charT     char_type;
        -:   48:    typedef ...       int_type;
        -:   49:    typedef streamoff off_type;
        -:   50:    typedef streampos pos_type;
        -:   51:    typedef mbstate_t state_type;
        -:   52:
        -:   53:    static void assign(char_type& c1, const char_type& c2) noexcept;
        -:   54:    static constexpr bool eq(char_type c1, char_type c2) noexcept;
        -:   55:    static constexpr bool lt(char_type c1, char_type c2) noexcept;
        -:   56:
        -:   57:    static int              compare(const char_type* s1, const char_type* s2, size_t n);
        -:   58:    static size_t           length(const char_type* s);
        -:   59:    static const char_type* find(const char_type* s, size_t n, const char_type& a);
        -:   60:    static char_type*       move(char_type* s1, const char_type* s2, size_t n);
        -:   61:    static char_type*       copy(char_type* s1, const char_type* s2, size_t n);
        -:   62:    static char_type*       assign(char_type* s, size_t n, char_type a);
        -:   63:
        -:   64:    static constexpr int_type  not_eof(int_type c) noexcept;
        -:   65:    static constexpr char_type to_char_type(int_type c) noexcept;
        -:   66:    static constexpr int_type  to_int_type(char_type c) noexcept;
        -:   67:    static constexpr bool      eq_int_type(int_type c1, int_type c2) noexcept;
        -:   68:    static constexpr int_type  eof() noexcept;
        -:   69:};
        -:   70:
        -:   71:template <> struct char_traits<char>;
        -:   72:template <> struct char_traits<wchar_t>;
        -:   73:
        -:   74:template<class charT, class traits = char_traits<charT>, class Allocator = allocator<charT> >
        -:   75:class basic_string
        -:   76:{
        -:   77:public:
        -:   78:// types:
        -:   79:    typedef traits traits_type;
        -:   80:    typedef typename traits_type::char_type value_type;
        -:   81:    typedef Allocator allocator_type;
        -:   82:    typedef typename allocator_type::size_type size_type;
        -:   83:    typedef typename allocator_type::difference_type difference_type;
        -:   84:    typedef typename allocator_type::reference reference;
        -:   85:    typedef typename allocator_type::const_reference const_reference;
        -:   86:    typedef typename allocator_type::pointer pointer;
        -:   87:    typedef typename allocator_type::const_pointer const_pointer;
        -:   88:    typedef implementation-defined iterator;
        -:   89:    typedef implementation-defined const_iterator;
        -:   90:    typedef std::reverse_iterator<iterator> reverse_iterator;
        -:   91:    typedef std::reverse_iterator<const_iterator> const_reverse_iterator;
        -:   92:
        -:   93:    static const size_type npos = -1;
        -:   94:
        -:   95:    basic_string()
        -:   96:        noexcept(is_nothrow_default_constructible<allocator_type>::value);
        -:   97:    explicit basic_string(const allocator_type& a);
        -:   98:    basic_string(const basic_string& str);
        -:   99:    basic_string(basic_string&& str)
        -:  100:        noexcept(is_nothrow_move_constructible<allocator_type>::value);
        -:  101:    basic_string(const basic_string& str, size_type pos, size_type n = npos,
        -:  102:                 const allocator_type& a = allocator_type());
        -:  103:    basic_string(const value_type* s, const allocator_type& a = allocator_type());
        -:  104:    basic_string(const value_type* s, size_type n, const allocator_type& a = allocator_type());
        -:  105:    basic_string(size_type n, value_type c, const allocator_type& a = allocator_type());
        -:  106:    template<class InputIterator>
        -:  107:        basic_string(InputIterator begin, InputIterator end,
        -:  108:                     const allocator_type& a = allocator_type());
        -:  109:    basic_string(initializer_list<value_type>, const Allocator& = Allocator());
        -:  110:    basic_string(const basic_string&, const Allocator&);
        -:  111:    basic_string(basic_string&&, const Allocator&);
        -:  112:
        -:  113:    ~basic_string();
        -:  114:
        -:  115:    basic_string& operator=(const basic_string& str);
        -:  116:    basic_string& operator=(basic_string&& str)
        -:  117:        noexcept(
        -:  118:             allocator_type::propagate_on_container_move_assignment::value &&
        -:  119:             is_nothrow_move_assignable<allocator_type>::value);
        -:  120:    basic_string& operator=(const value_type* s);
        -:  121:    basic_string& operator=(value_type c);
        -:  122:    basic_string& operator=(initializer_list<value_type>);
        -:  123:
        -:  124:    iterator       begin() noexcept;
        -:  125:    const_iterator begin() const noexcept;
        -:  126:    iterator       end() noexcept;
        -:  127:    const_iterator end() const noexcept;
        -:  128:
        -:  129:    reverse_iterator       rbegin() noexcept;
        -:  130:    const_reverse_iterator rbegin() const noexcept;
        -:  131:    reverse_iterator       rend() noexcept;
        -:  132:    const_reverse_iterator rend() const noexcept;
        -:  133:
        -:  134:    const_iterator         cbegin() const noexcept;
        -:  135:    const_iterator         cend() const noexcept;
        -:  136:    const_reverse_iterator crbegin() const noexcept;
        -:  137:    const_reverse_iterator crend() const noexcept;
        -:  138:
        -:  139:    size_type size() const noexcept;
        -:  140:    size_type length() const noexcept;
        -:  141:    size_type max_size() const noexcept;
        -:  142:    size_type capacity() const noexcept;
        -:  143:
        -:  144:    void resize(size_type n, value_type c);
        -:  145:    void resize(size_type n);
        -:  146:
        -:  147:    void reserve(size_type res_arg = 0);
        -:  148:    void shrink_to_fit();
        -:  149:    void clear() noexcept;
        -:  150:    bool empty() const noexcept;
        -:  151:
        -:  152:    const_reference operator[](size_type pos) const;
        -:  153:    reference       operator[](size_type pos);
        -:  154:
        -:  155:    const_reference at(size_type n) const;
        -:  156:    reference       at(size_type n);
        -:  157:
        -:  158:    basic_string& operator+=(const basic_string& str);
        -:  159:    basic_string& operator+=(const value_type* s);
        -:  160:    basic_string& operator+=(value_type c);
        -:  161:    basic_string& operator+=(initializer_list<value_type>);
        -:  162:
        -:  163:    basic_string& append(const basic_string& str);
        -:  164:    basic_string& append(const basic_string& str, size_type pos, size_type n=npos); //C++14
        -:  165:    basic_string& append(const value_type* s, size_type n);
        -:  166:    basic_string& append(const value_type* s);
        -:  167:    basic_string& append(size_type n, value_type c);
        -:  168:    template<class InputIterator>
        -:  169:        basic_string& append(InputIterator first, InputIterator last);
        -:  170:    basic_string& append(initializer_list<value_type>);
        -:  171:
        -:  172:    void push_back(value_type c);
        -:  173:    void pop_back();
        -:  174:    reference       front();
        -:  175:    const_reference front() const;
        -:  176:    reference       back();
        -:  177:    const_reference back() const;
        -:  178:
        -:  179:    basic_string& assign(const basic_string& str);
        -:  180:    basic_string& assign(basic_string&& str);
        -:  181:    basic_string& assign(const basic_string& str, size_type pos, size_type n=npos); // C++14
        -:  182:    basic_string& assign(const value_type* s, size_type n);
        -:  183:    basic_string& assign(const value_type* s);
        -:  184:    basic_string& assign(size_type n, value_type c);
        -:  185:    template<class InputIterator>
        -:  186:        basic_string& assign(InputIterator first, InputIterator last);
        -:  187:    basic_string& assign(initializer_list<value_type>);
        -:  188:
        -:  189:    basic_string& insert(size_type pos1, const basic_string& str);
        -:  190:    basic_string& insert(size_type pos1, const basic_string& str,
        -:  191:                         size_type pos2, size_type n);
        -:  192:    basic_string& insert(size_type pos, const value_type* s, size_type n=npos); //C++14
        -:  193:    basic_string& insert(size_type pos, const value_type* s);
        -:  194:    basic_string& insert(size_type pos, size_type n, value_type c);
        -:  195:    iterator      insert(const_iterator p, value_type c);
        -:  196:    iterator      insert(const_iterator p, size_type n, value_type c);
        -:  197:    template<class InputIterator>
        -:  198:        iterator insert(const_iterator p, InputIterator first, InputIterator last);
        -:  199:    iterator      insert(const_iterator p, initializer_list<value_type>);
        -:  200:
        -:  201:    basic_string& erase(size_type pos = 0, size_type n = npos);
        -:  202:    iterator      erase(const_iterator position);
        -:  203:    iterator      erase(const_iterator first, const_iterator last);
        -:  204:
        -:  205:    basic_string& replace(size_type pos1, size_type n1, const basic_string& str);
        -:  206:    basic_string& replace(size_type pos1, size_type n1, const basic_string& str,
        -:  207:                          size_type pos2, size_type n2=npos); // C++14
        -:  208:    basic_string& replace(size_type pos, size_type n1, const value_type* s, size_type n2);
        -:  209:    basic_string& replace(size_type pos, size_type n1, const value_type* s);
        -:  210:    basic_string& replace(size_type pos, size_type n1, size_type n2, value_type c);
        -:  211:    basic_string& replace(const_iterator i1, const_iterator i2, const basic_string& str);
        -:  212:    basic_string& replace(const_iterator i1, const_iterator i2, const value_type* s, size_type n);
        -:  213:    basic_string& replace(const_iterator i1, const_iterator i2, const value_type* s);
        -:  214:    basic_string& replace(const_iterator i1, const_iterator i2, size_type n, value_type c);
        -:  215:    template<class InputIterator>
        -:  216:        basic_string& replace(const_iterator i1, const_iterator i2, InputIterator j1, InputIterator j2);
        -:  217:    basic_string& replace(const_iterator i1, const_iterator i2, initializer_list<value_type>);
        -:  218:
        -:  219:    size_type copy(value_type* s, size_type n, size_type pos = 0) const;
        -:  220:    basic_string substr(size_type pos = 0, size_type n = npos) const;
        -:  221:
        -:  222:    void swap(basic_string& str)
        -:  223:        noexcept(allocator_traits<allocator_type>::propagate_on_container_swap::value ||
        -:  224:                 allocator_traits<allocator_type>::is_always_equal::value);  // C++17
        -:  225:
        -:  226:    const value_type* c_str() const noexcept;
        -:  227:    const value_type* data() const noexcept;
        -:  228:
        -:  229:    allocator_type get_allocator() const noexcept;
        -:  230:
        -:  231:    size_type find(const basic_string& str, size_type pos = 0) const noexcept;
        -:  232:    size_type find(const value_type* s, size_type pos, size_type n) const noexcept;
        -:  233:    size_type find(const value_type* s, size_type pos = 0) const noexcept;
        -:  234:    size_type find(value_type c, size_type pos = 0) const noexcept;
        -:  235:
        -:  236:    size_type rfind(const basic_string& str, size_type pos = npos) const noexcept;
        -:  237:    size_type rfind(const value_type* s, size_type pos, size_type n) const noexcept;
        -:  238:    size_type rfind(const value_type* s, size_type pos = npos) const noexcept;
        -:  239:    size_type rfind(value_type c, size_type pos = npos) const noexcept;
        -:  240:
        -:  241:    size_type find_first_of(const basic_string& str, size_type pos = 0) const noexcept;
        -:  242:    size_type find_first_of(const value_type* s, size_type pos, size_type n) const noexcept;
        -:  243:    size_type find_first_of(const value_type* s, size_type pos = 0) const noexcept;
        -:  244:    size_type find_first_of(value_type c, size_type pos = 0) const noexcept;
        -:  245:
        -:  246:    size_type find_last_of(const basic_string& str, size_type pos = npos) const noexcept;
        -:  247:    size_type find_last_of(const value_type* s, size_type pos, size_type n) const noexcept;
        -:  248:    size_type find_last_of(const value_type* s, size_type pos = npos) const noexcept;
        -:  249:    size_type find_last_of(value_type c, size_type pos = npos) const noexcept;
        -:  250:
        -:  251:    size_type find_first_not_of(const basic_string& str, size_type pos = 0) const noexcept;
        -:  252:    size_type find_first_not_of(const value_type* s, size_type pos, size_type n) const noexcept;
        -:  253:    size_type find_first_not_of(const value_type* s, size_type pos = 0) const noexcept;
        -:  254:    size_type find_first_not_of(value_type c, size_type pos = 0) const noexcept;
        -:  255:
        -:  256:    size_type find_last_not_of(const basic_string& str, size_type pos = npos) const noexcept;
        -:  257:    size_type find_last_not_of(const value_type* s, size_type pos, size_type n) const noexcept;
        -:  258:    size_type find_last_not_of(const value_type* s, size_type pos = npos) const noexcept;
        -:  259:    size_type find_last_not_of(value_type c, size_type pos = npos) const noexcept;
        -:  260:
        -:  261:    int compare(const basic_string& str) const noexcept;
        -:  262:    int compare(size_type pos1, size_type n1, const basic_string& str) const;
        -:  263:    int compare(size_type pos1, size_type n1, const basic_string& str,
        -:  264:                size_type pos2, size_type n2=npos) const; // C++14
        -:  265:    int compare(const value_type* s) const noexcept;
        -:  266:    int compare(size_type pos1, size_type n1, const value_type* s) const;
        -:  267:    int compare(size_type pos1, size_type n1, const value_type* s, size_type n2) const;
        -:  268:
        -:  269:    bool __invariants() const;
        -:  270:};
        -:  271:
        -:  272:template<class charT, class traits, class Allocator>
        -:  273:basic_string<charT, traits, Allocator>
        -:  274:operator+(const basic_string<charT, traits, Allocator>& lhs,
        -:  275:          const basic_string<charT, traits, Allocator>& rhs);
        -:  276:
        -:  277:template<class charT, class traits, class Allocator>
        -:  278:basic_string<charT, traits, Allocator>
        -:  279:operator+(const charT* lhs , const basic_string<charT,traits,Allocator>&rhs);
        -:  280:
        -:  281:template<class charT, class traits, class Allocator>
        -:  282:basic_string<charT, traits, Allocator>
        -:  283:operator+(charT lhs, const basic_string<charT,traits,Allocator>& rhs);
        -:  284:
        -:  285:template<class charT, class traits, class Allocator>
        -:  286:basic_string<charT, traits, Allocator>
        -:  287:operator+(const basic_string<charT, traits, Allocator>& lhs, const charT* rhs);
        -:  288:
        -:  289:template<class charT, class traits, class Allocator>
        -:  290:basic_string<charT, traits, Allocator>
        -:  291:operator+(const basic_string<charT, traits, Allocator>& lhs, charT rhs);
        -:  292:
        -:  293:template<class charT, class traits, class Allocator>
        -:  294:bool operator==(const basic_string<charT, traits, Allocator>& lhs,
        -:  295:                const basic_string<charT, traits, Allocator>& rhs) noexcept;
        -:  296:
        -:  297:template<class charT, class traits, class Allocator>
        -:  298:bool operator==(const charT* lhs, const basic_string<charT, traits, Allocator>& rhs) noexcept;
        -:  299:
        -:  300:template<class charT, class traits, class Allocator>
        -:  301:bool operator==(const basic_string<charT,traits,Allocator>& lhs, const charT* rhs) noexcept;
        -:  302:
        -:  303:template<class charT, class traits, class Allocator>
        -:  304:bool operator!=(const basic_string<charT,traits,Allocator>& lhs,
        -:  305:                const basic_string<charT, traits, Allocator>& rhs) noexcept;
        -:  306:
        -:  307:template<class charT, class traits, class Allocator>
        -:  308:bool operator!=(const charT* lhs, const basic_string<charT, traits, Allocator>& rhs) noexcept;
        -:  309:
        -:  310:template<class charT, class traits, class Allocator>
        -:  311:bool operator!=(const basic_string<charT, traits, Allocator>& lhs, const charT* rhs) noexcept;
        -:  312:
        -:  313:template<class charT, class traits, class Allocator>
        -:  314:bool operator< (const basic_string<charT, traits, Allocator>& lhs,
        -:  315:                const basic_string<charT, traits, Allocator>& rhs) noexcept;
        -:  316:
        -:  317:template<class charT, class traits, class Allocator>
        -:  318:bool operator< (const basic_string<charT, traits, Allocator>& lhs, const charT* rhs) noexcept;
        -:  319:
        -:  320:template<class charT, class traits, class Allocator>
        -:  321:bool operator< (const charT* lhs, const basic_string<charT, traits, Allocator>& rhs) noexcept;
        -:  322:
        -:  323:template<class charT, class traits, class Allocator>
        -:  324:bool operator> (const basic_string<charT, traits, Allocator>& lhs,
        -:  325:                const basic_string<charT, traits, Allocator>& rhs) noexcept;
        -:  326:
        -:  327:template<class charT, class traits, class Allocator>
        -:  328:bool operator> (const basic_string<charT, traits, Allocator>& lhs, const charT* rhs) noexcept;
        -:  329:
        -:  330:template<class charT, class traits, class Allocator>
        -:  331:bool operator> (const charT* lhs, const basic_string<charT, traits, Allocator>& rhs) noexcept;
        -:  332:
        -:  333:template<class charT, class traits, class Allocator>
        -:  334:bool operator<=(const basic_string<charT, traits, Allocator>& lhs,
        -:  335:                const basic_string<charT, traits, Allocator>& rhs) noexcept;
        -:  336:
        -:  337:template<class charT, class traits, class Allocator>
        -:  338:bool operator<=(const basic_string<charT, traits, Allocator>& lhs, const charT* rhs) noexcept;
        -:  339:
        -:  340:template<class charT, class traits, class Allocator>
        -:  341:bool operator<=(const charT* lhs, const basic_string<charT, traits, Allocator>& rhs) noexcept;
        -:  342:
        -:  343:template<class charT, class traits, class Allocator>
        -:  344:bool operator>=(const basic_string<charT, traits, Allocator>& lhs,
        -:  345:                const basic_string<charT, traits, Allocator>& rhs) noexcept;
        -:  346:
        -:  347:template<class charT, class traits, class Allocator>
        -:  348:bool operator>=(const basic_string<charT, traits, Allocator>& lhs, const charT* rhs) noexcept;
        -:  349:
        -:  350:template<class charT, class traits, class Allocator>
        -:  351:bool operator>=(const charT* lhs, const basic_string<charT, traits, Allocator>& rhs) noexcept;
        -:  352:
        -:  353:template<class charT, class traits, class Allocator>
        -:  354:void swap(basic_string<charT, traits, Allocator>& lhs,
        -:  355:          basic_string<charT, traits, Allocator>& rhs)
        -:  356:            noexcept(noexcept(lhs.swap(rhs)));
        -:  357:
        -:  358:template<class charT, class traits, class Allocator>
        -:  359:basic_istream<charT, traits>&
        -:  360:operator>>(basic_istream<charT, traits>& is, basic_string<charT, traits, Allocator>& str);
        -:  361:
        -:  362:template<class charT, class traits, class Allocator>
        -:  363:basic_ostream<charT, traits>&
        -:  364:operator<<(basic_ostream<charT, traits>& os, const basic_string<charT, traits, Allocator>& str);
        -:  365:
        -:  366:template<class charT, class traits, class Allocator>
        -:  367:basic_istream<charT, traits>&
        -:  368:getline(basic_istream<charT, traits>& is, basic_string<charT, traits, Allocator>& str,
        -:  369:        charT delim);
        -:  370:
        -:  371:template<class charT, class traits, class Allocator>
        -:  372:basic_istream<charT, traits>&
        -:  373:getline(basic_istream<charT, traits>& is, basic_string<charT, traits, Allocator>& str);
        -:  374:
        -:  375:typedef basic_string<char>    string;
        -:  376:typedef basic_string<wchar_t> wstring;
        -:  377:typedef basic_string<char16_t> u16string;
        -:  378:typedef basic_string<char32_t> u32string;
        -:  379:
        -:  380:int                stoi  (const string& str, size_t* idx = 0, int base = 10);
        -:  381:long               stol  (const string& str, size_t* idx = 0, int base = 10);
        -:  382:unsigned long      stoul (const string& str, size_t* idx = 0, int base = 10);
        -:  383:long long          stoll (const string& str, size_t* idx = 0, int base = 10);
        -:  384:unsigned long long stoull(const string& str, size_t* idx = 0, int base = 10);
        -:  385:
        -:  386:float       stof (const string& str, size_t* idx = 0);
        -:  387:double      stod (const string& str, size_t* idx = 0);
        -:  388:long double stold(const string& str, size_t* idx = 0);
        -:  389:
        -:  390:string to_string(int val);
        -:  391:string to_string(unsigned val);
        -:  392:string to_string(long val);
        -:  393:string to_string(unsigned long val);
        -:  394:string to_string(long long val);
        -:  395:string to_string(unsigned long long val);
        -:  396:string to_string(float val);
        -:  397:string to_string(double val);
        -:  398:string to_string(long double val);
        -:  399:
        -:  400:int                stoi  (const wstring& str, size_t* idx = 0, int base = 10);
        -:  401:long               stol  (const wstring& str, size_t* idx = 0, int base = 10);
        -:  402:unsigned long      stoul (const wstring& str, size_t* idx = 0, int base = 10);
        -:  403:long long          stoll (const wstring& str, size_t* idx = 0, int base = 10);
        -:  404:unsigned long long stoull(const wstring& str, size_t* idx = 0, int base = 10);
        -:  405:
        -:  406:float       stof (const wstring& str, size_t* idx = 0);
        -:  407:double      stod (const wstring& str, size_t* idx = 0);
        -:  408:long double stold(const wstring& str, size_t* idx = 0);
        -:  409:
        -:  410:wstring to_wstring(int val);
        -:  411:wstring to_wstring(unsigned val);
        -:  412:wstring to_wstring(long val);
        -:  413:wstring to_wstring(unsigned long val);
        -:  414:wstring to_wstring(long long val);
        -:  415:wstring to_wstring(unsigned long long val);
        -:  416:wstring to_wstring(float val);
        -:  417:wstring to_wstring(double val);
        -:  418:wstring to_wstring(long double val);
        -:  419:
        -:  420:template <> struct hash<string>;
        -:  421:template <> struct hash<u16string>;
        -:  422:template <> struct hash<u32string>;
        -:  423:template <> struct hash<wstring>;
        -:  424:
        -:  425:basic_string<char>     operator "" s( const char *str,     size_t len ); // C++14
        -:  426:basic_string<wchar_t>  operator "" s( const wchar_t *str,  size_t len ); // C++14
        -:  427:basic_string<char16_t> operator "" s( const char16_t *str, size_t len ); // C++14
        -:  428:basic_string<char32_t> operator "" s( const char32_t *str, size_t len ); // C++14
        -:  429:
        -:  430:}  // std
        -:  431:
        -:  432:*/
        -:  433:
        -:  434:#include <__config>
        -:  435:#include <iosfwd>
        -:  436:#include <cstring>
        -:  437:#include <cstdio>  // For EOF.
        -:  438:#include <cwchar>
        -:  439:#include <algorithm>
        -:  440:#include <iterator>
        -:  441:#include <utility>
        -:  442:#include <memory>
        -:  443:#include <stdexcept>
        -:  444:#include <type_traits>
        -:  445:#include <initializer_list>
        -:  446:#include <__functional_base>
        -:  447:#ifndef _LIBCPP_HAS_NO_UNICODE_CHARS
        -:  448:#include <cstdint>
        -:  449:#endif
        -:  450:#if defined(_LIBCPP_NO_EXCEPTIONS)
        -:  451:#include <cassert>
        -:  452:#endif
        -:  453:
        -:  454:#include <__undef_min_max>
        -:  455:
        -:  456:#include <__debug>
        -:  457:
        -:  458:#if !defined(_LIBCPP_HAS_NO_PRAGMA_SYSTEM_HEADER)
        -:  459:#pragma GCC system_header
        -:  460:#endif
        -:  461:
        -:  462:_LIBCPP_BEGIN_NAMESPACE_STD
        -:  463:
        -:  464:// fpos
        -:  465:
        -:  466:template <class _StateT>
        -:  467:class _LIBCPP_TYPE_VIS_ONLY fpos
        -:  468:{
        -:  469:private:
        -:  470:    _StateT __st_;
        -:  471:    streamoff __off_;
        -:  472:public:
    #####:  473:    _LIBCPP_INLINE_VISIBILITY fpos(streamoff __off = streamoff()) : __st_(), __off_(__off) {}
        -:  474:
    #####:  475:    _LIBCPP_INLINE_VISIBILITY operator streamoff() const {return __off_;}
        -:  476:
        -:  477:    _LIBCPP_INLINE_VISIBILITY _StateT state() const {return __st_;}
        -:  478:    _LIBCPP_INLINE_VISIBILITY void state(_StateT __st) {__st_ = __st;}
        -:  479:
        -:  480:    _LIBCPP_INLINE_VISIBILITY fpos& operator+=(streamoff __off) {__off_ += __off; return *this;}
        -:  481:    _LIBCPP_INLINE_VISIBILITY fpos  operator+ (streamoff __off) const {fpos __t(*this); __t += __off; return __t;}
        -:  482:    _LIBCPP_INLINE_VISIBILITY fpos& operator-=(streamoff __off) {__off_ -= __off; return *this;}
        -:  483:    _LIBCPP_INLINE_VISIBILITY fpos  operator- (streamoff __off) const {fpos __t(*this); __t -= __off; return __t;}
        -:  484:};
        -:  485:
        -:  486:template <class _StateT>
        -:  487:inline _LIBCPP_INLINE_VISIBILITY
        -:  488:streamoff operator-(const fpos<_StateT>& __x, const fpos<_StateT>& __y)
        -:  489:    {return streamoff(__x) - streamoff(__y);}
        -:  490:
        -:  491:template <class _StateT>
        -:  492:inline _LIBCPP_INLINE_VISIBILITY
        -:  493:bool operator==(const fpos<_StateT>& __x, const fpos<_StateT>& __y)
        -:  494:    {return streamoff(__x) == streamoff(__y);}
        -:  495:
        -:  496:template <class _StateT>
        -:  497:inline _LIBCPP_INLINE_VISIBILITY
        -:  498:bool operator!=(const fpos<_StateT>& __x, const fpos<_StateT>& __y)
        -:  499:    {return streamoff(__x) != streamoff(__y);}
        -:  500:
        -:  501:// char_traits
        -:  502:
        -:  503:template <class _CharT>
        -:  504:struct _LIBCPP_TYPE_VIS_ONLY char_traits
        -:  505:{
        -:  506:    typedef _CharT    char_type;
        -:  507:    typedef int       int_type;
        -:  508:    typedef streamoff off_type;
        -:  509:    typedef streampos pos_type;
        -:  510:    typedef mbstate_t state_type;
        -:  511:
        -:  512:    static inline void assign(char_type& __c1, const char_type& __c2) _NOEXCEPT
        -:  513:        {__c1 = __c2;}
        -:  514:    static inline _LIBCPP_CONSTEXPR bool eq(char_type __c1, char_type __c2) _NOEXCEPT
        -:  515:        {return __c1 == __c2;}
        -:  516:    static inline _LIBCPP_CONSTEXPR bool lt(char_type __c1, char_type __c2) _NOEXCEPT
        -:  517:        {return __c1 < __c2;}
        -:  518:
        -:  519:    static int              compare(const char_type* __s1, const char_type* __s2, size_t __n);
        -:  520:    static size_t           length(const char_type* __s);
        -:  521:    static const char_type* find(const char_type* __s, size_t __n, const char_type& __a);
        -:  522:    static char_type*       move(char_type* __s1, const char_type* __s2, size_t __n);
        -:  523:    static char_type*       copy(char_type* __s1, const char_type* __s2, size_t __n);
        -:  524:    static char_type*       assign(char_type* __s, size_t __n, char_type __a);
        -:  525:
        -:  526:    static inline _LIBCPP_CONSTEXPR int_type  not_eof(int_type __c) _NOEXCEPT
        -:  527:        {return eq_int_type(__c, eof()) ? ~eof() : __c;}
        -:  528:    static inline _LIBCPP_CONSTEXPR char_type to_char_type(int_type __c) _NOEXCEPT
        -:  529:        {return char_type(__c);}
        -:  530:    static inline _LIBCPP_CONSTEXPR int_type  to_int_type(char_type __c) _NOEXCEPT
        -:  531:        {return int_type(__c);}
        -:  532:    static inline _LIBCPP_CONSTEXPR bool      eq_int_type(int_type __c1, int_type __c2) _NOEXCEPT
        -:  533:        {return __c1 == __c2;}
        -:  534:    static inline _LIBCPP_CONSTEXPR int_type  eof() _NOEXCEPT
        -:  535:        {return int_type(EOF);}
        -:  536:};
        -:  537:
        -:  538:template <class _CharT>
        -:  539:int
        -:  540:char_traits<_CharT>::compare(const char_type* __s1, const char_type* __s2, size_t __n)
        -:  541:{
        -:  542:    for (; __n; --__n, ++__s1, ++__s2)
        -:  543:    {
        -:  544:        if (lt(*__s1, *__s2))
        -:  545:            return -1;
        -:  546:        if (lt(*__s2, *__s1))
        -:  547:            return 1;
        -:  548:    }
        -:  549:    return 0;
        -:  550:}
        -:  551:
        -:  552:template <class _CharT>
        -:  553:inline _LIBCPP_INLINE_VISIBILITY
        -:  554:size_t
        -:  555:char_traits<_CharT>::length(const char_type* __s)
        -:  556:{
        -:  557:    size_t __len = 0;
        -:  558:    for (; !eq(*__s, char_type(0)); ++__s)
        -:  559:        ++__len;
        -:  560:    return __len;
        -:  561:}
        -:  562:
        -:  563:template <class _CharT>
        -:  564:inline _LIBCPP_INLINE_VISIBILITY
        -:  565:const _CharT*
        -:  566:char_traits<_CharT>::find(const char_type* __s, size_t __n, const char_type& __a)
        -:  567:{
        -:  568:    for (; __n; --__n)
        -:  569:    {
        -:  570:        if (eq(*__s, __a))
        -:  571:            return __s;
        -:  572:        ++__s;
        -:  573:    }
        -:  574:    return 0;
        -:  575:}
        -:  576:
        -:  577:template <class _CharT>
        -:  578:_CharT*
        -:  579:char_traits<_CharT>::move(char_type* __s1, const char_type* __s2, size_t __n)
        -:  580:{
        -:  581:    char_type* __r = __s1;
        -:  582:    if (__s1 < __s2)
        -:  583:    {
        -:  584:        for (; __n; --__n, ++__s1, ++__s2)
        -:  585:            assign(*__s1, *__s2);
        -:  586:    }
        -:  587:    else if (__s2 < __s1)
        -:  588:    {
        -:  589:        __s1 += __n;
        -:  590:        __s2 += __n;
        -:  591:        for (; __n; --__n)
        -:  592:            assign(*--__s1, *--__s2);
        -:  593:    }
        -:  594:    return __r;
        -:  595:}
        -:  596:
        -:  597:template <class _CharT>
        -:  598:inline _LIBCPP_INLINE_VISIBILITY
        -:  599:_CharT*
        -:  600:char_traits<_CharT>::copy(char_type* __s1, const char_type* __s2, size_t __n)
        -:  601:{
        -:  602:    _LIBCPP_ASSERT(__s2 < __s1 || __s2 >= __s1+__n, "char_traits::copy overlapped range");
        -:  603:    char_type* __r = __s1;
        -:  604:    for (; __n; --__n, ++__s1, ++__s2)
        -:  605:        assign(*__s1, *__s2);
        -:  606:    return __r;
        -:  607:}
        -:  608:
        -:  609:template <class _CharT>
        -:  610:inline _LIBCPP_INLINE_VISIBILITY
        -:  611:_CharT*
        -:  612:char_traits<_CharT>::assign(char_type* __s, size_t __n, char_type __a)
        -:  613:{
        -:  614:    char_type* __r = __s;
        -:  615:    for (; __n; --__n, ++__s)
        -:  616:        assign(*__s, __a);
        -:  617:    return __r;
        -:  618:}
        -:  619:
        -:  620:// char_traits<char>
        -:  621:
        -:  622:template <>
        -:  623:struct _LIBCPP_TYPE_VIS_ONLY char_traits<char>
        -:  624:{
        -:  625:    typedef char      char_type;
        -:  626:    typedef int       int_type;
        -:  627:    typedef streamoff off_type;
        -:  628:    typedef streampos pos_type;
        -:  629:    typedef mbstate_t state_type;
        -:  630:
        -:  631:    static inline void assign(char_type& __c1, const char_type& __c2) _NOEXCEPT
    #####:  632:        {__c1 = __c2;}
        -:  633:    static inline _LIBCPP_CONSTEXPR bool eq(char_type __c1, char_type __c2) _NOEXCEPT
    #####:  634:            {return __c1 == __c2;}
        -:  635:    static inline _LIBCPP_CONSTEXPR bool lt(char_type __c1, char_type __c2) _NOEXCEPT
        -:  636:        {return (unsigned char)__c1 < (unsigned char)__c2;}
        -:  637:
        -:  638:    static inline int compare(const char_type* __s1, const char_type* __s2, size_t __n)
        -:  639:        {return __n == 0 ? 0 : memcmp(__s1, __s2, __n);}
    #####:  640:    static inline size_t length(const char_type* __s) {return strlen(__s);}
        -:  641:    static inline const char_type* find(const char_type* __s, size_t __n, const char_type& __a)
        -:  642:        {return __n == 0 ? NULL : (const char_type*) memchr(__s, to_int_type(__a), __n);}
        -:  643:    static inline char_type* move(char_type* __s1, const char_type* __s2, size_t __n)
        -:  644:        {return __n == 0 ? __s1 : (char_type*) memmove(__s1, __s2, __n);}
        -:  645:    static inline char_type* copy(char_type* __s1, const char_type* __s2, size_t __n)
        -:  646:        {
        -:  647:            _LIBCPP_ASSERT(__s2 < __s1 || __s2 >= __s1+__n, "char_traits::copy overlapped range");
        -:  648:            return __n == 0 ? __s1 : (char_type*)memcpy(__s1, __s2, __n);
        -:  649:        }
        -:  650:    static inline char_type* assign(char_type* __s, size_t __n, char_type __a)
        -:  651:        {return __n == 0 ? __s : (char_type*)memset(__s, to_int_type(__a), __n);}
        -:  652:
        -:  653:    static inline _LIBCPP_CONSTEXPR int_type  not_eof(int_type __c) _NOEXCEPT
    #####:  654:        {return eq_int_type(__c, eof()) ? ~eof() : __c;}
        -:  655:    static inline _LIBCPP_CONSTEXPR char_type to_char_type(int_type __c) _NOEXCEPT
    #####:  656:        {return char_type(__c);}
        -:  657:    static inline _LIBCPP_CONSTEXPR int_type to_int_type(char_type __c) _NOEXCEPT
    #####:  658:        {return int_type((unsigned char)__c);}
        -:  659:    static inline _LIBCPP_CONSTEXPR bool eq_int_type(int_type __c1, int_type __c2) _NOEXCEPT
    #####:  660:        {return __c1 == __c2;}
        -:  661:    static inline _LIBCPP_CONSTEXPR int_type  eof() _NOEXCEPT
    #####:  662:        {return int_type(EOF);}
        -:  663:};
        -:  664:
        -:  665:// char_traits<wchar_t>
        -:  666:
        -:  667:template <>
        -:  668:struct _LIBCPP_TYPE_VIS_ONLY char_traits<wchar_t>
        -:  669:{
        -:  670:    typedef wchar_t   char_type;
        -:  671:    typedef wint_t    int_type;
        -:  672:    typedef streamoff off_type;
        -:  673:    typedef streampos pos_type;
        -:  674:    typedef mbstate_t state_type;
        -:  675:
        -:  676:    static inline void assign(char_type& __c1, const char_type& __c2) _NOEXCEPT
        -:  677:        {__c1 = __c2;}
        -:  678:    static inline _LIBCPP_CONSTEXPR bool eq(char_type __c1, char_type __c2) _NOEXCEPT
        -:  679:        {return __c1 == __c2;}
        -:  680:    static inline _LIBCPP_CONSTEXPR bool lt(char_type __c1, char_type __c2) _NOEXCEPT
        -:  681:        {return __c1 < __c2;}
        -:  682:
        -:  683:    static inline int compare(const char_type* __s1, const char_type* __s2, size_t __n)
        -:  684:        {return __n == 0 ? 0 : wmemcmp(__s1, __s2, __n);}
        -:  685:    static inline size_t length(const char_type* __s)
        -:  686:        {return wcslen(__s);}
        -:  687:    static inline const char_type* find(const char_type* __s, size_t __n, const char_type& __a)
        -:  688:        {return __n == 0 ? NULL : (const char_type*)wmemchr(__s, __a, __n);}
        -:  689:    static inline char_type* move(char_type* __s1, const char_type* __s2, size_t __n)
        -:  690:        {return __n == 0 ? __s1 : (char_type*)wmemmove(__s1, __s2, __n);}
        -:  691:    static inline char_type* copy(char_type* __s1, const char_type* __s2, size_t __n)
        -:  692:        {
        -:  693:            _LIBCPP_ASSERT(__s2 < __s1 || __s2 >= __s1+__n, "char_traits::copy overlapped range");
        -:  694:            return __n == 0 ? __s1 : (char_type*)wmemcpy(__s1, __s2, __n);
        -:  695:        }
        -:  696:    static inline char_type* assign(char_type* __s, size_t __n, char_type __a)
        -:  697:        {return __n == 0 ? __s : (char_type*)wmemset(__s, __a, __n);}
        -:  698:
        -:  699:    static inline _LIBCPP_CONSTEXPR int_type  not_eof(int_type __c) _NOEXCEPT
        -:  700:        {return eq_int_type(__c, eof()) ? ~eof() : __c;}
        -:  701:    static inline _LIBCPP_CONSTEXPR char_type to_char_type(int_type __c) _NOEXCEPT
        -:  702:        {return char_type(__c);}
        -:  703:    static inline _LIBCPP_CONSTEXPR int_type to_int_type(char_type __c) _NOEXCEPT
        -:  704:        {return int_type(__c);}
        -:  705:    static inline _LIBCPP_CONSTEXPR bool eq_int_type(int_type __c1, int_type __c2) _NOEXCEPT
        -:  706:        {return __c1 == __c2;}
        -:  707:    static inline _LIBCPP_CONSTEXPR int_type eof() _NOEXCEPT
        -:  708:        {return int_type(WEOF);}
        -:  709:};
        -:  710:
        -:  711:#ifndef _LIBCPP_HAS_NO_UNICODE_CHARS
        -:  712:
        -:  713:template <>
        -:  714:struct _LIBCPP_TYPE_VIS_ONLY char_traits<char16_t>
        -:  715:{
        -:  716:    typedef char16_t       char_type;
        -:  717:    typedef uint_least16_t int_type;
        -:  718:    typedef streamoff      off_type;
        -:  719:    typedef u16streampos   pos_type;
        -:  720:    typedef mbstate_t      state_type;
        -:  721:
        -:  722:    static inline void assign(char_type& __c1, const char_type& __c2) _NOEXCEPT
        -:  723:        {__c1 = __c2;}
        -:  724:    static inline _LIBCPP_CONSTEXPR bool eq(char_type __c1, char_type __c2) _NOEXCEPT
        -:  725:        {return __c1 == __c2;}
        -:  726:    static inline _LIBCPP_CONSTEXPR bool lt(char_type __c1, char_type __c2) _NOEXCEPT
        -:  727:        {return __c1 < __c2;}
        -:  728:
        -:  729:    static int              compare(const char_type* __s1, const char_type* __s2, size_t __n);
        -:  730:    static size_t           length(const char_type* __s);
        -:  731:    static const char_type* find(const char_type* __s, size_t __n, const char_type& __a);
        -:  732:    static char_type*       move(char_type* __s1, const char_type* __s2, size_t __n);
        -:  733:    static char_type*       copy(char_type* __s1, const char_type* __s2, size_t __n);
        -:  734:    static char_type*       assign(char_type* __s, size_t __n, char_type __a);
        -:  735:
        -:  736:    static inline _LIBCPP_CONSTEXPR int_type  not_eof(int_type __c) _NOEXCEPT
        -:  737:        {return eq_int_type(__c, eof()) ? ~eof() : __c;}
        -:  738:    static inline _LIBCPP_CONSTEXPR char_type to_char_type(int_type __c) _NOEXCEPT
        -:  739:        {return char_type(__c);}
        -:  740:    static inline _LIBCPP_CONSTEXPR int_type to_int_type(char_type __c) _NOEXCEPT
        -:  741:        {return int_type(__c);}
        -:  742:    static inline _LIBCPP_CONSTEXPR bool eq_int_type(int_type __c1, int_type __c2) _NOEXCEPT
        -:  743:        {return __c1 == __c2;}
        -:  744:    static inline _LIBCPP_CONSTEXPR int_type eof() _NOEXCEPT
        -:  745:        {return int_type(0xFFFF);}
        -:  746:};
        -:  747:
        -:  748:inline _LIBCPP_INLINE_VISIBILITY
        -:  749:int
        -:  750:char_traits<char16_t>::compare(const char_type* __s1, const char_type* __s2, size_t __n)
        -:  751:{
        -:  752:    for (; __n; --__n, ++__s1, ++__s2)
        -:  753:    {
        -:  754:        if (lt(*__s1, *__s2))
        -:  755:            return -1;
        -:  756:        if (lt(*__s2, *__s1))
        -:  757:            return 1;
        -:  758:    }
        -:  759:    return 0;
        -:  760:}
        -:  761:
        -:  762:inline _LIBCPP_INLINE_VISIBILITY
        -:  763:size_t
        -:  764:char_traits<char16_t>::length(const char_type* __s)
        -:  765:{
        -:  766:    size_t __len = 0;
        -:  767:    for (; !eq(*__s, char_type(0)); ++__s)
        -:  768:        ++__len;
        -:  769:    return __len;
        -:  770:}
        -:  771:
        -:  772:inline _LIBCPP_INLINE_VISIBILITY
        -:  773:const char16_t*
        -:  774:char_traits<char16_t>::find(const char_type* __s, size_t __n, const char_type& __a)
        -:  775:{
        -:  776:    for (; __n; --__n)
        -:  777:    {
        -:  778:        if (eq(*__s, __a))
        -:  779:            return __s;
        -:  780:        ++__s;
        -:  781:    }
        -:  782:    return 0;
        -:  783:}
        -:  784:
        -:  785:inline _LIBCPP_INLINE_VISIBILITY
        -:  786:char16_t*
        -:  787:char_traits<char16_t>::move(char_type* __s1, const char_type* __s2, size_t __n)
        -:  788:{
        -:  789:    char_type* __r = __s1;
        -:  790:    if (__s1 < __s2)
        -:  791:    {
        -:  792:        for (; __n; --__n, ++__s1, ++__s2)
        -:  793:            assign(*__s1, *__s2);
        -:  794:    }
        -:  795:    else if (__s2 < __s1)
        -:  796:    {
        -:  797:        __s1 += __n;
        -:  798:        __s2 += __n;
        -:  799:        for (; __n; --__n)
        -:  800:            assign(*--__s1, *--__s2);
        -:  801:    }
        -:  802:    return __r;
        -:  803:}
        -:  804:
        -:  805:inline _LIBCPP_INLINE_VISIBILITY
        -:  806:char16_t*
        -:  807:char_traits<char16_t>::copy(char_type* __s1, const char_type* __s2, size_t __n)
        -:  808:{
        -:  809:    _LIBCPP_ASSERT(__s2 < __s1 || __s2 >= __s1+__n, "char_traits::copy overlapped range");
        -:  810:    char_type* __r = __s1;
        -:  811:    for (; __n; --__n, ++__s1, ++__s2)
        -:  812:        assign(*__s1, *__s2);
        -:  813:    return __r;
        -:  814:}
        -:  815:
        -:  816:inline _LIBCPP_INLINE_VISIBILITY
        -:  817:char16_t*
        -:  818:char_traits<char16_t>::assign(char_type* __s, size_t __n, char_type __a)
        -:  819:{
        -:  820:    char_type* __r = __s;
        -:  821:    for (; __n; --__n, ++__s)
        -:  822:        assign(*__s, __a);
        -:  823:    return __r;
        -:  824:}
        -:  825:
        -:  826:template <>
        -:  827:struct _LIBCPP_TYPE_VIS_ONLY char_traits<char32_t>
        -:  828:{
        -:  829:    typedef char32_t       char_type;
        -:  830:    typedef uint_least32_t int_type;
        -:  831:    typedef streamoff      off_type;
        -:  832:    typedef u32streampos   pos_type;
        -:  833:    typedef mbstate_t      state_type;
        -:  834:
        -:  835:    static inline void assign(char_type& __c1, const char_type& __c2) _NOEXCEPT
        -:  836:        {__c1 = __c2;}
        -:  837:    static inline _LIBCPP_CONSTEXPR bool eq(char_type __c1, char_type __c2) _NOEXCEPT
        -:  838:        {return __c1 == __c2;}
        -:  839:    static inline _LIBCPP_CONSTEXPR bool lt(char_type __c1, char_type __c2) _NOEXCEPT
        -:  840:        {return __c1 < __c2;}
        -:  841:
        -:  842:    static int              compare(const char_type* __s1, const char_type* __s2, size_t __n);
        -:  843:    static size_t           length(const char_type* __s);
        -:  844:    static const char_type* find(const char_type* __s, size_t __n, const char_type& __a);
        -:  845:    static char_type*       move(char_type* __s1, const char_type* __s2, size_t __n);
        -:  846:    static char_type*       copy(char_type* __s1, const char_type* __s2, size_t __n);
        -:  847:    static char_type*       assign(char_type* __s, size_t __n, char_type __a);
        -:  848:
        -:  849:    static inline _LIBCPP_CONSTEXPR int_type  not_eof(int_type __c) _NOEXCEPT
        -:  850:        {return eq_int_type(__c, eof()) ? ~eof() : __c;}
        -:  851:    static inline _LIBCPP_CONSTEXPR char_type to_char_type(int_type __c) _NOEXCEPT
        -:  852:        {return char_type(__c);}
        -:  853:    static inline _LIBCPP_CONSTEXPR int_type to_int_type(char_type __c) _NOEXCEPT
        -:  854:        {return int_type(__c);}
        -:  855:    static inline _LIBCPP_CONSTEXPR bool eq_int_type(int_type __c1, int_type __c2) _NOEXCEPT
        -:  856:        {return __c1 == __c2;}
        -:  857:    static inline _LIBCPP_CONSTEXPR int_type eof() _NOEXCEPT
        -:  858:        {return int_type(0xFFFFFFFF);}
        -:  859:};
        -:  860:
        -:  861:inline _LIBCPP_INLINE_VISIBILITY
        -:  862:int
        -:  863:char_traits<char32_t>::compare(const char_type* __s1, const char_type* __s2, size_t __n)
        -:  864:{
        -:  865:    for (; __n; --__n, ++__s1, ++__s2)
        -:  866:    {
        -:  867:        if (lt(*__s1, *__s2))
        -:  868:            return -1;
        -:  869:        if (lt(*__s2, *__s1))
        -:  870:            return 1;
        -:  871:    }
        -:  872:    return 0;
        -:  873:}
        -:  874:
        -:  875:inline _LIBCPP_INLINE_VISIBILITY
        -:  876:size_t
        -:  877:char_traits<char32_t>::length(const char_type* __s)
        -:  878:{
        -:  879:    size_t __len = 0;
        -:  880:    for (; !eq(*__s, char_type(0)); ++__s)
        -:  881:        ++__len;
        -:  882:    return __len;
        -:  883:}
        -:  884:
        -:  885:inline _LIBCPP_INLINE_VISIBILITY
        -:  886:const char32_t*
        -:  887:char_traits<char32_t>::find(const char_type* __s, size_t __n, const char_type& __a)
        -:  888:{
        -:  889:    for (; __n; --__n)
        -:  890:    {
        -:  891:        if (eq(*__s, __a))
        -:  892:            return __s;
        -:  893:        ++__s;
        -:  894:    }
        -:  895:    return 0;
        -:  896:}
        -:  897:
        -:  898:inline _LIBCPP_INLINE_VISIBILITY
        -:  899:char32_t*
        -:  900:char_traits<char32_t>::move(char_type* __s1, const char_type* __s2, size_t __n)
        -:  901:{
        -:  902:    char_type* __r = __s1;
        -:  903:    if (__s1 < __s2)
        -:  904:    {
        -:  905:        for (; __n; --__n, ++__s1, ++__s2)
        -:  906:            assign(*__s1, *__s2);
        -:  907:    }
        -:  908:    else if (__s2 < __s1)
        -:  909:    {
        -:  910:        __s1 += __n;
        -:  911:        __s2 += __n;
        -:  912:        for (; __n; --__n)
        -:  913:            assign(*--__s1, *--__s2);
        -:  914:    }
        -:  915:    return __r;
        -:  916:}
        -:  917:
        -:  918:inline _LIBCPP_INLINE_VISIBILITY
        -:  919:char32_t*
        -:  920:char_traits<char32_t>::copy(char_type* __s1, const char_type* __s2, size_t __n)
        -:  921:{
        -:  922:    _LIBCPP_ASSERT(__s2 < __s1 || __s2 >= __s1+__n, "char_traits::copy overlapped range");
        -:  923:    char_type* __r = __s1;
        -:  924:    for (; __n; --__n, ++__s1, ++__s2)
        -:  925:        assign(*__s1, *__s2);
        -:  926:    return __r;
        -:  927:}
        -:  928:
        -:  929:inline _LIBCPP_INLINE_VISIBILITY
        -:  930:char32_t*
        -:  931:char_traits<char32_t>::assign(char_type* __s, size_t __n, char_type __a)
        -:  932:{
        -:  933:    char_type* __r = __s;
        -:  934:    for (; __n; --__n, ++__s)
        -:  935:        assign(*__s, __a);
        -:  936:    return __r;
        -:  937:}
        -:  938:
        -:  939:#endif  // _LIBCPP_HAS_NO_UNICODE_CHARS
        -:  940:
        -:  941:// helper fns for basic_string
        -:  942:
        -:  943:// __str_find
        -:  944:template<class _CharT, class _SizeT, class _Traits, _SizeT __npos>
        -:  945:_SizeT _LIBCPP_CONSTEXPR_AFTER_CXX11 _LIBCPP_INLINE_VISIBILITY
        -:  946:__str_find(const _CharT *__p, _SizeT __sz, 
        -:  947:             _CharT __c, _SizeT __pos) _NOEXCEPT
        -:  948:{
        -:  949:    if (__pos >= __sz)
        -:  950:        return __npos;
        -:  951:    const _CharT* __r = _Traits::find(__p + __pos, __sz - __pos, __c);
        -:  952:    if (__r == 0)
        -:  953:        return __npos;
        -:  954:    return static_cast<_SizeT>(__r - __p);
        -:  955:}
        -:  956:
        -:  957:template<class _CharT, class _SizeT, class _Traits, _SizeT __npos>
        -:  958:_SizeT _LIBCPP_CONSTEXPR_AFTER_CXX11 _LIBCPP_INLINE_VISIBILITY
        -:  959:__str_find(const _CharT *__p, _SizeT __sz, 
        -:  960:       const _CharT* __s, _SizeT __pos, _SizeT __n) _NOEXCEPT
        -:  961:{
        -:  962:    if (__pos > __sz || __sz - __pos < __n)
        -:  963:        return __npos;
        -:  964:    if (__n == 0)
        -:  965:        return __pos;
        -:  966:    const _CharT* __r = 
        -:  967:        _VSTD::__search(__p + __pos, __p + __sz,
        -:  968:                        __s, __s + __n, _Traits::eq,
        -:  969:                        random_access_iterator_tag(), random_access_iterator_tag());
        -:  970:    if (__r == __p + __sz)
        -:  971:        return __npos;
        -:  972:    return static_cast<_SizeT>(__r - __p);
        -:  973:}
        -:  974:
        -:  975:
        -:  976:// __str_rfind
        -:  977:
        -:  978:template<class _CharT, class _SizeT, class _Traits, _SizeT __npos>
        -:  979:_SizeT _LIBCPP_CONSTEXPR_AFTER_CXX11 _LIBCPP_INLINE_VISIBILITY
        -:  980:__str_rfind(const _CharT *__p, _SizeT __sz, 
        -:  981:              _CharT __c, _SizeT __pos) _NOEXCEPT
        -:  982:{
        -:  983:    if (__sz < 1)
        -:  984:        return __npos;
        -:  985:    if (__pos < __sz)
        -:  986:        ++__pos;
        -:  987:    else
        -:  988:        __pos = __sz;
        -:  989:    for (const _CharT* __ps = __p + __pos; __ps != __p;)
        -:  990:    {
        -:  991:        if (_Traits::eq(*--__ps, __c))
        -:  992:            return static_cast<_SizeT>(__ps - __p);
        -:  993:    }
        -:  994:    return __npos;
        -:  995:}
        -:  996:
        -:  997:template<class _CharT, class _SizeT, class _Traits, _SizeT __npos>
        -:  998:_SizeT _LIBCPP_CONSTEXPR_AFTER_CXX11 _LIBCPP_INLINE_VISIBILITY
        -:  999:__str_rfind(const _CharT *__p, _SizeT __sz, 
        -: 1000:        const _CharT* __s, _SizeT __pos, _SizeT __n) _NOEXCEPT
        -: 1001:{
        -: 1002:    __pos = _VSTD::min(__pos, __sz);
        -: 1003:    if (__n < __sz - __pos)
        -: 1004:        __pos += __n;
        -: 1005:    else
        -: 1006:        __pos = __sz;
        -: 1007:    const _CharT* __r = _VSTD::__find_end(
        -: 1008:                  __p, __p + __pos, __s, __s + __n, _Traits::eq, 
        -: 1009:                        random_access_iterator_tag(), random_access_iterator_tag());
        -: 1010:    if (__n > 0 && __r == __p + __pos)
        -: 1011:        return __npos;
        -: 1012:    return static_cast<_SizeT>(__r - __p);
        -: 1013:}
        -: 1014:
        -: 1015:// __str_find_first_of
        -: 1016:template<class _CharT, class _SizeT, class _Traits, _SizeT __npos>
        -: 1017:_SizeT _LIBCPP_CONSTEXPR_AFTER_CXX11 _LIBCPP_INLINE_VISIBILITY
        -: 1018:__str_find_first_of(const _CharT *__p, _SizeT __sz,
        -: 1019:                const _CharT* __s, _SizeT __pos, _SizeT __n) _NOEXCEPT
        -: 1020:{
        -: 1021:    if (__pos >= __sz || __n == 0)
        -: 1022:        return __npos;
        -: 1023:    const _CharT* __r = _VSTD::__find_first_of_ce
        -: 1024:        (__p + __pos, __p + __sz, __s, __s + __n, _Traits::eq );
        -: 1025:    if (__r == __p + __sz)
        -: 1026:        return __npos;
        -: 1027:    return static_cast<_SizeT>(__r - __p);
        -: 1028:}
        -: 1029:
        -: 1030:
        -: 1031:// __str_find_last_of
        -: 1032:template<class _CharT, class _SizeT, class _Traits, _SizeT __npos>
        -: 1033:_SizeT _LIBCPP_CONSTEXPR_AFTER_CXX11 _LIBCPP_INLINE_VISIBILITY 
        -: 1034:__str_find_last_of(const _CharT *__p, _SizeT __sz,
        -: 1035:               const _CharT* __s, _SizeT __pos, _SizeT __n) _NOEXCEPT
        -: 1036:    {
        -: 1037:    if (__n != 0)
        -: 1038:    {
        -: 1039:        if (__pos < __sz)
        -: 1040:            ++__pos;
        -: 1041:        else
        -: 1042:            __pos = __sz;
        -: 1043:        for (const _CharT* __ps = __p + __pos; __ps != __p;)
        -: 1044:        {
        -: 1045:            const _CharT* __r = _Traits::find(__s, __n, *--__ps);
        -: 1046:            if (__r)
        -: 1047:                return static_cast<_SizeT>(__ps - __p);
        -: 1048:        }
        -: 1049:    }
        -: 1050:    return __npos;
        -: 1051:}
        -: 1052:
        -: 1053:
        -: 1054:// __str_find_first_not_of
        -: 1055:template<class _CharT, class _SizeT, class _Traits, _SizeT __npos>
        -: 1056:_SizeT _LIBCPP_CONSTEXPR_AFTER_CXX11 _LIBCPP_INLINE_VISIBILITY
        -: 1057:__str_find_first_not_of(const _CharT *__p, _SizeT __sz,
        -: 1058:                    const _CharT* __s, _SizeT __pos, _SizeT __n) _NOEXCEPT
        -: 1059:{
        -: 1060:    if (__pos < __sz)
        -: 1061:    {
        -: 1062:        const _CharT* __pe = __p + __sz;
        -: 1063:        for (const _CharT* __ps = __p + __pos; __ps != __pe; ++__ps)
        -: 1064:            if (_Traits::find(__s, __n, *__ps) == 0)
        -: 1065:                return static_cast<_SizeT>(__ps - __p);
        -: 1066:    }
        -: 1067:    return __npos;
        -: 1068:}
        -: 1069:
        -: 1070:
        -: 1071:template<class _CharT, class _SizeT, class _Traits, _SizeT __npos>
        -: 1072:_SizeT _LIBCPP_CONSTEXPR_AFTER_CXX11 _LIBCPP_INLINE_VISIBILITY
        -: 1073:__str_find_first_not_of(const _CharT *__p, _SizeT __sz,
        -: 1074:                          _CharT __c, _SizeT __pos) _NOEXCEPT
        -: 1075:{
        -: 1076:    if (__pos < __sz)
        -: 1077:    {
        -: 1078:        const _CharT* __pe = __p + __sz;
        -: 1079:        for (const _CharT* __ps = __p + __pos; __ps != __pe; ++__ps)
        -: 1080:            if (!_Traits::eq(*__ps, __c))
        -: 1081:                return static_cast<_SizeT>(__ps - __p);
        -: 1082:    }
        -: 1083:    return __npos;
        -: 1084:}
        -: 1085:
        -: 1086:
        -: 1087:// __str_find_last_not_of
        -: 1088:template<class _CharT, class _SizeT, class _Traits, _SizeT __npos>
        -: 1089:_SizeT _LIBCPP_CONSTEXPR_AFTER_CXX11 _LIBCPP_INLINE_VISIBILITY
        -: 1090:__str_find_last_not_of(const _CharT *__p, _SizeT __sz,
        -: 1091:                   const _CharT* __s, _SizeT __pos, _SizeT __n) _NOEXCEPT
        -: 1092:{
        -: 1093:    if (__pos < __sz)
        -: 1094:        ++__pos;
        -: 1095:    else
        -: 1096:        __pos = __sz;
        -: 1097:    for (const _CharT* __ps = __p + __pos; __ps != __p;)
        -: 1098:        if (_Traits::find(__s, __n, *--__ps) == 0)
        -: 1099:            return static_cast<_SizeT>(__ps - __p);
        -: 1100:    return __npos;
        -: 1101:}
        -: 1102:
        -: 1103:
        -: 1104:template<class _CharT, class _SizeT, class _Traits, _SizeT __npos>
        -: 1105:_SizeT _LIBCPP_CONSTEXPR_AFTER_CXX11 _LIBCPP_INLINE_VISIBILITY
        -: 1106:__str_find_last_not_of(const _CharT *__p, _SizeT __sz,
        -: 1107:                         _CharT __c, _SizeT __pos) _NOEXCEPT
        -: 1108:{
        -: 1109:    if (__pos < __sz)
        -: 1110:        ++__pos;
        -: 1111:    else
        -: 1112:        __pos = __sz;
        -: 1113:    for (const _CharT* __ps = __p + __pos; __ps != __p;)
        -: 1114:        if (!_Traits::eq(*--__ps, __c))
        -: 1115:            return static_cast<_SizeT>(__ps - __p);
        -: 1116:    return __npos;
        -: 1117:}
        -: 1118:
        -: 1119:template<class _Ptr>
        -: 1120:size_t _LIBCPP_INLINE_VISIBILITY __do_string_hash(_Ptr __p, _Ptr __e)
        -: 1121:{
        -: 1122:    typedef typename iterator_traits<_Ptr>::value_type value_type;
        -: 1123:    return __murmur2_or_cityhash<size_t>()(__p, (__e-__p)*sizeof(value_type));
        -: 1124:}
        -: 1125:
        -: 1126:// basic_string
        -: 1127:
        -: 1128:template<class _CharT, class _Traits, class _Allocator>
        -: 1129:basic_string<_CharT, _Traits, _Allocator>
        -: 1130:operator+(const basic_string<_CharT, _Traits, _Allocator>& __x,
        -: 1131:          const basic_string<_CharT, _Traits, _Allocator>& __y);
        -: 1132:
        -: 1133:template<class _CharT, class _Traits, class _Allocator>
        -: 1134:basic_string<_CharT, _Traits, _Allocator>
        -: 1135:operator+(const _CharT* __x, const basic_string<_CharT,_Traits,_Allocator>& __y);
        -: 1136:
        -: 1137:template<class _CharT, class _Traits, class _Allocator>
        -: 1138:basic_string<_CharT, _Traits, _Allocator>
        -: 1139:operator+(_CharT __x, const basic_string<_CharT,_Traits,_Allocator>& __y);
        -: 1140:
        -: 1141:template<class _CharT, class _Traits, class _Allocator>
        -: 1142:basic_string<_CharT, _Traits, _Allocator>
        -: 1143:operator+(const basic_string<_CharT, _Traits, _Allocator>& __x, const _CharT* __y);
        -: 1144:
        -: 1145:template<class _CharT, class _Traits, class _Allocator>
        -: 1146:basic_string<_CharT, _Traits, _Allocator>
        -: 1147:operator+(const basic_string<_CharT, _Traits, _Allocator>& __x, _CharT __y);
        -: 1148:
        -: 1149:template <bool>
        -: 1150:class _LIBCPP_TYPE_VIS_ONLY __basic_string_common
        -: 1151:{
        -: 1152:protected:
        -: 1153:    void __throw_length_error() const;
        -: 1154:    void __throw_out_of_range() const;
        -: 1155:};
        -: 1156:
        -: 1157:template <bool __b>
        -: 1158:void
        -: 1159:__basic_string_common<__b>::__throw_length_error() const
        -: 1160:{
        -: 1161:#ifndef _LIBCPP_NO_EXCEPTIONS
        -: 1162:    throw length_error("basic_string");
        -: 1163:#else
        -: 1164:    assert(!"basic_string length_error");
        -: 1165:#endif
        -: 1166:}
        -: 1167:
        -: 1168:template <bool __b>
        -: 1169:void
        -: 1170:__basic_string_common<__b>::__throw_out_of_range() const
        -: 1171:{
        -: 1172:#ifndef _LIBCPP_NO_EXCEPTIONS
        -: 1173:    throw out_of_range("basic_string");
        -: 1174:#else
        -: 1175:    assert(!"basic_string out_of_range");
        -: 1176:#endif
        -: 1177:}
        -: 1178:
        -: 1179:#ifdef _LIBCPP_MSVC
        -: 1180:#pragma warning( push )
        -: 1181:#pragma warning( disable: 4231 )
        -: 1182:#endif // _LIBCPP_MSVC
        -: 1183:_LIBCPP_EXTERN_TEMPLATE(class _LIBCPP_TYPE_VIS __basic_string_common<true>)
        -: 1184:#ifdef _LIBCPP_MSVC
        -: 1185:#pragma warning( pop )
        -: 1186:#endif // _LIBCPP_MSVC
        -: 1187:
        -: 1188:#ifdef _LIBCPP_ALTERNATE_STRING_LAYOUT
        -: 1189:
        -: 1190:template <class _CharT, size_t = sizeof(_CharT)>
        -: 1191:struct __padding
        -: 1192:{
        -: 1193:    unsigned char __xx[sizeof(_CharT)-1];
        -: 1194:};
        -: 1195:
        -: 1196:template <class _CharT>
        -: 1197:struct __padding<_CharT, 1>
        -: 1198:{
        -: 1199:};
        -: 1200:
        -: 1201:#endif  // _LIBCPP_ALTERNATE_STRING_LAYOUT
        -: 1202:
        -: 1203:template<class _CharT, class _Traits, class _Allocator>
        -: 1204:class _LIBCPP_TYPE_VIS_ONLY basic_string
        -: 1205:    : private __basic_string_common<true>
        -: 1206:{
        -: 1207:public:
        -: 1208:    typedef basic_string                                 __self;
        -: 1209:    typedef _Traits                                      traits_type;
        -: 1210:    typedef typename traits_type::char_type              value_type;
        -: 1211:    typedef _Allocator                                   allocator_type;
        -: 1212:    typedef allocator_traits<allocator_type>             __alloc_traits;
        -: 1213:    typedef typename __alloc_traits::size_type           size_type;
        -: 1214:    typedef typename __alloc_traits::difference_type     difference_type;
        -: 1215:    typedef value_type&                                  reference;
        -: 1216:    typedef const value_type&                            const_reference;
        -: 1217:    typedef typename __alloc_traits::pointer             pointer;
        -: 1218:    typedef typename __alloc_traits::const_pointer       const_pointer;
        -: 1219:
        -: 1220:    static_assert(is_pod<value_type>::value, "Character type of basic_string must be a POD");
        -: 1221:    static_assert((is_same<_CharT, value_type>::value),
        -: 1222:                  "traits_type::char_type must be the same type as CharT");
        -: 1223:    static_assert((is_same<typename allocator_type::value_type, value_type>::value),
        -: 1224:                  "Allocator::value_type must be same type as value_type");
        -: 1225:#if defined(_LIBCPP_RAW_ITERATORS)
        -: 1226:    typedef pointer                                      iterator;
        -: 1227:    typedef const_pointer                                const_iterator;
        -: 1228:#else  // defined(_LIBCPP_RAW_ITERATORS)
        -: 1229:    typedef __wrap_iter<pointer>                         iterator;
        -: 1230:    typedef __wrap_iter<const_pointer>                   const_iterator;
        -: 1231:#endif  // defined(_LIBCPP_RAW_ITERATORS)
        -: 1232:    typedef _VSTD::reverse_iterator<iterator>             reverse_iterator;
        -: 1233:    typedef _VSTD::reverse_iterator<const_iterator>       const_reverse_iterator;
        -: 1234:
        -: 1235:private:
        -: 1236:
        -: 1237:#ifdef _LIBCPP_ALTERNATE_STRING_LAYOUT
        -: 1238:
        -: 1239:    struct __long
        -: 1240:    {
        -: 1241:        pointer   __data_;
        -: 1242:        size_type __size_;
        -: 1243:        size_type __cap_;
        -: 1244:    };
        -: 1245:
        -: 1246:#if _LIBCPP_BIG_ENDIAN
        -: 1247:    enum {__short_mask = 0x01};
        -: 1248:    enum {__long_mask  = 0x1ul};
        -: 1249:#else  // _LIBCPP_BIG_ENDIAN
        -: 1250:    enum {__short_mask = 0x80};
        -: 1251:    enum {__long_mask  = ~(size_type(~0) >> 1)};
        -: 1252:#endif  // _LIBCPP_BIG_ENDIAN
        -: 1253:
        -: 1254:    enum {__min_cap = (sizeof(__long) - 1)/sizeof(value_type) > 2 ?
        -: 1255:                      (sizeof(__long) - 1)/sizeof(value_type) : 2};
        -: 1256:
        -: 1257:    struct __short
        -: 1258:    {
        -: 1259:        value_type __data_[__min_cap];
        -: 1260:        struct
        -: 1261:            : __padding<value_type>
        -: 1262:        {
        -: 1263:            unsigned char __size_;
        -: 1264:        };
        -: 1265:    };
        -: 1266:
        -: 1267:#else
        -: 1268:
        -: 1269:    struct __long
        -: 1270:    {
        -: 1271:        size_type __cap_;
        -: 1272:        size_type __size_;
        -: 1273:        pointer   __data_;
        -: 1274:    };
        -: 1275:
        -: 1276:#if _LIBCPP_BIG_ENDIAN
        -: 1277:    enum {__short_mask = 0x80};
        -: 1278:    enum {__long_mask  = ~(size_type(~0) >> 1)};
        -: 1279:#else  // _LIBCPP_BIG_ENDIAN
        -: 1280:    enum {__short_mask = 0x01};
        -: 1281:    enum {__long_mask  = 0x1ul};
        -: 1282:#endif  // _LIBCPP_BIG_ENDIAN
        -: 1283:
        -: 1284:    enum {__min_cap = (sizeof(__long) - 1)/sizeof(value_type) > 2 ?
        -: 1285:                      (sizeof(__long) - 1)/sizeof(value_type) : 2};
        -: 1286:
        -: 1287:    struct __short
        -: 1288:    {
        -: 1289:        union
        -: 1290:        {
        -: 1291:            unsigned char __size_;
        -: 1292:            value_type __lx;
        -: 1293:        };
        -: 1294:        value_type __data_[__min_cap];
        -: 1295:    };
        -: 1296:
        -: 1297:#endif  // _LIBCPP_ALTERNATE_STRING_LAYOUT
        -: 1298:
        -: 1299:    union __ulx{__long __lx; __short __lxx;};
        -: 1300:
        -: 1301:    enum {__n_words = sizeof(__ulx) / sizeof(size_type)};
        -: 1302:
        -: 1303:    struct __raw
        -: 1304:    {
        -: 1305:        size_type __words[__n_words];
        -: 1306:    };
        -: 1307:
        -: 1308:    struct __rep
        -: 1309:    {
        -: 1310:        union
        -: 1311:        {
        -: 1312:            __long  __l;
        -: 1313:            __short __s;
        -: 1314:            __raw   __r;
        -: 1315:        };
        -: 1316:    };
        -: 1317:
        -: 1318:    __compressed_pair<__rep, allocator_type> __r_;
        -: 1319:
        -: 1320:public:
        -: 1321:    static const size_type npos = -1;
        -: 1322:
        8: 1323:    _LIBCPP_INLINE_VISIBILITY basic_string()
        -: 1324:        _NOEXCEPT_(is_nothrow_default_constructible<allocator_type>::value);
        -: 1325:
        -: 1326:    _LIBCPP_INLINE_VISIBILITY explicit basic_string(const allocator_type& __a)
        -: 1327:#if _LIBCPP_STD_VER <= 14
        -: 1328:        _NOEXCEPT_(is_nothrow_copy_constructible<allocator_type>::value);
        -: 1329:#else
        -: 1330:        _NOEXCEPT;
        -: 1331:#endif
        -: 1332:
        -: 1333:    basic_string(const basic_string& __str);
        -: 1334:    basic_string(const basic_string& __str, const allocator_type& __a);
        -: 1335:
        -: 1336:#ifndef _LIBCPP_HAS_NO_RVALUE_REFERENCES
        -: 1337:    _LIBCPP_INLINE_VISIBILITY
        -: 1338:    basic_string(basic_string&& __str)
        -: 1339:#if _LIBCPP_STD_VER <= 14
        -: 1340:        _NOEXCEPT_(is_nothrow_move_constructible<allocator_type>::value);
        -: 1341:#else
        -: 1342:        _NOEXCEPT;
        -: 1343:#endif
        -: 1344:
        -: 1345:    _LIBCPP_INLINE_VISIBILITY
        -: 1346:    basic_string(basic_string&& __str, const allocator_type& __a);
        -: 1347:#endif  // _LIBCPP_HAS_NO_RVALUE_REFERENCES
        1: 1348:    _LIBCPP_INLINE_VISIBILITY basic_string(const value_type* __s);
        -: 1349:    _LIBCPP_INLINE_VISIBILITY
        -: 1350:    basic_string(const value_type* __s, const allocator_type& __a);
        -: 1351:    _LIBCPP_INLINE_VISIBILITY
        -: 1352:    basic_string(const value_type* __s, size_type __n);
        -: 1353:    _LIBCPP_INLINE_VISIBILITY
        -: 1354:    basic_string(const value_type* __s, size_type __n, const allocator_type& __a);
        -: 1355:    _LIBCPP_INLINE_VISIBILITY
        -: 1356:    basic_string(size_type __n, value_type __c);
        -: 1357:    _LIBCPP_INLINE_VISIBILITY
        -: 1358:    basic_string(size_type __n, value_type __c, const allocator_type& __a);
        -: 1359:    basic_string(const basic_string& __str, size_type __pos, size_type __n = npos,
        -: 1360:                 const allocator_type& __a = allocator_type());
        -: 1361:    template<class _InputIterator>
        -: 1362:        _LIBCPP_INLINE_VISIBILITY
        -: 1363:        basic_string(_InputIterator __first, _InputIterator __last);
        -: 1364:    template<class _InputIterator>
        -: 1365:        _LIBCPP_INLINE_VISIBILITY
        -: 1366:        basic_string(_InputIterator __first, _InputIterator __last, const allocator_type& __a);
        -: 1367:#ifndef _LIBCPP_HAS_NO_GENERALIZED_INITIALIZERS
        -: 1368:    _LIBCPP_INLINE_VISIBILITY
        -: 1369:    basic_string(initializer_list<value_type> __il);
        -: 1370:    _LIBCPP_INLINE_VISIBILITY
        -: 1371:    basic_string(initializer_list<value_type> __il, const allocator_type& __a);
        -: 1372:#endif  // _LIBCPP_HAS_NO_GENERALIZED_INITIALIZERS
        -: 1373:
        -: 1374:    ~basic_string();
        -: 1375:
        -: 1376:    basic_string& operator=(const basic_string& __str);
        -: 1377:#ifndef _LIBCPP_HAS_NO_RVALUE_REFERENCES
        -: 1378:    _LIBCPP_INLINE_VISIBILITY
        -: 1379:    basic_string& operator=(basic_string&& __str)
        -: 1380:        _NOEXCEPT_(__alloc_traits::propagate_on_container_move_assignment::value &&
        -: 1381:                   is_nothrow_move_assignable<allocator_type>::value);
        -: 1382:#endif
        -: 1383:    _LIBCPP_INLINE_VISIBILITY basic_string& operator=(const value_type* __s) {return assign(__s);}
        -: 1384:    basic_string& operator=(value_type __c);
        -: 1385:#ifndef _LIBCPP_HAS_NO_GENERALIZED_INITIALIZERS
        -: 1386:    _LIBCPP_INLINE_VISIBILITY
        -: 1387:    basic_string& operator=(initializer_list<value_type> __il) {return assign(__il.begin(), __il.size());}
        -: 1388:#endif  // _LIBCPP_HAS_NO_GENERALIZED_INITIALIZERS
        -: 1389:
        -: 1390:#if _LIBCPP_DEBUG_LEVEL >= 2
        -: 1391:    _LIBCPP_INLINE_VISIBILITY
        -: 1392:    iterator begin() _NOEXCEPT
        -: 1393:        {return iterator(this, __get_pointer());}
        -: 1394:    _LIBCPP_INLINE_VISIBILITY
        -: 1395:    const_iterator begin() const _NOEXCEPT
        -: 1396:        {return const_iterator(this, __get_pointer());}
        -: 1397:    _LIBCPP_INLINE_VISIBILITY
        -: 1398:    iterator end() _NOEXCEPT
        -: 1399:        {return iterator(this, __get_pointer() + size());}
        -: 1400:    _LIBCPP_INLINE_VISIBILITY
        -: 1401:    const_iterator end() const _NOEXCEPT
        -: 1402:        {return const_iterator(this, __get_pointer() + size());}
        -: 1403:#else
        -: 1404:    _LIBCPP_INLINE_VISIBILITY
        -: 1405:    iterator begin() _NOEXCEPT
        -: 1406:        {return iterator(__get_pointer());}
        -: 1407:    _LIBCPP_INLINE_VISIBILITY
        -: 1408:    const_iterator begin() const _NOEXCEPT
        -: 1409:        {return const_iterator(__get_pointer());}
        -: 1410:    _LIBCPP_INLINE_VISIBILITY
        -: 1411:    iterator end() _NOEXCEPT
        -: 1412:        {return iterator(__get_pointer() + size());}
        -: 1413:    _LIBCPP_INLINE_VISIBILITY
        -: 1414:    const_iterator end() const _NOEXCEPT
        -: 1415:        {return const_iterator(__get_pointer() + size());}
        -: 1416:#endif  // _LIBCPP_DEBUG_LEVEL >= 2
        -: 1417:    _LIBCPP_INLINE_VISIBILITY
        -: 1418:    reverse_iterator rbegin() _NOEXCEPT
        -: 1419:        {return reverse_iterator(end());}
        -: 1420:    _LIBCPP_INLINE_VISIBILITY
        -: 1421:    const_reverse_iterator rbegin() const _NOEXCEPT
        -: 1422:        {return const_reverse_iterator(end());}
        -: 1423:    _LIBCPP_INLINE_VISIBILITY
        -: 1424:    reverse_iterator rend() _NOEXCEPT
        -: 1425:        {return reverse_iterator(begin());}
        -: 1426:    _LIBCPP_INLINE_VISIBILITY
        -: 1427:    const_reverse_iterator rend() const _NOEXCEPT
        -: 1428:        {return const_reverse_iterator(begin());}
        -: 1429:
        -: 1430:    _LIBCPP_INLINE_VISIBILITY
        -: 1431:    const_iterator cbegin() const _NOEXCEPT
        -: 1432:        {return begin();}
        -: 1433:    _LIBCPP_INLINE_VISIBILITY
        -: 1434:    const_iterator cend() const _NOEXCEPT
        -: 1435:        {return end();}
        -: 1436:    _LIBCPP_INLINE_VISIBILITY
        -: 1437:    const_reverse_iterator crbegin() const _NOEXCEPT
        -: 1438:        {return rbegin();}
        -: 1439:    _LIBCPP_INLINE_VISIBILITY
        -: 1440:    const_reverse_iterator crend() const _NOEXCEPT
        -: 1441:        {return rend();}
        -: 1442:
        -: 1443:    _LIBCPP_INLINE_VISIBILITY size_type size() const _NOEXCEPT
    #####: 1444:        {return __is_long() ? __get_long_size() : __get_short_size();}
        -: 1445:    _LIBCPP_INLINE_VISIBILITY size_type length() const _NOEXCEPT {return size();}
        -: 1446:    _LIBCPP_INLINE_VISIBILITY size_type max_size() const _NOEXCEPT;
        -: 1447:    _LIBCPP_INLINE_VISIBILITY size_type capacity() const _NOEXCEPT
    #####: 1448:        {return (__is_long() ? __get_long_cap() : __min_cap) - 1;}
        -: 1449:
        -: 1450:    void resize(size_type __n, value_type __c);
    #####: 1451:    _LIBCPP_INLINE_VISIBILITY void resize(size_type __n) {resize(__n, value_type());}
        -: 1452:
        -: 1453:    void reserve(size_type res_arg = 0);
        -: 1454:    _LIBCPP_INLINE_VISIBILITY
        -: 1455:    void shrink_to_fit() _NOEXCEPT {reserve();}
        -: 1456:    _LIBCPP_INLINE_VISIBILITY
        -: 1457:    void clear() _NOEXCEPT;
        -: 1458:    _LIBCPP_INLINE_VISIBILITY bool empty() const _NOEXCEPT {return size() == 0;}
        -: 1459:
        -: 1460:    _LIBCPP_INLINE_VISIBILITY const_reference operator[](size_type __pos) const;
        -: 1461:    _LIBCPP_INLINE_VISIBILITY reference       operator[](size_type __pos);
        -: 1462:
        -: 1463:    const_reference at(size_type __n) const;
        -: 1464:    reference       at(size_type __n);
        -: 1465:
        -: 1466:    _LIBCPP_INLINE_VISIBILITY basic_string& operator+=(const basic_string& __str) {return append(__str);}
        -: 1467:    _LIBCPP_INLINE_VISIBILITY basic_string& operator+=(const value_type* __s)         {return append(__s);}
        -: 1468:    _LIBCPP_INLINE_VISIBILITY basic_string& operator+=(value_type __c)            {push_back(__c); return *this;}
        -: 1469:#ifndef _LIBCPP_HAS_NO_GENERALIZED_INITIALIZERS
        -: 1470:    _LIBCPP_INLINE_VISIBILITY basic_string& operator+=(initializer_list<value_type> __il) {return append(__il);}
        -: 1471:#endif  // _LIBCPP_HAS_NO_GENERALIZED_INITIALIZERS
        -: 1472:
        -: 1473:    _LIBCPP_INLINE_VISIBILITY
        -: 1474:    basic_string& append(const basic_string& __str);
        -: 1475:    basic_string& append(const basic_string& __str, size_type __pos, size_type __n=npos);
        -: 1476:    basic_string& append(const value_type* __s, size_type __n);
        -: 1477:    basic_string& append(const value_type* __s);
        -: 1478:    basic_string& append(size_type __n, value_type __c);
        -: 1479:    template<class _InputIterator>
        -: 1480:        typename enable_if
        -: 1481:        <
        -: 1482:             __is_input_iterator  <_InputIterator>::value &&
        -: 1483:            !__is_forward_iterator<_InputIterator>::value,
        -: 1484:            basic_string&
        -: 1485:        >::type
        -: 1486:        append(_InputIterator __first, _InputIterator __last);
        -: 1487:    template<class _ForwardIterator>
        -: 1488:        typename enable_if
        -: 1489:        <
        -: 1490:            __is_forward_iterator<_ForwardIterator>::value,
        -: 1491:            basic_string&
        -: 1492:        >::type
        -: 1493:        append(_ForwardIterator __first, _ForwardIterator __last);
        -: 1494:#ifndef _LIBCPP_HAS_NO_GENERALIZED_INITIALIZERS
        -: 1495:    _LIBCPP_INLINE_VISIBILITY
        -: 1496:    basic_string& append(initializer_list<value_type> __il) {return append(__il.begin(), __il.size());}
        -: 1497:#endif  // _LIBCPP_HAS_NO_GENERALIZED_INITIALIZERS
        -: 1498:
        -: 1499:    void push_back(value_type __c);
        -: 1500:    _LIBCPP_INLINE_VISIBILITY
        -: 1501:    void pop_back();
        -: 1502:    _LIBCPP_INLINE_VISIBILITY reference       front();
        -: 1503:    _LIBCPP_INLINE_VISIBILITY const_reference front() const;
        -: 1504:    _LIBCPP_INLINE_VISIBILITY reference       back();
        -: 1505:    _LIBCPP_INLINE_VISIBILITY const_reference back() const;
        -: 1506:
        -: 1507:    _LIBCPP_INLINE_VISIBILITY
[...]
        -: 3883:operator> (const _CharT* __lhs,
        -: 3884:           const basic_string<_CharT, _Traits, _Allocator>& __rhs) _NOEXCEPT
        -: 3885:{
        -: 3886:    return __rhs < __lhs;
        -: 3887:}
        -: 3888:
        -: 3889:// operator<=
        -: 3890:
        -: 3891:template<class _CharT, class _Traits, class _Allocator>
        -: 3892:inline _LIBCPP_INLINE_VISIBILITY
        -: 3893:bool
        -: 3894:operator<=(const basic_string<_CharT, _Traits, _Allocator>& __lhs,
        -: 3895:           const basic_string<_CharT, _Traits, _Allocator>& __rhs) _NOEXCEPT
        -: 3896:{
        -: 3897:    return !(__rhs < __lhs);
        -: 3898:}
        -: 3899:
        -: 3900:template<class _CharT, class _Traits, class _Allocator>
        -: 3901:inline _LIBCPP_INLINE_VISIBILITY
        -: 3902:bool
        -: 3903:operator<=(const basic_string<_CharT, _Traits, _Allocator>& __lhs,
        -: 3904:           const _CharT* __rhs) _NOEXCEPT
        -: 3905:{
        -: 3906:    return !(__rhs < __lhs);
        -: 3907:}
        -: 3908:
        -: 3909:template<class _CharT, class _Traits, class _Allocator>
        -: 3910:inline _LIBCPP_INLINE_VISIBILITY
        -: 3911:bool
        -: 3912:operator<=(const _CharT* __lhs,
        -: 3913:           const basic_string<_CharT, _Traits, _Allocator>& __rhs) _NOEXCEPT
        -: 3914:{
        -: 3915:    return !(__rhs < __lhs);
        -: 3916:}
        -: 3917:
        -: 3918:// operator>=
        -: 3919:
        -: 3920:template<class _CharT, class _Traits, class _Allocator>
        -: 3921:inline _LIBCPP_INLINE_VISIBILITY
        -: 3922:bool
        -: 3923:operator>=(const basic_string<_CharT, _Traits, _Allocator>& __lhs,
        -: 3924:           const basic_string<_CharT, _Traits, _Allocator>& __rhs) _NOEXCEPT
        -: 3925:{
        -: 3926:    return !(__lhs < __rhs);
        -: 3927:}
        -: 3928:
        -: 3929:template<class _CharT, class _Traits, class _Allocator>
        -: 3930:inline _LIBCPP_INLINE_VISIBILITY
        -: 3931:bool
        -: 3932:operator>=(const basic_string<_CharT, _Traits, _Allocator>& __lhs,
        -: 3933:           const _CharT* __rhs) _NOEXCEPT
        -: 3934:{
        -: 3935:    return !(__lhs < __rhs);
        -: 3936:}
        -: 3937:
        -: 3938:template<class _CharT, class _Traits, class _Allocator>
        -: 3939:inline _LIBCPP_INLINE_VISIBILITY
        -: 3940:bool
        -: 3941:operator>=(const _CharT* __lhs,
        -: 3942:           const basic_string<_CharT, _Traits, _Allocator>& __rhs) _NOEXCEPT
        -: 3943:{
        -: 3944:    return !(__lhs < __rhs);
        -: 3945:}
        -: 3946:
        -: 3947:// operator +
        -: 3948:
        -: 3949:template<class _CharT, class _Traits, class _Allocator>
        -: 3950:basic_string<_CharT, _Traits, _Allocator>
        -: 3951:operator+(const basic_string<_CharT, _Traits, _Allocator>& __lhs,
        -: 3952:          const basic_string<_CharT, _Traits, _Allocator>& __rhs)
        -: 3953:{
        -: 3954:    basic_string<_CharT, _Traits, _Allocator> __r(__lhs.get_allocator());
        -: 3955:    typename basic_string<_CharT, _Traits, _Allocator>::size_type __lhs_sz = __lhs.size();
        -: 3956:    typename basic_string<_CharT, _Traits, _Allocator>::size_type __rhs_sz = __rhs.size();
        -: 3957:    __r.__init(__lhs.data(), __lhs_sz, __lhs_sz + __rhs_sz);
        -: 3958:    __r.append(__rhs.data(), __rhs_sz);
        -: 3959:    return __r;
        -: 3960:}
        -: 3961:
        -: 3962:template<class _CharT, class _Traits, class _Allocator>
        -: 3963:basic_string<_CharT, _Traits, _Allocator>
        -: 3964:operator+(const _CharT* __lhs , const basic_string<_CharT,_Traits,_Allocator>& __rhs)
        -: 3965:{
        -: 3966:    basic_string<_CharT, _Traits, _Allocator> __r(__rhs.get_allocator());
        -: 3967:    typename basic_string<_CharT, _Traits, _Allocator>::size_type __lhs_sz = _Traits::length(__lhs);
        -: 3968:    typename basic_string<_CharT, _Traits, _Allocator>::size_type __rhs_sz = __rhs.size();
        -: 3969:    __r.__init(__lhs, __lhs_sz, __lhs_sz + __rhs_sz);
        -: 3970:    __r.append(__rhs.data(), __rhs_sz);
        -: 3971:    return __r;
        -: 3972:}
        -: 3973:
        -: 3974:template<class _CharT, class _Traits, class _Allocator>
        -: 3975:basic_string<_CharT, _Traits, _Allocator>
        -: 3976:operator+(_CharT __lhs, const basic_string<_CharT,_Traits,_Allocator>& __rhs)
        -: 3977:{
        -: 3978:    basic_string<_CharT, _Traits, _Allocator> __r(__rhs.get_allocator());
        -: 3979:    typename basic_string<_CharT, _Traits, _Allocator>::size_type __rhs_sz = __rhs.size();
        -: 3980:    __r.__init(&__lhs, 1, 1 + __rhs_sz);
        -: 3981:    __r.append(__rhs.data(), __rhs_sz);
        -: 3982:    return __r;
        -: 3983:}
        -: 3984:
        -: 3985:template<class _CharT, class _Traits, class _Allocator>
        -: 3986:basic_string<_CharT, _Traits, _Allocator>
        -: 3987:operator+(const basic_string<_CharT, _Traits, _Allocator>& __lhs, const _CharT* __rhs)
        -: 3988:{
        -: 3989:    basic_string<_CharT, _Traits, _Allocator> __r(__lhs.get_allocator());
        -: 3990:    typename basic_string<_CharT, _Traits, _Allocator>::size_type __lhs_sz = __lhs.size();
        -: 3991:    typename basic_string<_CharT, _Traits, _Allocator>::size_type __rhs_sz = _Traits::length(__rhs);
        -: 3992:    __r.__init(__lhs.data(), __lhs_sz, __lhs_sz + __rhs_sz);
        -: 3993:    __r.append(__rhs, __rhs_sz);
        -: 3994:    return __r;
        -: 3995:}
        -: 3996:
        -: 3997:template<class _CharT, class _Traits, class _Allocator>
        -: 3998:basic_string<_CharT, _Traits, _Allocator>
        -: 3999:operator+(const basic_string<_CharT, _Traits, _Allocator>& __lhs, _CharT __rhs)
        -: 4000:{
        -: 4001:    basic_string<_CharT, _Traits, _Allocator> __r(__lhs.get_allocator());
        -: 4002:    typename basic_string<_CharT, _Traits, _Allocator>::size_type __lhs_sz = __lhs.size();
        -: 4003:    __r.__init(__lhs.data(), __lhs_sz, __lhs_sz + 1);
        -: 4004:    __r.push_back(__rhs);
        -: 4005:    return __r;
        -: 4006:}
        -: 4007:
        -: 4008:#ifndef _LIBCPP_HAS_NO_RVALUE_REFERENCES
        -: 4009:
        -: 4010:template<class _CharT, class _Traits, class _Allocator>
        -: 4011:inline _LIBCPP_INLINE_VISIBILITY
        -: 4012:basic_string<_CharT, _Traits, _Allocator>
        -: 4013:operator+(basic_string<_CharT, _Traits, _Allocator>&& __lhs, const basic_string<_CharT, _Traits, _Allocator>& __rhs)
        -: 4014:{
        -: 4015:    return _VSTD::move(__lhs.append(__rhs));
        -: 4016:}
        -: 4017:
        -: 4018:template<class _CharT, class _Traits, class _Allocator>
        -: 4019:inline _LIBCPP_INLINE_VISIBILITY
        -: 4020:basic_string<_CharT, _Traits, _Allocator>
        -: 4021:operator+(const basic_string<_CharT, _Traits, _Allocator>& __lhs, basic_string<_CharT, _Traits, _Allocator>&& __rhs)
        -: 4022:{
        -: 4023:    return _VSTD::move(__rhs.insert(0, __lhs));
        -: 4024:}
        -: 4025:
        -: 4026:template<class _CharT, class _Traits, class _Allocator>
        -: 4027:inline _LIBCPP_INLINE_VISIBILITY
        -: 4028:basic_string<_CharT, _Traits, _Allocator>
        -: 4029:operator+(basic_string<_CharT, _Traits, _Allocator>&& __lhs, basic_string<_CharT, _Traits, _Allocator>&& __rhs)
        -: 4030:{
        -: 4031:    return _VSTD::move(__lhs.append(__rhs));
        -: 4032:}
        -: 4033:
        -: 4034:template<class _CharT, class _Traits, class _Allocator>
        -: 4035:inline _LIBCPP_INLINE_VISIBILITY
        -: 4036:basic_string<_CharT, _Traits, _Allocator>
        -: 4037:operator+(const _CharT* __lhs , basic_string<_CharT,_Traits,_Allocator>&& __rhs)
        -: 4038:{
        -: 4039:    return _VSTD::move(__rhs.insert(0, __lhs));
        -: 4040:}
        -: 4041:
        -: 4042:template<class _CharT, class _Traits, class _Allocator>
        -: 4043:inline _LIBCPP_INLINE_VISIBILITY
        -: 4044:basic_string<_CharT, _Traits, _Allocator>
        -: 4045:operator+(_CharT __lhs, basic_string<_CharT,_Traits,_Allocator>&& __rhs)
        -: 4046:{
        -: 4047:    __rhs.insert(__rhs.begin(), __lhs);
        -: 4048:    return _VSTD::move(__rhs);
        -: 4049:}
        -: 4050:
        -: 4051:template<class _CharT, class _Traits, class _Allocator>
        -: 4052:inline _LIBCPP_INLINE_VISIBILITY
        -: 4053:basic_string<_CharT, _Traits, _Allocator>
        -: 4054:operator+(basic_string<_CharT, _Traits, _Allocator>&& __lhs, const _CharT* __rhs)
        -: 4055:{
        -: 4056:    return _VSTD::move(__lhs.append(__rhs));
        -: 4057:}
        -: 4058:
        -: 4059:template<class _CharT, class _Traits, class _Allocator>
        -: 4060:inline _LIBCPP_INLINE_VISIBILITY
        -: 4061:basic_string<_CharT, _Traits, _Allocator>
        -: 4062:operator+(basic_string<_CharT, _Traits, _Allocator>&& __lhs, _CharT __rhs)
        -: 4063:{
        -: 4064:    __lhs.push_back(__rhs);
        -: 4065:    return _VSTD::move(__lhs);
        -: 4066:}
        -: 4067:
        -: 4068:#endif  // _LIBCPP_HAS_NO_RVALUE_REFERENCES
        -: 4069:
        -: 4070:// swap
        -: 4071:
        -: 4072:template<class _CharT, class _Traits, class _Allocator>
        -: 4073:inline _LIBCPP_INLINE_VISIBILITY
        -: 4074:void
        -: 4075:swap(basic_string<_CharT, _Traits, _Allocator>& __lhs,
        -: 4076:     basic_string<_CharT, _Traits, _Allocator>& __rhs)
        -: 4077:     _NOEXCEPT_(_NOEXCEPT_(__lhs.swap(__rhs)))
        -: 4078:{
        -: 4079:    __lhs.swap(__rhs);
        -: 4080:}
        -: 4081:
        -: 4082:#ifndef _LIBCPP_HAS_NO_UNICODE_CHARS
        -: 4083:
        -: 4084:typedef basic_string<char16_t> u16string;
        -: 4085:typedef basic_string<char32_t> u32string;
        -: 4086:
        -: 4087:#endif  // _LIBCPP_HAS_NO_UNICODE_CHARS
        -: 4088:
        -: 4089:_LIBCPP_FUNC_VIS int                stoi  (const string& __str, size_t* __idx = 0, int __base = 10);
        -: 4090:_LIBCPP_FUNC_VIS long               stol  (const string& __str, size_t* __idx = 0, int __base = 10);
        -: 4091:_LIBCPP_FUNC_VIS unsigned long      stoul (const string& __str, size_t* __idx = 0, int __base = 10);
        -: 4092:_LIBCPP_FUNC_VIS long long          stoll (const string& __str, size_t* __idx = 0, int __base = 10);
        -: 4093:_LIBCPP_FUNC_VIS unsigned long long stoull(const string& __str, size_t* __idx = 0, int __base = 10);
        -: 4094:
        -: 4095:_LIBCPP_FUNC_VIS float       stof (const string& __str, size_t* __idx = 0);
        -: 4096:_LIBCPP_FUNC_VIS double      stod (const string& __str, size_t* __idx = 0);
        -: 4097:_LIBCPP_FUNC_VIS long double stold(const string& __str, size_t* __idx = 0);
        -: 4098:
        -: 4099:_LIBCPP_FUNC_VIS string to_string(int __val);
        -: 4100:_LIBCPP_FUNC_VIS string to_string(unsigned __val);
        -: 4101:_LIBCPP_FUNC_VIS string to_string(long __val);
        -: 4102:_LIBCPP_FUNC_VIS string to_string(unsigned long __val);
        -: 4103:_LIBCPP_FUNC_VIS string to_string(long long __val);
        -: 4104:_LIBCPP_FUNC_VIS string to_string(unsigned long long __val);
        -: 4105:_LIBCPP_FUNC_VIS string to_string(float __val);
        -: 4106:_LIBCPP_FUNC_VIS string to_string(double __val);
        -: 4107:_LIBCPP_FUNC_VIS string to_string(long double __val);
        -: 4108:
        -: 4109:_LIBCPP_FUNC_VIS int                stoi  (const wstring& __str, size_t* __idx = 0, int __base = 10);
        -: 4110:_LIBCPP_FUNC_VIS long               stol  (const wstring& __str, size_t* __idx = 0, int __base = 10);
        -: 4111:_LIBCPP_FUNC_VIS unsigned long      stoul (const wstring& __str, size_t* __idx = 0, int __base = 10);
        -: 4112:_LIBCPP_FUNC_VIS long long          stoll (const wstring& __str, size_t* __idx = 0, int __base = 10);
        -: 4113:_LIBCPP_FUNC_VIS unsigned long long stoull(const wstring& __str, size_t* __idx = 0, int __base = 10);
        -: 4114:
        -: 4115:_LIBCPP_FUNC_VIS float       stof (const wstring& __str, size_t* __idx = 0);
        -: 4116:_LIBCPP_FUNC_VIS double      stod (const wstring& __str, size_t* __idx = 0);
        -: 4117:_LIBCPP_FUNC_VIS long double stold(const wstring& __str, size_t* __idx = 0);
        -: 4118:
        -: 4119:_LIBCPP_FUNC_VIS wstring to_wstring(int __val);
        -: 4120:_LIBCPP_FUNC_VIS wstring to_wstring(unsigned __val);
        -: 4121:_LIBCPP_FUNC_VIS wstring to_wstring(long __val);
        -: 4122:_LIBCPP_FUNC_VIS wstring to_wstring(unsigned long __val);
        -: 4123:_LIBCPP_FUNC_VIS wstring to_wstring(long long __val);
        -: 4124:_LIBCPP_FUNC_VIS wstring to_wstring(unsigned long long __val);
        -: 4125:_LIBCPP_FUNC_VIS wstring to_wstring(float __val);
        -: 4126:_LIBCPP_FUNC_VIS wstring to_wstring(double __val);
        -: 4127:_LIBCPP_FUNC_VIS wstring to_wstring(long double __val);
        -: 4128:
        -: 4129:template<class _CharT, class _Traits, class _Allocator>
        -: 4130:    const typename basic_string<_CharT, _Traits, _Allocator>::size_type
        -: 4131:                   basic_string<_CharT, _Traits, _Allocator>::npos;
        -: 4132:
        -: 4133:template<class _CharT, class _Traits, class _Allocator>
        -: 4134:struct _LIBCPP_TYPE_VIS_ONLY hash<basic_string<_CharT, _Traits, _Allocator> >
        -: 4135:    : public unary_function<basic_string<_CharT, _Traits, _Allocator>, size_t>
        -: 4136:{
        -: 4137:    size_t
        -: 4138:        operator()(const basic_string<_CharT, _Traits, _Allocator>& __val) const _NOEXCEPT;
        -: 4139:};
        -: 4140:
        -: 4141:template<class _CharT, class _Traits, class _Allocator>
        -: 4142:size_t
        -: 4143:hash<basic_string<_CharT, _Traits, _Allocator> >::operator()(
        -: 4144:        const basic_string<_CharT, _Traits, _Allocator>& __val) const _NOEXCEPT
        -: 4145:{
        -: 4146:    return __do_string_hash(__val.data(), __val.data() + __val.size());
        -: 4147:}
        -: 4148:
        -: 4149:template<class _CharT, class _Traits, class _Allocator>
        -: 4150:basic_ostream<_CharT, _Traits>&
        -: 4151:operator<<(basic_ostream<_CharT, _Traits>& __os,
        -: 4152:           const basic_string<_CharT, _Traits, _Allocator>& __str);
        -: 4153:
        -: 4154:template<class _CharT, class _Traits, class _Allocator>
        -: 4155:basic_istream<_CharT, _Traits>&
        -: 4156:operator>>(basic_istream<_CharT, _Traits>& __is,
        -: 4157:           basic_string<_CharT, _Traits, _Allocator>& __str);
        -: 4158:
        -: 4159:template<class _CharT, class _Traits, class _Allocator>
        -: 4160:basic_istream<_CharT, _Traits>&
        -: 4161:getline(basic_istream<_CharT, _Traits>& __is,
        -: 4162:        basic_string<_CharT, _Traits, _Allocator>& __str, _CharT __dlm);
        -: 4163:
        -: 4164:template<class _CharT, class _Traits, class _Allocator>
        -: 4165:inline _LIBCPP_INLINE_VISIBILITY
        -: 4166:basic_istream<_CharT, _Traits>&
        -: 4167:getline(basic_istream<_CharT, _Traits>& __is,
        -: 4168:        basic_string<_CharT, _Traits, _Allocator>& __str);
        -: 4169:
        -: 4170:#ifndef _LIBCPP_HAS_NO_RVALUE_REFERENCES
        -: 4171:
        -: 4172:template<class _CharT, class _Traits, class _Allocator>
        -: 4173:inline _LIBCPP_INLINE_VISIBILITY
        -: 4174:basic_istream<_CharT, _Traits>&
        -: 4175:getline(basic_istream<_CharT, _Traits>&& __is,
        -: 4176:        basic_string<_CharT, _Traits, _Allocator>& __str, _CharT __dlm);
        -: 4177:
        -: 4178:template<class _CharT, class _Traits, class _Allocator>
        -: 4179:inline _LIBCPP_INLINE_VISIBILITY
        -: 4180:basic_istream<_CharT, _Traits>&
        -: 4181:getline(basic_istream<_CharT, _Traits>&& __is,
        -: 4182:        basic_string<_CharT, _Traits, _Allocator>& __str);
        -: 4183:
        -: 4184:#endif  // _LIBCPP_HAS_NO_RVALUE_REFERENCES
        -: 4185:
        -: 4186:#if _LIBCPP_DEBUG_LEVEL >= 2
        -: 4187:
        -: 4188:template<class _CharT, class _Traits, class _Allocator>
        -: 4189:bool
        -: 4190:basic_string<_CharT, _Traits, _Allocator>::__dereferenceable(const const_iterator* __i) const
        -: 4191:{
        -: 4192:    return this->data() <= _VSTD::__to_raw_pointer(__i->base()) &&
        -: 4193:           _VSTD::__to_raw_pointer(__i->base()) < this->data() + this->size();
        -: 4194:}
        -: 4195:
        -: 4196:template<class _CharT, class _Traits, class _Allocator>
        -: 4197:bool
        -: 4198:basic_string<_CharT, _Traits, _Allocator>::__decrementable(const const_iterator* __i) const
        -: 4199:{
        -: 4200:    return this->data() < _VSTD::__to_raw_pointer(__i->base()) &&
        -: 4201:           _VSTD::__to_raw_pointer(__i->base()) <= this->data() + this->size();
        -: 4202:}
        -: 4203:
        -: 4204:template<class _CharT, class _Traits, class _Allocator>
        -: 4205:bool
        -: 4206:basic_string<_CharT, _Traits, _Allocator>::__addable(const const_iterator* __i, ptrdiff_t __n) const
        -: 4207:{
        -: 4208:    const value_type* __p = _VSTD::__to_raw_pointer(__i->base()) + __n;
        -: 4209:    return this->data() <= __p && __p <= this->data() + this->size();
        -: 4210:}
        -: 4211:
        -: 4212:template<class _CharT, class _Traits, class _Allocator>
        -: 4213:bool
        -: 4214:basic_string<_CharT, _Traits, _Allocator>::__subscriptable(const const_iterator* __i, ptrdiff_t __n) const
        -: 4215:{
        -: 4216:    const value_type* __p = _VSTD::__to_raw_pointer(__i->base()) + __n;
        -: 4217:    return this->data() <= __p && __p < this->data() + this->size();
        -: 4218:}
        -: 4219:
        -: 4220:#endif  // _LIBCPP_DEBUG_LEVEL >= 2
        -: 4221:
        -: 4222:#if _LIBCPP_STD_VER > 11 
        -: 4223:// Literal suffixes for basic_string [basic.string.literals]
        -: 4224:inline namespace literals
        -: 4225:{
        -: 4226:  inline namespace string_literals
        -: 4227:  {
        -: 4228:    inline _LIBCPP_INLINE_VISIBILITY
        -: 4229:    basic_string<char> operator "" s( const char *__str, size_t __len )
        -: 4230:    {
        -: 4231:        return basic_string<char> (__str, __len);
        -: 4232:    }
        -: 4233:
        -: 4234:    inline _LIBCPP_INLINE_VISIBILITY
        -: 4235:    basic_string<wchar_t> operator "" s( const wchar_t *__str, size_t __len )
        -: 4236:    {
        -: 4237:        return basic_string<wchar_t> (__str, __len);
        -: 4238:    }
        -: 4239:
        -: 4240:    inline _LIBCPP_INLINE_VISIBILITY
        -: 4241:    basic_string<char16_t> operator "" s( const char16_t *__str, size_t __len )
        -: 4242:    {
        -: 4243:        return basic_string<char16_t> (__str, __len);
        -: 4244:    }
        -: 4245:
        -: 4246:    inline _LIBCPP_INLINE_VISIBILITY
        -: 4247:    basic_string<char32_t> operator "" s( const char32_t *__str, size_t __len )
        -: 4248:    {
        -: 4249:        return basic_string<char32_t> (__str, __len);
        -: 4250:    }
        -: 4251:  }
        -: 4252:}
        -: 4253:#endif
        -: 4254:
        -: 4255:_LIBCPP_EXTERN_TEMPLATE(class _LIBCPP_TYPE_VIS basic_string<char>)
        -: 4256:_LIBCPP_EXTERN_TEMPLATE(class _LIBCPP_TYPE_VIS basic_string<wchar_t>)
        -: 4257:_LIBCPP_EXTERN_TEMPLATE(string operator+<char, char_traits<char>, allocator<char> >(char const*, string const&))
        -: 4258:
        -: 4259:_LIBCPP_END_NAMESPACE_STD
        -: 4260:
        -: 4261:#endif  // _LIBCPP_STRING
